<?xml version="1.0" encoding="UTF-8"?>
<testsuites name="TestSuiteAssistenza" time="1159.518" tests="16" failures="0" skips="0" errors="0">
   <testsuite name="TestSuiteAssistenza" tests="16" failures="0" errors="0" time="1159.518" skips="0" timestamp="2021-02-01 13:09:49" hostname="vinny - LAPTOP-RE4EIHP2" id="Test Suites/TestSuiteAssistenza">
      <properties>
         <property name="deviceName" value=""/>
         <property name="devicePlatform" value=""/>
         <property name="logFolder" value="C:\\Users\\vinny\\Documents\\GitHub\\NewDM\\NewDMKatalon\\Reports\\20210201_130944\\TestSuiteAssistenza\\20210201_130944"/>
         <property name="logFiles" value="C:\\Users\\vinny\\Documents\\GitHub\\NewDM\\NewDMKatalon\\Reports\\20210201_130944\\TestSuiteAssistenza\\20210201_130944\\execution0.log"/>
         <property name="attachments" value=""/>
         <property name="hostName" value="vinny - LAPTOP-RE4EIHP2"/>
         <property name="hostAddress" value="192.168.43.108"/>
         <property name="desiredCapabilities" value="{}"/>
         <property name="os" value="Windows 10 64bit"/>
         <property name="katalonVersion" value="7.9.0.208"/>
      </properties>
      <testcase name="Test Cases/TC_A_1_1" time="53.128" classname="Test Cases/TC_A_1_1" status="PASSED">
         <system-out><![CDATA[2021-02-01 13:09:51 - [TEST_CASE][PASSED] - Test Cases/TC_A_1_1: Test Cases/TC_A_1_1

2021-02-01 13:09:51 - [TEST_STEP][PASSED] - callTestCase(findTestCase("BeforeAssistenza"), [:], STOP_ON_FAILURE): Call Test Case 'Test Cases/BeforeAssistenza' successfully

2021-02-01 13:09:52 - [TEST_CASE][PASSED] - Test Cases/BeforeAssistenza: Test Cases/BeforeAssistenza

2021-02-01 13:09:52 - [TEST_STEP][PASSED] - startApplicationWithTitle("C:\Users\vinny\Documents\GitHub\NewDM\JAVA\NewDMApp\out\artifacts\NewDMApp\bundles\NewDMApp\NewDMApp.exe", ""): The application at location: C:\Users\vinny\Documents\GitHub\NewDM\JAVA\NewDMApp\out\artifacts\NewDMApp\bundles\NewDMApp\NewDMApp.exe started.

2021-02-01 13:09:53 - [MESSAGE][INFO] - Starting application C:\Users\vinny\Documents\GitHub\NewDM\JAVA\NewDMApp\out\artifacts\NewDMApp\bundles\NewDMApp\NewDMApp.exe on the local machine at address http://127.0.0.1:4723

2021-02-01 13:09:57 - [MESSAGE][PASSED] - The application at location: C:\Users\vinny\Documents\GitHub\NewDM\JAVA\NewDMApp\out\artifacts\NewDMApp\bundles\NewDMApp\NewDMApp.exe started.

2021-02-01 13:09:57 - [TEST_STEP][PASSED] - click(findWindowsObject("Object Repository/Assistenza")): Click on element: Object Repository/Assistenza succesfully

2021-02-01 13:09:58 - [MESSAGE][INFO] - Clicking on element: Object Repository/Assistenza

2021-02-01 13:09:58 - [MESSAGE][PASSED] - Click on element: Object Repository/Assistenza succesfully

2021-02-01 13:09:58 - [TEST_STEP][PASSED] - click(findWindowsObject("Object Repository/CodUtenteLogIn")): Click on element: Object Repository/CodUtenteLogIn succesfully

2021-02-01 13:09:59 - [MESSAGE][INFO] - Clicking on element: Object Repository/CodUtenteLogIn

2021-02-01 13:09:59 - [MESSAGE][PASSED] - Click on element: Object Repository/CodUtenteLogIn succesfully

2021-02-01 13:09:59 - [TEST_STEP][PASSED] - setText(findWindowsObject("Object Repository/CodUtenteLogInText"), "cirofu"): Text cirofu is set

2021-02-01 13:10:01 - [MESSAGE][PASSED] - Text cirofu is set

2021-02-01 13:10:01 - [TEST_STEP][PASSED] - click(findWindowsObject("Object Repository/PasswordLogIn")): Click on element: Object Repository/PasswordLogIn succesfully

2021-02-01 13:10:02 - [MESSAGE][INFO] - Clicking on element: Object Repository/PasswordLogIn

2021-02-01 13:10:02 - [MESSAGE][PASSED] - Click on element: Object Repository/PasswordLogIn succesfully

2021-02-01 13:10:02 - [TEST_STEP][PASSED] - setText(findWindowsObject("Object Repository/PasswordLogInText"), "cirofu"): Text cirofu is set

2021-02-01 13:10:04 - [MESSAGE][PASSED] - Text cirofu is set

2021-02-01 13:10:04 - [TEST_STEP][PASSED] - click(findWindowsObject("Object Repository/AccediLogin")): Click on element: Object Repository/AccediLogin succesfully

2021-02-01 13:10:04 - [MESSAGE][INFO] - Clicking on element: Object Repository/AccediLogin

2021-02-01 13:10:05 - [MESSAGE][PASSED] - Click on element: Object Repository/AccediLogin succesfully

2021-02-01 13:10:05 - [MESSAGE][PASSED] - Call Test Case 'Test Cases/BeforeAssistenza' successfully

2021-02-01 13:10:05 - [TEST_STEP][PASSED] - click(findWindowsObject("Object Repository/NomeCognomeAssistenza")): Click on element: Object Repository/NomeCognomeAssistenza succesfully

2021-02-01 13:10:06 - [MESSAGE][INFO] - Clicking on element: Object Repository/NomeCognomeAssistenza

2021-02-01 13:10:07 - [MESSAGE][PASSED] - Click on element: Object Repository/NomeCognomeAssistenza succesfully

2021-02-01 13:10:07 - [TEST_STEP][PASSED] - setText(findWindowsObject("Object Repository/NomeCognomeAssistenzaText"), "a"): Text a is set

2021-02-01 13:10:09 - [MESSAGE][PASSED] - Text a is set

2021-02-01 13:10:09 - [TEST_STEP][PASSED] - click(findWindowsObject("Object Repository/AvantiAssistenza")): Click on element: Object Repository/AvantiAssistenza succesfully

2021-02-01 13:10:10 - [MESSAGE][INFO] - Clicking on element: Object Repository/AvantiAssistenza

2021-02-01 13:10:10 - [MESSAGE][PASSED] - Click on element: Object Repository/AvantiAssistenza succesfully

2021-02-01 13:10:10 - [TEST_STEP][PASSED] - switchToWindowTitle("Errore"): Switch to window 'Errore' successfully

2021-02-01 13:10:10 - [MESSAGE][INFO] - Start finding a window that matches with title 'Errore' in 120.000 millisecond(s)

2021-02-01 13:10:43 - [MESSAGE][PASSED] - Switch to window 'Errore' successfully

2021-02-01 13:10:43 - [TEST_STEP][PASSED] - text = getText(findWindowsObject("Object Repository/MessaggioErrore")): Text of test object: Object Repository/MessaggioErrore is: Inserire nome e cognome validi

2021-02-01 13:10:44 - [MESSAGE][PASSED] - Text of test object: Object Repository/MessaggioErrore is: Inserire nome e cognome validi

2021-02-01 13:10:44 - [TEST_STEP][PASSED] - assert text == "Inserire nome e cognome validi": null

2021-02-01 13:10:44 - [TEST_STEP][PASSED] - closeApplication(): Fire Close event sucessfully.

2021-02-01 13:10:44 - [MESSAGE][PASSED] - Fire Close event sucessfully.]]></system-out>
         <system-err><![CDATA[]]></system-err>
      </testcase>
      <testcase name="Test Cases/TC_A_1_2" time="49.975" classname="Test Cases/TC_A_1_2" status="PASSED">
         <system-out><![CDATA[2021-02-01 13:10:44 - [TEST_CASE][PASSED] - Test Cases/TC_A_1_2: Test Cases/TC_A_1_2

2021-02-01 13:10:44 - [TEST_STEP][PASSED] - callTestCase(findTestCase("BeforeAssistenza"), [:], STOP_ON_FAILURE): Call Test Case 'Test Cases/BeforeAssistenza' successfully

2021-02-01 13:10:44 - [TEST_CASE][PASSED] - Test Cases/BeforeAssistenza: Test Cases/BeforeAssistenza

2021-02-01 13:10:44 - [TEST_STEP][PASSED] - startApplicationWithTitle("C:\Users\vinny\Documents\GitHub\NewDM\JAVA\NewDMApp\out\artifacts\NewDMApp\bundles\NewDMApp\NewDMApp.exe", ""): The application at location: C:\Users\vinny\Documents\GitHub\NewDM\JAVA\NewDMApp\out\artifacts\NewDMApp\bundles\NewDMApp\NewDMApp.exe started.

2021-02-01 13:10:44 - [MESSAGE][INFO] - Starting application C:\Users\vinny\Documents\GitHub\NewDM\JAVA\NewDMApp\out\artifacts\NewDMApp\bundles\NewDMApp\NewDMApp.exe on the local machine at address http://127.0.0.1:4723

2021-02-01 13:10:46 - [MESSAGE][PASSED] - The application at location: C:\Users\vinny\Documents\GitHub\NewDM\JAVA\NewDMApp\out\artifacts\NewDMApp\bundles\NewDMApp\NewDMApp.exe started.

2021-02-01 13:10:46 - [TEST_STEP][PASSED] - click(findWindowsObject("Object Repository/Assistenza")): Click on element: Object Repository/Assistenza succesfully

2021-02-01 13:10:47 - [MESSAGE][INFO] - Clicking on element: Object Repository/Assistenza

2021-02-01 13:10:47 - [MESSAGE][PASSED] - Click on element: Object Repository/Assistenza succesfully

2021-02-01 13:10:47 - [TEST_STEP][PASSED] - click(findWindowsObject("Object Repository/CodUtenteLogIn")): Click on element: Object Repository/CodUtenteLogIn succesfully

2021-02-01 13:10:48 - [MESSAGE][INFO] - Clicking on element: Object Repository/CodUtenteLogIn

2021-02-01 13:10:48 - [MESSAGE][PASSED] - Click on element: Object Repository/CodUtenteLogIn succesfully

2021-02-01 13:10:48 - [TEST_STEP][PASSED] - setText(findWindowsObject("Object Repository/CodUtenteLogInText"), "cirofu"): Text cirofu is set

2021-02-01 13:10:50 - [MESSAGE][PASSED] - Text cirofu is set

2021-02-01 13:10:50 - [TEST_STEP][PASSED] - click(findWindowsObject("Object Repository/PasswordLogIn")): Click on element: Object Repository/PasswordLogIn succesfully

2021-02-01 13:10:51 - [MESSAGE][INFO] - Clicking on element: Object Repository/PasswordLogIn

2021-02-01 13:10:51 - [MESSAGE][PASSED] - Click on element: Object Repository/PasswordLogIn succesfully

2021-02-01 13:10:51 - [TEST_STEP][PASSED] - setText(findWindowsObject("Object Repository/PasswordLogInText"), "cirofu"): Text cirofu is set

2021-02-01 13:10:53 - [MESSAGE][PASSED] - Text cirofu is set

2021-02-01 13:10:53 - [TEST_STEP][PASSED] - click(findWindowsObject("Object Repository/AccediLogin")): Click on element: Object Repository/AccediLogin succesfully

2021-02-01 13:10:53 - [MESSAGE][INFO] - Clicking on element: Object Repository/AccediLogin

2021-02-01 13:10:54 - [MESSAGE][PASSED] - Click on element: Object Repository/AccediLogin succesfully

2021-02-01 13:10:54 - [MESSAGE][PASSED] - Call Test Case 'Test Cases/BeforeAssistenza' successfully

2021-02-01 13:10:54 - [TEST_STEP][PASSED] - click(findWindowsObject("Object Repository/NomeCognomeAssistenza")): Click on element: Object Repository/NomeCognomeAssistenza succesfully

2021-02-01 13:10:55 - [MESSAGE][INFO] - Clicking on element: Object Repository/NomeCognomeAssistenza

2021-02-01 13:10:55 - [MESSAGE][PASSED] - Click on element: Object Repository/NomeCognomeAssistenza succesfully

2021-02-01 13:10:55 - [TEST_STEP][PASSED] - setText(findWindowsObject("Object Repository/NomeCognomeAssistenzaText"), "Franco Cirillo"): Text Franco Cirillo is set

2021-02-01 13:10:58 - [MESSAGE][PASSED] - Text Franco Cirillo is set

2021-02-01 13:10:58 - [TEST_STEP][PASSED] - click(findWindowsObject("Object Repository/IndirizzoAssistenza")): Click on element: Object Repository/IndirizzoAssistenza succesfully

2021-02-01 13:10:59 - [MESSAGE][INFO] - Clicking on element: Object Repository/IndirizzoAssistenza

2021-02-01 13:10:59 - [MESSAGE][PASSED] - Click on element: Object Repository/IndirizzoAssistenza succesfully

2021-02-01 13:10:59 - [TEST_STEP][PASSED] - setText(findWindowsObject("Object Repository/IndirizzoAssistenzaText"), "V"): Text V is set

2021-02-01 13:11:02 - [MESSAGE][PASSED] - Text V is set

2021-02-01 13:11:02 - [TEST_STEP][PASSED] - click(findWindowsObject("Object Repository/AvantiAssistenza")): Click on element: Object Repository/AvantiAssistenza succesfully

2021-02-01 13:11:03 - [MESSAGE][INFO] - Clicking on element: Object Repository/AvantiAssistenza

2021-02-01 13:11:03 - [MESSAGE][PASSED] - Click on element: Object Repository/AvantiAssistenza succesfully

2021-02-01 13:11:03 - [TEST_STEP][PASSED] - switchToWindowTitle("Errore"): Switch to window 'Errore' successfully

2021-02-01 13:11:03 - [MESSAGE][INFO] - Start finding a window that matches with title 'Errore' in 120.000 millisecond(s)

2021-02-01 13:11:33 - [MESSAGE][PASSED] - Switch to window 'Errore' successfully

2021-02-01 13:11:33 - [TEST_STEP][PASSED] - text = getText(findWindowsObject("Object Repository/MessaggioErrore")): Text of test object: Object Repository/MessaggioErrore is: Inserire un indirizzo valido

2021-02-01 13:11:34 - [MESSAGE][PASSED] - Text of test object: Object Repository/MessaggioErrore is: Inserire un indirizzo valido

2021-02-01 13:11:34 - [TEST_STEP][PASSED] - assert text == "Inserire un indirizzo valido": null

2021-02-01 13:11:34 - [TEST_STEP][PASSED] - closeApplication(): Fire Close event sucessfully.

2021-02-01 13:11:34 - [MESSAGE][PASSED] - Fire Close event sucessfully.]]></system-out>
         <system-err><![CDATA[]]></system-err>
      </testcase>
      <testcase name="Test Cases/TC_A_1_10" time="74.188" classname="Test Cases/TC_A_1_10" status="PASSED">
         <system-out><![CDATA[2021-02-01 13:11:34 - [TEST_CASE][PASSED] - Test Cases/TC_A_1_10: Test Cases/TC_A_1_10

2021-02-01 13:11:34 - [TEST_STEP][PASSED] - callTestCase(findTestCase("BeforeAssistenza"), [:], STOP_ON_FAILURE): Call Test Case 'Test Cases/BeforeAssistenza' successfully

2021-02-01 13:11:34 - [TEST_CASE][PASSED] - Test Cases/BeforeAssistenza: Test Cases/BeforeAssistenza

2021-02-01 13:11:34 - [TEST_STEP][PASSED] - startApplicationWithTitle("C:\Users\vinny\Documents\GitHub\NewDM\JAVA\NewDMApp\out\artifacts\NewDMApp\bundles\NewDMApp\NewDMApp.exe", ""): The application at location: C:\Users\vinny\Documents\GitHub\NewDM\JAVA\NewDMApp\out\artifacts\NewDMApp\bundles\NewDMApp\NewDMApp.exe started.

2021-02-01 13:11:34 - [MESSAGE][INFO] - Starting application C:\Users\vinny\Documents\GitHub\NewDM\JAVA\NewDMApp\out\artifacts\NewDMApp\bundles\NewDMApp\NewDMApp.exe on the local machine at address http://127.0.0.1:4723

2021-02-01 13:11:36 - [MESSAGE][PASSED] - The application at location: C:\Users\vinny\Documents\GitHub\NewDM\JAVA\NewDMApp\out\artifacts\NewDMApp\bundles\NewDMApp\NewDMApp.exe started.

2021-02-01 13:11:36 - [TEST_STEP][PASSED] - click(findWindowsObject("Object Repository/Assistenza")): Click on element: Object Repository/Assistenza succesfully

2021-02-01 13:11:37 - [MESSAGE][INFO] - Clicking on element: Object Repository/Assistenza

2021-02-01 13:11:37 - [MESSAGE][PASSED] - Click on element: Object Repository/Assistenza succesfully

2021-02-01 13:11:37 - [TEST_STEP][PASSED] - click(findWindowsObject("Object Repository/CodUtenteLogIn")): Click on element: Object Repository/CodUtenteLogIn succesfully

2021-02-01 13:11:37 - [MESSAGE][INFO] - Clicking on element: Object Repository/CodUtenteLogIn

2021-02-01 13:11:38 - [MESSAGE][PASSED] - Click on element: Object Repository/CodUtenteLogIn succesfully

2021-02-01 13:11:38 - [TEST_STEP][PASSED] - setText(findWindowsObject("Object Repository/CodUtenteLogInText"), "cirofu"): Text cirofu is set

2021-02-01 13:11:40 - [MESSAGE][PASSED] - Text cirofu is set

2021-02-01 13:11:40 - [TEST_STEP][PASSED] - click(findWindowsObject("Object Repository/PasswordLogIn")): Click on element: Object Repository/PasswordLogIn succesfully

2021-02-01 13:11:40 - [MESSAGE][INFO] - Clicking on element: Object Repository/PasswordLogIn

2021-02-01 13:11:41 - [MESSAGE][PASSED] - Click on element: Object Repository/PasswordLogIn succesfully

2021-02-01 13:11:41 - [TEST_STEP][PASSED] - setText(findWindowsObject("Object Repository/PasswordLogInText"), "cirofu"): Text cirofu is set

2021-02-01 13:11:43 - [MESSAGE][PASSED] - Text cirofu is set

2021-02-01 13:11:43 - [TEST_STEP][PASSED] - click(findWindowsObject("Object Repository/AccediLogin")): Click on element: Object Repository/AccediLogin succesfully

2021-02-01 13:11:43 - [MESSAGE][INFO] - Clicking on element: Object Repository/AccediLogin

2021-02-01 13:11:44 - [MESSAGE][PASSED] - Click on element: Object Repository/AccediLogin succesfully

2021-02-01 13:11:44 - [MESSAGE][PASSED] - Call Test Case 'Test Cases/BeforeAssistenza' successfully

2021-02-01 13:11:44 - [TEST_STEP][PASSED] - click(findWindowsObject("Object Repository/NomeCognomeAssistenza")): Click on element: Object Repository/NomeCognomeAssistenza succesfully

2021-02-01 13:11:45 - [MESSAGE][INFO] - Clicking on element: Object Repository/NomeCognomeAssistenza

2021-02-01 13:11:45 - [MESSAGE][PASSED] - Click on element: Object Repository/NomeCognomeAssistenza succesfully

2021-02-01 13:11:45 - [TEST_STEP][PASSED] - setText(findWindowsObject("Object Repository/NomeCognomeAssistenzaText"), "Franco Cirillo"): Text Franco Cirillo is set

2021-02-01 13:11:48 - [MESSAGE][PASSED] - Text Franco Cirillo is set

2021-02-01 13:11:48 - [TEST_STEP][PASSED] - click(findWindowsObject("Object Repository/IndirizzoAssistenza")): Click on element: Object Repository/IndirizzoAssistenza succesfully

2021-02-01 13:11:49 - [MESSAGE][INFO] - Clicking on element: Object Repository/IndirizzoAssistenza

2021-02-01 13:11:49 - [MESSAGE][PASSED] - Click on element: Object Repository/IndirizzoAssistenza succesfully

2021-02-01 13:11:49 - [TEST_STEP][PASSED] - setText(findWindowsObject("Object Repository/IndirizzoAssistenzaText"), "Via Roma"): Text Via Roma is set

2021-02-01 13:11:52 - [MESSAGE][PASSED] - Text Via Roma is set

2021-02-01 13:11:52 - [TEST_STEP][PASSED] - click(findWindowsObject("TelefonoClienteAssistenza")): Click on element: Object Repository/TelefonoClienteAssistenza succesfully

2021-02-01 13:11:53 - [MESSAGE][INFO] - Clicking on element: Object Repository/TelefonoClienteAssistenza

2021-02-01 13:11:53 - [MESSAGE][PASSED] - Click on element: Object Repository/TelefonoClienteAssistenza succesfully

2021-02-01 13:11:53 - [TEST_STEP][PASSED] - setText(findWindowsObject("Object Repository/TelefonoClienteAssistenzaText"), "0123456789"): Text 0123456789 is set

2021-02-01 13:11:56 - [MESSAGE][PASSED] - Text 0123456789 is set

2021-02-01 13:11:56 - [TEST_STEP][PASSED] - click(findWindowsObject("NomeProdottoAssistenza")): Click on element: Object Repository/NomeProdottoAssistenza succesfully

2021-02-01 13:11:57 - [MESSAGE][INFO] - Clicking on element: Object Repository/NomeProdottoAssistenza

2021-02-01 13:11:57 - [MESSAGE][PASSED] - Click on element: Object Repository/NomeProdottoAssistenza succesfully

2021-02-01 13:11:57 - [TEST_STEP][PASSED] - setText(findWindowsObject("Object Repository/NomeProdottoAssistenzaText"), "Notebook Asus"): Text Notebook Asus is set

2021-02-01 13:12:00 - [MESSAGE][PASSED] - Text Notebook Asus is set

2021-02-01 13:12:00 - [TEST_STEP][PASSED] - click(findWindowsObject("TipoProdottoAssistenza")): Click on element: Object Repository/TipoProdottoAssistenza succesfully

2021-02-01 13:12:01 - [MESSAGE][INFO] - Clicking on element: Object Repository/TipoProdottoAssistenza

2021-02-01 13:12:02 - [MESSAGE][PASSED] - Click on element: Object Repository/TipoProdottoAssistenza succesfully

2021-02-01 13:12:02 - [TEST_STEP][PASSED] - setText(findWindowsObject("Object Repository/TipoProdottoAssistenzaText"), "Computer"): Text Computer is set

2021-02-01 13:12:05 - [MESSAGE][PASSED] - Text Computer is set

2021-02-01 13:12:05 - [TEST_STEP][PASSED] - click(findWindowsObject("CodProdottoAssistenza")): Click on element: Object Repository/CodProdottoAssistenza succesfully

2021-02-01 13:12:05 - [MESSAGE][INFO] - Clicking on element: Object Repository/CodProdottoAssistenza

2021-02-01 13:12:06 - [MESSAGE][PASSED] - Click on element: Object Repository/CodProdottoAssistenza succesfully

2021-02-01 13:12:06 - [TEST_STEP][PASSED] - setText(findWindowsObject("CodProdottoAssistenzaText"), "1000000000001"): Text 1000000000001 is set

2021-02-01 13:12:09 - [MESSAGE][PASSED] - Text 1000000000001 is set

2021-02-01 13:12:09 - [TEST_STEP][PASSED] - click(findWindowsObject("NumSerieAssistenza")): Click on element: Object Repository/NumSerieAssistenza succesfully

2021-02-01 13:12:10 - [MESSAGE][INFO] - Clicking on element: Object Repository/NumSerieAssistenza

2021-02-01 13:12:10 - [MESSAGE][PASSED] - Click on element: Object Repository/NumSerieAssistenza succesfully

2021-02-01 13:12:10 - [TEST_STEP][PASSED] - setText(findWindowsObject("NumSerieAssistenzaText"), "x"): Text x is set

2021-02-01 13:12:12 - [MESSAGE][PASSED] - Text x is set

2021-02-01 13:12:12 - [TEST_STEP][PASSED] - click(findWindowsObject("Object Repository/AvantiAssistenza")): Click on element: Object Repository/AvantiAssistenza succesfully

2021-02-01 13:12:13 - [MESSAGE][INFO] - Clicking on element: Object Repository/AvantiAssistenza

2021-02-01 13:12:14 - [MESSAGE][PASSED] - Click on element: Object Repository/AvantiAssistenza succesfully

2021-02-01 13:12:14 - [TEST_STEP][PASSED] - switchToWindowTitle("Errore"): Switch to window 'Errore' successfully

2021-02-01 13:12:14 - [MESSAGE][INFO] - Start finding a window that matches with title 'Errore' in 120.000 millisecond(s)

2021-02-01 13:12:47 - [MESSAGE][PASSED] - Switch to window 'Errore' successfully

2021-02-01 13:12:47 - [TEST_STEP][PASSED] - text = getText(findWindowsObject("Object Repository/MessaggioErrore")): Text of test object: Object Repository/MessaggioErrore is: Inserire un numero di serie valido

2021-02-01 13:12:48 - [MESSAGE][PASSED] - Text of test object: Object Repository/MessaggioErrore is: Inserire un numero di serie valido

2021-02-01 13:12:48 - [TEST_STEP][PASSED] - assert text == "Inserire un numero di serie valido": null

2021-02-01 13:12:48 - [TEST_STEP][PASSED] - closeApplication(): Fire Close event sucessfully.

2021-02-01 13:12:48 - [MESSAGE][PASSED] - Fire Close event sucessfully.]]></system-out>
         <system-err><![CDATA[]]></system-err>
      </testcase>
      <testcase name="Test Cases/TC_A_1_11" time="81.161" classname="Test Cases/TC_A_1_11" status="PASSED">
         <system-out><![CDATA[2021-02-01 13:12:48 - [TEST_CASE][PASSED] - Test Cases/TC_A_1_11: Test Cases/TC_A_1_11

2021-02-01 13:12:49 - [TEST_STEP][PASSED] - callTestCase(findTestCase("BeforeAssistenza"), [:], STOP_ON_FAILURE): Call Test Case 'Test Cases/BeforeAssistenza' successfully

2021-02-01 13:12:49 - [TEST_CASE][PASSED] - Test Cases/BeforeAssistenza: Test Cases/BeforeAssistenza

2021-02-01 13:12:49 - [TEST_STEP][PASSED] - startApplicationWithTitle("C:\Users\vinny\Documents\GitHub\NewDM\JAVA\NewDMApp\out\artifacts\NewDMApp\bundles\NewDMApp\NewDMApp.exe", ""): The application at location: C:\Users\vinny\Documents\GitHub\NewDM\JAVA\NewDMApp\out\artifacts\NewDMApp\bundles\NewDMApp\NewDMApp.exe started.

2021-02-01 13:12:49 - [MESSAGE][INFO] - Starting application C:\Users\vinny\Documents\GitHub\NewDM\JAVA\NewDMApp\out\artifacts\NewDMApp\bundles\NewDMApp\NewDMApp.exe on the local machine at address http://127.0.0.1:4723

2021-02-01 13:12:50 - [MESSAGE][PASSED] - The application at location: C:\Users\vinny\Documents\GitHub\NewDM\JAVA\NewDMApp\out\artifacts\NewDMApp\bundles\NewDMApp\NewDMApp.exe started.

2021-02-01 13:12:50 - [TEST_STEP][PASSED] - click(findWindowsObject("Object Repository/Assistenza")): Click on element: Object Repository/Assistenza succesfully

2021-02-01 13:12:51 - [MESSAGE][INFO] - Clicking on element: Object Repository/Assistenza

2021-02-01 13:12:51 - [MESSAGE][PASSED] - Click on element: Object Repository/Assistenza succesfully

2021-02-01 13:12:51 - [TEST_STEP][PASSED] - click(findWindowsObject("Object Repository/CodUtenteLogIn")): Click on element: Object Repository/CodUtenteLogIn succesfully

2021-02-01 13:12:52 - [MESSAGE][INFO] - Clicking on element: Object Repository/CodUtenteLogIn

2021-02-01 13:12:52 - [MESSAGE][PASSED] - Click on element: Object Repository/CodUtenteLogIn succesfully

2021-02-01 13:12:52 - [TEST_STEP][PASSED] - setText(findWindowsObject("Object Repository/CodUtenteLogInText"), "cirofu"): Text cirofu is set

2021-02-01 13:12:54 - [MESSAGE][PASSED] - Text cirofu is set

2021-02-01 13:12:54 - [TEST_STEP][PASSED] - click(findWindowsObject("Object Repository/PasswordLogIn")): Click on element: Object Repository/PasswordLogIn succesfully

2021-02-01 13:12:55 - [MESSAGE][INFO] - Clicking on element: Object Repository/PasswordLogIn

2021-02-01 13:12:55 - [MESSAGE][PASSED] - Click on element: Object Repository/PasswordLogIn succesfully

2021-02-01 13:12:55 - [TEST_STEP][PASSED] - setText(findWindowsObject("Object Repository/PasswordLogInText"), "cirofu"): Text cirofu is set

2021-02-01 13:12:57 - [MESSAGE][PASSED] - Text cirofu is set

2021-02-01 13:12:57 - [TEST_STEP][PASSED] - click(findWindowsObject("Object Repository/AccediLogin")): Click on element: Object Repository/AccediLogin succesfully

2021-02-01 13:12:57 - [MESSAGE][INFO] - Clicking on element: Object Repository/AccediLogin

2021-02-01 13:12:58 - [MESSAGE][PASSED] - Click on element: Object Repository/AccediLogin succesfully

2021-02-01 13:12:58 - [MESSAGE][PASSED] - Call Test Case 'Test Cases/BeforeAssistenza' successfully

2021-02-01 13:12:58 - [TEST_STEP][PASSED] - click(findWindowsObject("Object Repository/NomeCognomeAssistenza")): Click on element: Object Repository/NomeCognomeAssistenza succesfully

2021-02-01 13:12:59 - [MESSAGE][INFO] - Clicking on element: Object Repository/NomeCognomeAssistenza

2021-02-01 13:12:59 - [MESSAGE][PASSED] - Click on element: Object Repository/NomeCognomeAssistenza succesfully

2021-02-01 13:12:59 - [TEST_STEP][PASSED] - setText(findWindowsObject("Object Repository/NomeCognomeAssistenzaText"), "Franco Cirillo"): Text Franco Cirillo is set

2021-02-01 13:13:03 - [MESSAGE][PASSED] - Text Franco Cirillo is set

2021-02-01 13:13:03 - [TEST_STEP][PASSED] - click(findWindowsObject("Object Repository/IndirizzoAssistenza")): Click on element: Object Repository/IndirizzoAssistenza succesfully

2021-02-01 13:13:04 - [MESSAGE][INFO] - Clicking on element: Object Repository/IndirizzoAssistenza

2021-02-01 13:13:04 - [MESSAGE][PASSED] - Click on element: Object Repository/IndirizzoAssistenza succesfully

2021-02-01 13:13:04 - [TEST_STEP][PASSED] - setText(findWindowsObject("Object Repository/IndirizzoAssistenzaText"), "Via Roma"): Text Via Roma is set

2021-02-01 13:13:07 - [MESSAGE][PASSED] - Text Via Roma is set

2021-02-01 13:13:07 - [TEST_STEP][PASSED] - click(findWindowsObject("TelefonoClienteAssistenza")): Click on element: Object Repository/TelefonoClienteAssistenza succesfully

2021-02-01 13:13:08 - [MESSAGE][INFO] - Clicking on element: Object Repository/TelefonoClienteAssistenza

2021-02-01 13:13:08 - [MESSAGE][PASSED] - Click on element: Object Repository/TelefonoClienteAssistenza succesfully

2021-02-01 13:13:08 - [TEST_STEP][PASSED] - setText(findWindowsObject("Object Repository/TelefonoClienteAssistenzaText"), "0123456789"): Text 0123456789 is set

2021-02-01 13:13:11 - [MESSAGE][PASSED] - Text 0123456789 is set

2021-02-01 13:13:11 - [TEST_STEP][PASSED] - click(findWindowsObject("NomeProdottoAssistenza")): Click on element: Object Repository/NomeProdottoAssistenza succesfully

2021-02-01 13:13:12 - [MESSAGE][INFO] - Clicking on element: Object Repository/NomeProdottoAssistenza

2021-02-01 13:13:12 - [MESSAGE][PASSED] - Click on element: Object Repository/NomeProdottoAssistenza succesfully

2021-02-01 13:13:12 - [TEST_STEP][PASSED] - setText(findWindowsObject("Object Repository/NomeProdottoAssistenzaText"), "Notebook Asus"): Text Notebook Asus is set

2021-02-01 13:13:16 - [MESSAGE][PASSED] - Text Notebook Asus is set

2021-02-01 13:13:16 - [TEST_STEP][PASSED] - click(findWindowsObject("TipoProdottoAssistenza")): Click on element: Object Repository/TipoProdottoAssistenza succesfully

2021-02-01 13:13:17 - [MESSAGE][INFO] - Clicking on element: Object Repository/TipoProdottoAssistenza

2021-02-01 13:13:18 - [MESSAGE][PASSED] - Click on element: Object Repository/TipoProdottoAssistenza succesfully

2021-02-01 13:13:18 - [TEST_STEP][PASSED] - setText(findWindowsObject("Object Repository/TipoProdottoAssistenzaText"), "Computer"): Text Computer is set

2021-02-01 13:13:21 - [MESSAGE][PASSED] - Text Computer is set

2021-02-01 13:13:21 - [TEST_STEP][PASSED] - click(findWindowsObject("CodProdottoAssistenza")): Click on element: Object Repository/CodProdottoAssistenza succesfully

2021-02-01 13:13:21 - [MESSAGE][INFO] - Clicking on element: Object Repository/CodProdottoAssistenza

2021-02-01 13:13:22 - [MESSAGE][PASSED] - Click on element: Object Repository/CodProdottoAssistenza succesfully

2021-02-01 13:13:22 - [TEST_STEP][PASSED] - setText(findWindowsObject("CodProdottoAssistenzaText"), "1000000000001"): Text 1000000000001 is set

2021-02-01 13:13:25 - [MESSAGE][PASSED] - Text 1000000000001 is set

2021-02-01 13:13:25 - [TEST_STEP][PASSED] - click(findWindowsObject("NumSerieAssistenza")): Click on element: Object Repository/NumSerieAssistenza succesfully

2021-02-01 13:13:26 - [MESSAGE][INFO] - Clicking on element: Object Repository/NumSerieAssistenza

2021-02-01 13:13:26 - [MESSAGE][PASSED] - Click on element: Object Repository/NumSerieAssistenza succesfully

2021-02-01 13:13:26 - [TEST_STEP][PASSED] - setText(findWindowsObject("NumSerieAssistenzaText"), "X1ay07"): Text X1ay07 is set

2021-02-01 13:13:29 - [MESSAGE][PASSED] - Text X1ay07 is set

2021-02-01 13:13:29 - [TEST_STEP][PASSED] - click(findWindowsObject("DataScontrinoAssistenza")): Click on element: Object Repository/DataScontrinoAssistenza succesfully

2021-02-01 13:13:30 - [MESSAGE][INFO] - Clicking on element: Object Repository/DataScontrinoAssistenza

2021-02-01 13:13:31 - [MESSAGE][PASSED] - Click on element: Object Repository/DataScontrinoAssistenza succesfully

2021-02-01 13:13:31 - [TEST_STEP][PASSED] - setText(findWindowsObject("DataScontrinoAssistenzaText"), "12/12/2017"): Text 12/12/2017 is set

2021-02-01 13:13:34 - [MESSAGE][PASSED] - Text 12/12/2017 is set

2021-02-01 13:13:34 - [TEST_STEP][PASSED] - click(findWindowsObject("Object Repository/AvantiAssistenza")): Click on element: Object Repository/AvantiAssistenza succesfully

2021-02-01 13:13:35 - [MESSAGE][INFO] - Clicking on element: Object Repository/AvantiAssistenza

2021-02-01 13:13:35 - [MESSAGE][PASSED] - Click on element: Object Repository/AvantiAssistenza succesfully

2021-02-01 13:13:35 - [TEST_STEP][PASSED] - switchToWindowTitle("Errore"): Switch to window 'Errore' successfully

2021-02-01 13:13:35 - [MESSAGE][INFO] - Start finding a window that matches with title 'Errore' in 120.000 millisecond(s)

2021-02-01 13:14:08 - [MESSAGE][PASSED] - Switch to window 'Errore' successfully

2021-02-01 13:14:08 - [TEST_STEP][PASSED] - text = getText(findWindowsObject("Object Repository/MessaggioErrore")): Text of test object: Object Repository/MessaggioErrore is: Inserire una data valida, non precedente a 2 anni fa e non successiva alla data odierna

2021-02-01 13:14:09 - [MESSAGE][PASSED] - Text of test object: Object Repository/MessaggioErrore is: Inserire una data valida, non precedente a 2 anni fa e non successiva alla data odierna

2021-02-01 13:14:09 - [TEST_STEP][PASSED] - assert text == "Inserire una data valida, non precedente a 2 anni fa e non successiva alla data odierna": null

2021-02-01 13:14:09 - [TEST_STEP][PASSED] - closeApplication(): Fire Close event sucessfully.

2021-02-01 13:14:09 - [MESSAGE][PASSED] - Fire Close event sucessfully.]]></system-out>
         <system-err><![CDATA[]]></system-err>
      </testcase>
      <testcase name="Test Cases/TC_A_1_12" time="82.461" classname="Test Cases/TC_A_1_12" status="PASSED">
         <system-out><![CDATA[2021-02-01 13:14:09 - [TEST_CASE][PASSED] - Test Cases/TC_A_1_12: Test Cases/TC_A_1_12

2021-02-01 13:14:10 - [TEST_STEP][PASSED] - callTestCase(findTestCase("BeforeAssistenza"), [:], STOP_ON_FAILURE): Call Test Case 'Test Cases/BeforeAssistenza' successfully

2021-02-01 13:14:10 - [TEST_CASE][PASSED] - Test Cases/BeforeAssistenza: Test Cases/BeforeAssistenza

2021-02-01 13:14:10 - [TEST_STEP][PASSED] - startApplicationWithTitle("C:\Users\vinny\Documents\GitHub\NewDM\JAVA\NewDMApp\out\artifacts\NewDMApp\bundles\NewDMApp\NewDMApp.exe", ""): The application at location: C:\Users\vinny\Documents\GitHub\NewDM\JAVA\NewDMApp\out\artifacts\NewDMApp\bundles\NewDMApp\NewDMApp.exe started.

2021-02-01 13:14:10 - [MESSAGE][INFO] - Starting application C:\Users\vinny\Documents\GitHub\NewDM\JAVA\NewDMApp\out\artifacts\NewDMApp\bundles\NewDMApp\NewDMApp.exe on the local machine at address http://127.0.0.1:4723

2021-02-01 13:14:11 - [MESSAGE][PASSED] - The application at location: C:\Users\vinny\Documents\GitHub\NewDM\JAVA\NewDMApp\out\artifacts\NewDMApp\bundles\NewDMApp\NewDMApp.exe started.

2021-02-01 13:14:11 - [TEST_STEP][PASSED] - click(findWindowsObject("Object Repository/Assistenza")): Click on element: Object Repository/Assistenza succesfully

2021-02-01 13:14:12 - [MESSAGE][INFO] - Clicking on element: Object Repository/Assistenza

2021-02-01 13:14:12 - [MESSAGE][PASSED] - Click on element: Object Repository/Assistenza succesfully

2021-02-01 13:14:12 - [TEST_STEP][PASSED] - click(findWindowsObject("Object Repository/CodUtenteLogIn")): Click on element: Object Repository/CodUtenteLogIn succesfully

2021-02-01 13:14:13 - [MESSAGE][INFO] - Clicking on element: Object Repository/CodUtenteLogIn

2021-02-01 13:14:13 - [MESSAGE][PASSED] - Click on element: Object Repository/CodUtenteLogIn succesfully

2021-02-01 13:14:13 - [TEST_STEP][PASSED] - setText(findWindowsObject("Object Repository/CodUtenteLogInText"), "cirofu"): Text cirofu is set

2021-02-01 13:14:15 - [MESSAGE][PASSED] - Text cirofu is set

2021-02-01 13:14:15 - [TEST_STEP][PASSED] - click(findWindowsObject("Object Repository/PasswordLogIn")): Click on element: Object Repository/PasswordLogIn succesfully

2021-02-01 13:14:16 - [MESSAGE][INFO] - Clicking on element: Object Repository/PasswordLogIn

2021-02-01 13:14:16 - [MESSAGE][PASSED] - Click on element: Object Repository/PasswordLogIn succesfully

2021-02-01 13:14:16 - [TEST_STEP][PASSED] - setText(findWindowsObject("Object Repository/PasswordLogInText"), "cirofu"): Text cirofu is set

2021-02-01 13:14:18 - [MESSAGE][PASSED] - Text cirofu is set

2021-02-01 13:14:18 - [TEST_STEP][PASSED] - click(findWindowsObject("Object Repository/AccediLogin")): Click on element: Object Repository/AccediLogin succesfully

2021-02-01 13:14:19 - [MESSAGE][INFO] - Clicking on element: Object Repository/AccediLogin

2021-02-01 13:14:19 - [MESSAGE][PASSED] - Click on element: Object Repository/AccediLogin succesfully

2021-02-01 13:14:19 - [MESSAGE][PASSED] - Call Test Case 'Test Cases/BeforeAssistenza' successfully

2021-02-01 13:14:19 - [TEST_STEP][PASSED] - click(findWindowsObject("Object Repository/NomeCognomeAssistenza")): Click on element: Object Repository/NomeCognomeAssistenza succesfully

2021-02-01 13:14:20 - [MESSAGE][INFO] - Clicking on element: Object Repository/NomeCognomeAssistenza

2021-02-01 13:14:21 - [MESSAGE][PASSED] - Click on element: Object Repository/NomeCognomeAssistenza succesfully

2021-02-01 13:14:21 - [TEST_STEP][PASSED] - setText(findWindowsObject("Object Repository/NomeCognomeAssistenzaText"), "Franco Cirillo"): Text Franco Cirillo is set

2021-02-01 13:14:24 - [MESSAGE][PASSED] - Text Franco Cirillo is set

2021-02-01 13:14:24 - [TEST_STEP][PASSED] - click(findWindowsObject("Object Repository/IndirizzoAssistenza")): Click on element: Object Repository/IndirizzoAssistenza succesfully

2021-02-01 13:14:25 - [MESSAGE][INFO] - Clicking on element: Object Repository/IndirizzoAssistenza

2021-02-01 13:14:25 - [MESSAGE][PASSED] - Click on element: Object Repository/IndirizzoAssistenza succesfully

2021-02-01 13:14:25 - [TEST_STEP][PASSED] - setText(findWindowsObject("Object Repository/IndirizzoAssistenzaText"), "Via Roma"): Text Via Roma is set

2021-02-01 13:14:28 - [MESSAGE][PASSED] - Text Via Roma is set

2021-02-01 13:14:28 - [TEST_STEP][PASSED] - click(findWindowsObject("TelefonoClienteAssistenza")): Click on element: Object Repository/TelefonoClienteAssistenza succesfully

2021-02-01 13:14:28 - [MESSAGE][INFO] - Clicking on element: Object Repository/TelefonoClienteAssistenza

2021-02-01 13:14:29 - [MESSAGE][PASSED] - Click on element: Object Repository/TelefonoClienteAssistenza succesfully

2021-02-01 13:14:29 - [TEST_STEP][PASSED] - setText(findWindowsObject("Object Repository/TelefonoClienteAssistenzaText"), "0123456789"): Text 0123456789 is set

2021-02-01 13:14:32 - [MESSAGE][PASSED] - Text 0123456789 is set

2021-02-01 13:14:32 - [TEST_STEP][PASSED] - click(findWindowsObject("NomeProdottoAssistenza")): Click on element: Object Repository/NomeProdottoAssistenza succesfully

2021-02-01 13:14:33 - [MESSAGE][INFO] - Clicking on element: Object Repository/NomeProdottoAssistenza

2021-02-01 13:14:33 - [MESSAGE][PASSED] - Click on element: Object Repository/NomeProdottoAssistenza succesfully

2021-02-01 13:14:33 - [TEST_STEP][PASSED] - setText(findWindowsObject("Object Repository/NomeProdottoAssistenzaText"), "Notebook Asus"): Text Notebook Asus is set

2021-02-01 13:14:36 - [MESSAGE][PASSED] - Text Notebook Asus is set

2021-02-01 13:14:36 - [TEST_STEP][PASSED] - click(findWindowsObject("TipoProdottoAssistenza")): Click on element: Object Repository/TipoProdottoAssistenza succesfully

2021-02-01 13:14:37 - [MESSAGE][INFO] - Clicking on element: Object Repository/TipoProdottoAssistenza

2021-02-01 13:14:37 - [MESSAGE][PASSED] - Click on element: Object Repository/TipoProdottoAssistenza succesfully

2021-02-01 13:14:37 - [TEST_STEP][PASSED] - setText(findWindowsObject("Object Repository/TipoProdottoAssistenzaText"), "Computer"): Text Computer is set

2021-02-01 13:14:40 - [MESSAGE][PASSED] - Text Computer is set

2021-02-01 13:14:40 - [TEST_STEP][PASSED] - click(findWindowsObject("CodProdottoAssistenza")): Click on element: Object Repository/CodProdottoAssistenza succesfully

2021-02-01 13:14:41 - [MESSAGE][INFO] - Clicking on element: Object Repository/CodProdottoAssistenza

2021-02-01 13:14:41 - [MESSAGE][PASSED] - Click on element: Object Repository/CodProdottoAssistenza succesfully

2021-02-01 13:14:41 - [TEST_STEP][PASSED] - setText(findWindowsObject("CodProdottoAssistenzaText"), "1000000000001"): Text 1000000000001 is set

2021-02-01 13:14:44 - [MESSAGE][PASSED] - Text 1000000000001 is set

2021-02-01 13:14:44 - [TEST_STEP][PASSED] - click(findWindowsObject("NumSerieAssistenza")): Click on element: Object Repository/NumSerieAssistenza succesfully

2021-02-01 13:14:45 - [MESSAGE][INFO] - Clicking on element: Object Repository/NumSerieAssistenza

2021-02-01 13:14:45 - [MESSAGE][PASSED] - Click on element: Object Repository/NumSerieAssistenza succesfully

2021-02-01 13:14:45 - [TEST_STEP][PASSED] - setText(findWindowsObject("NumSerieAssistenzaText"), "X1ay07"): Text X1ay07 is set

2021-02-01 13:14:48 - [MESSAGE][PASSED] - Text X1ay07 is set

2021-02-01 13:14:48 - [TEST_STEP][PASSED] - click(findWindowsObject("DataScontrinoAssistenza")): Click on element: Object Repository/DataScontrinoAssistenza succesfully

2021-02-01 13:14:49 - [MESSAGE][INFO] - Clicking on element: Object Repository/DataScontrinoAssistenza

2021-02-01 13:14:49 - [MESSAGE][PASSED] - Click on element: Object Repository/DataScontrinoAssistenza succesfully

2021-02-01 13:14:49 - [TEST_STEP][PASSED] - setText(findWindowsObject("DataScontrinoAssistenzaText"), "12/12/2020"): Text 12/12/2020 is set

2021-02-01 13:14:52 - [MESSAGE][PASSED] - Text 12/12/2020 is set

2021-02-01 13:14:52 - [TEST_STEP][PASSED] - click(findWindowsObject("NumScontrinoAssistenza")): Click on element: Object Repository/NumScontrinoAssistenza succesfully

2021-02-01 13:14:53 - [MESSAGE][INFO] - Clicking on element: Object Repository/NumScontrinoAssistenza

2021-02-01 13:14:53 - [MESSAGE][PASSED] - Click on element: Object Repository/NumScontrinoAssistenza succesfully

2021-02-01 13:14:53 - [TEST_STEP][PASSED] - setText(findWindowsObject("NumScontrinoAssistenzaText"), "aa"): Text aa is set

2021-02-01 13:14:56 - [MESSAGE][PASSED] - Text aa is set

2021-02-01 13:14:56 - [TEST_STEP][PASSED] - click(findWindowsObject("Object Repository/AvantiAssistenza")): Click on element: Object Repository/AvantiAssistenza succesfully

2021-02-01 13:14:57 - [MESSAGE][INFO] - Clicking on element: Object Repository/AvantiAssistenza

2021-02-01 13:14:57 - [MESSAGE][PASSED] - Click on element: Object Repository/AvantiAssistenza succesfully

2021-02-01 13:14:57 - [TEST_STEP][PASSED] - switchToWindowTitle("Errore"): Switch to window 'Errore' successfully

2021-02-01 13:14:57 - [MESSAGE][INFO] - Start finding a window that matches with title 'Errore' in 120.000 millisecond(s)

2021-02-01 13:15:31 - [MESSAGE][PASSED] - Switch to window 'Errore' successfully

2021-02-01 13:15:31 - [TEST_STEP][PASSED] - text = getText(findWindowsObject("Object Repository/MessaggioErrore")): Text of test object: Object Repository/MessaggioErrore is: Inserire un numero di scontrino valido

2021-02-01 13:15:31 - [MESSAGE][PASSED] - Text of test object: Object Repository/MessaggioErrore is: Inserire un numero di scontrino valido

2021-02-01 13:15:31 - [TEST_STEP][PASSED] - assert text == "Inserire un numero di scontrino valido": null

2021-02-01 13:15:31 - [TEST_STEP][PASSED] - closeApplication(): Fire Close event sucessfully.

2021-02-01 13:15:32 - [MESSAGE][PASSED] - Fire Close event sucessfully.]]></system-out>
         <system-err><![CDATA[]]></system-err>
      </testcase>
      <testcase name="Test Cases/TC_A_1_13" time="85.616" classname="Test Cases/TC_A_1_13" status="PASSED">
         <system-out><![CDATA[2021-02-01 13:15:32 - [TEST_CASE][PASSED] - Test Cases/TC_A_1_13: Test Cases/TC_A_1_13

2021-02-01 13:15:32 - [TEST_STEP][PASSED] - callTestCase(findTestCase("BeforeAssistenza"), [:], STOP_ON_FAILURE): Call Test Case 'Test Cases/BeforeAssistenza' successfully

2021-02-01 13:15:32 - [TEST_CASE][PASSED] - Test Cases/BeforeAssistenza: Test Cases/BeforeAssistenza

2021-02-01 13:15:32 - [TEST_STEP][PASSED] - startApplicationWithTitle("C:\Users\vinny\Documents\GitHub\NewDM\JAVA\NewDMApp\out\artifacts\NewDMApp\bundles\NewDMApp\NewDMApp.exe", ""): The application at location: C:\Users\vinny\Documents\GitHub\NewDM\JAVA\NewDMApp\out\artifacts\NewDMApp\bundles\NewDMApp\NewDMApp.exe started.

2021-02-01 13:15:32 - [MESSAGE][INFO] - Starting application C:\Users\vinny\Documents\GitHub\NewDM\JAVA\NewDMApp\out\artifacts\NewDMApp\bundles\NewDMApp\NewDMApp.exe on the local machine at address http://127.0.0.1:4723

2021-02-01 13:15:34 - [MESSAGE][PASSED] - The application at location: C:\Users\vinny\Documents\GitHub\NewDM\JAVA\NewDMApp\out\artifacts\NewDMApp\bundles\NewDMApp\NewDMApp.exe started.

2021-02-01 13:15:34 - [TEST_STEP][PASSED] - click(findWindowsObject("Object Repository/Assistenza")): Click on element: Object Repository/Assistenza succesfully

2021-02-01 13:15:34 - [MESSAGE][INFO] - Clicking on element: Object Repository/Assistenza

2021-02-01 13:15:35 - [MESSAGE][PASSED] - Click on element: Object Repository/Assistenza succesfully

2021-02-01 13:15:35 - [TEST_STEP][PASSED] - click(findWindowsObject("Object Repository/CodUtenteLogIn")): Click on element: Object Repository/CodUtenteLogIn succesfully

2021-02-01 13:15:35 - [MESSAGE][INFO] - Clicking on element: Object Repository/CodUtenteLogIn

2021-02-01 13:15:36 - [MESSAGE][PASSED] - Click on element: Object Repository/CodUtenteLogIn succesfully

2021-02-01 13:15:36 - [TEST_STEP][PASSED] - setText(findWindowsObject("Object Repository/CodUtenteLogInText"), "cirofu"): Text cirofu is set

2021-02-01 13:15:38 - [MESSAGE][PASSED] - Text cirofu is set

2021-02-01 13:15:38 - [TEST_STEP][PASSED] - click(findWindowsObject("Object Repository/PasswordLogIn")): Click on element: Object Repository/PasswordLogIn succesfully

2021-02-01 13:15:38 - [MESSAGE][INFO] - Clicking on element: Object Repository/PasswordLogIn

2021-02-01 13:15:38 - [MESSAGE][PASSED] - Click on element: Object Repository/PasswordLogIn succesfully

2021-02-01 13:15:38 - [TEST_STEP][PASSED] - setText(findWindowsObject("Object Repository/PasswordLogInText"), "cirofu"): Text cirofu is set

2021-02-01 13:15:40 - [MESSAGE][PASSED] - Text cirofu is set

2021-02-01 13:15:40 - [TEST_STEP][PASSED] - click(findWindowsObject("Object Repository/AccediLogin")): Click on element: Object Repository/AccediLogin succesfully

2021-02-01 13:15:41 - [MESSAGE][INFO] - Clicking on element: Object Repository/AccediLogin

2021-02-01 13:15:41 - [MESSAGE][PASSED] - Click on element: Object Repository/AccediLogin succesfully

2021-02-01 13:15:41 - [MESSAGE][PASSED] - Call Test Case 'Test Cases/BeforeAssistenza' successfully

2021-02-01 13:15:41 - [TEST_STEP][PASSED] - click(findWindowsObject("Object Repository/NomeCognomeAssistenza")): Click on element: Object Repository/NomeCognomeAssistenza succesfully

2021-02-01 13:15:43 - [MESSAGE][INFO] - Clicking on element: Object Repository/NomeCognomeAssistenza

2021-02-01 13:15:43 - [MESSAGE][PASSED] - Click on element: Object Repository/NomeCognomeAssistenza succesfully

2021-02-01 13:15:43 - [TEST_STEP][PASSED] - setText(findWindowsObject("Object Repository/NomeCognomeAssistenzaText"), "Franco Cirillo"): Text Franco Cirillo is set

2021-02-01 13:15:46 - [MESSAGE][PASSED] - Text Franco Cirillo is set

2021-02-01 13:15:46 - [TEST_STEP][PASSED] - click(findWindowsObject("Object Repository/IndirizzoAssistenza")): Click on element: Object Repository/IndirizzoAssistenza succesfully

2021-02-01 13:15:47 - [MESSAGE][INFO] - Clicking on element: Object Repository/IndirizzoAssistenza

2021-02-01 13:15:47 - [MESSAGE][PASSED] - Click on element: Object Repository/IndirizzoAssistenza succesfully

2021-02-01 13:15:47 - [TEST_STEP][PASSED] - setText(findWindowsObject("Object Repository/IndirizzoAssistenzaText"), "Via Roma"): Text Via Roma is set

2021-02-01 13:15:50 - [MESSAGE][PASSED] - Text Via Roma is set

2021-02-01 13:15:50 - [TEST_STEP][PASSED] - click(findWindowsObject("TelefonoClienteAssistenza")): Click on element: Object Repository/TelefonoClienteAssistenza succesfully

2021-02-01 13:15:51 - [MESSAGE][INFO] - Clicking on element: Object Repository/TelefonoClienteAssistenza

2021-02-01 13:15:51 - [MESSAGE][PASSED] - Click on element: Object Repository/TelefonoClienteAssistenza succesfully

2021-02-01 13:15:51 - [TEST_STEP][PASSED] - setText(findWindowsObject("Object Repository/TelefonoClienteAssistenzaText"), "0123456789"): Text 0123456789 is set

2021-02-01 13:15:54 - [MESSAGE][PASSED] - Text 0123456789 is set

2021-02-01 13:15:54 - [TEST_STEP][PASSED] - click(findWindowsObject("NomeProdottoAssistenza")): Click on element: Object Repository/NomeProdottoAssistenza succesfully

2021-02-01 13:15:55 - [MESSAGE][INFO] - Clicking on element: Object Repository/NomeProdottoAssistenza

2021-02-01 13:15:55 - [MESSAGE][PASSED] - Click on element: Object Repository/NomeProdottoAssistenza succesfully

2021-02-01 13:15:55 - [TEST_STEP][PASSED] - setText(findWindowsObject("Object Repository/NomeProdottoAssistenzaText"), "Notebook Asus"): Text Notebook Asus is set

2021-02-01 13:15:58 - [MESSAGE][PASSED] - Text Notebook Asus is set

2021-02-01 13:15:58 - [TEST_STEP][PASSED] - click(findWindowsObject("TipoProdottoAssistenza")): Click on element: Object Repository/TipoProdottoAssistenza succesfully

2021-02-01 13:15:59 - [MESSAGE][INFO] - Clicking on element: Object Repository/TipoProdottoAssistenza

2021-02-01 13:15:59 - [MESSAGE][PASSED] - Click on element: Object Repository/TipoProdottoAssistenza succesfully

2021-02-01 13:15:59 - [TEST_STEP][PASSED] - setText(findWindowsObject("Object Repository/TipoProdottoAssistenzaText"), "Computer"): Text Computer is set

2021-02-01 13:16:02 - [MESSAGE][PASSED] - Text Computer is set

2021-02-01 13:16:02 - [TEST_STEP][PASSED] - click(findWindowsObject("CodProdottoAssistenza")): Click on element: Object Repository/CodProdottoAssistenza succesfully

2021-02-01 13:16:03 - [MESSAGE][INFO] - Clicking on element: Object Repository/CodProdottoAssistenza

2021-02-01 13:16:04 - [MESSAGE][PASSED] - Click on element: Object Repository/CodProdottoAssistenza succesfully

2021-02-01 13:16:04 - [TEST_STEP][PASSED] - setText(findWindowsObject("CodProdottoAssistenzaText"), "1000000000001"): Text 1000000000001 is set

2021-02-01 13:16:07 - [MESSAGE][PASSED] - Text 1000000000001 is set

2021-02-01 13:16:07 - [TEST_STEP][PASSED] - click(findWindowsObject("NumSerieAssistenza")): Click on element: Object Repository/NumSerieAssistenza succesfully

2021-02-01 13:16:08 - [MESSAGE][INFO] - Clicking on element: Object Repository/NumSerieAssistenza

2021-02-01 13:16:08 - [MESSAGE][PASSED] - Click on element: Object Repository/NumSerieAssistenza succesfully

2021-02-01 13:16:08 - [TEST_STEP][PASSED] - setText(findWindowsObject("NumSerieAssistenzaText"), "X1ay07"): Text X1ay07 is set

2021-02-01 13:16:11 - [MESSAGE][PASSED] - Text X1ay07 is set

2021-02-01 13:16:11 - [TEST_STEP][PASSED] - click(findWindowsObject("DataScontrinoAssistenza")): Click on element: Object Repository/DataScontrinoAssistenza succesfully

2021-02-01 13:16:11 - [MESSAGE][INFO] - Clicking on element: Object Repository/DataScontrinoAssistenza

2021-02-01 13:16:12 - [MESSAGE][PASSED] - Click on element: Object Repository/DataScontrinoAssistenza succesfully

2021-02-01 13:16:12 - [TEST_STEP][PASSED] - setText(findWindowsObject("DataScontrinoAssistenzaText"), "12/12/2020"): Text 12/12/2020 is set

2021-02-01 13:16:15 - [MESSAGE][PASSED] - Text 12/12/2020 is set

2021-02-01 13:16:15 - [TEST_STEP][PASSED] - click(findWindowsObject("NumScontrinoAssistenza")): Click on element: Object Repository/NumScontrinoAssistenza succesfully

2021-02-01 13:16:15 - [MESSAGE][INFO] - Clicking on element: Object Repository/NumScontrinoAssistenza

2021-02-01 13:16:16 - [MESSAGE][PASSED] - Click on element: Object Repository/NumScontrinoAssistenza succesfully

2021-02-01 13:16:16 - [TEST_STEP][PASSED] - setText(findWindowsObject("NumScontrinoAssistenzaText"), "0"): Text 0 is set

2021-02-01 13:16:18 - [MESSAGE][PASSED] - Text 0 is set

2021-02-01 13:16:18 - [TEST_STEP][PASSED] - click(findWindowsObject("Object Repository/AvantiAssistenza")): Click on element: Object Repository/AvantiAssistenza succesfully

2021-02-01 13:16:19 - [MESSAGE][INFO] - Clicking on element: Object Repository/AvantiAssistenza

2021-02-01 13:16:19 - [MESSAGE][PASSED] - Click on element: Object Repository/AvantiAssistenza succesfully

2021-02-01 13:16:19 - [TEST_STEP][PASSED] - switchToWindowTitle("Errore"): Switch to window 'Errore' successfully

2021-02-01 13:16:19 - [MESSAGE][INFO] - Start finding a window that matches with title 'Errore' in 120.000 millisecond(s)

2021-02-01 13:16:57 - [MESSAGE][PASSED] - Switch to window 'Errore' successfully

2021-02-01 13:16:57 - [TEST_STEP][PASSED] - text = getText(findWindowsObject("Object Repository/MessaggioErrore")): Text of test object: Object Repository/MessaggioErrore is: Inserire un numero di scontrino valido

2021-02-01 13:16:57 - [MESSAGE][PASSED] - Text of test object: Object Repository/MessaggioErrore is: Inserire un numero di scontrino valido

2021-02-01 13:16:57 - [TEST_STEP][PASSED] - assert text == "Inserire un numero di scontrino valido": null

2021-02-01 13:16:57 - [TEST_STEP][PASSED] - closeApplication(): Fire Close event sucessfully.

2021-02-01 13:16:57 - [MESSAGE][PASSED] - Fire Close event sucessfully.]]></system-out>
         <system-err><![CDATA[]]></system-err>
      </testcase>
      <testcase name="Test Cases/TC_A_1_14" time="85.81" classname="Test Cases/TC_A_1_14" status="PASSED">
         <system-out><![CDATA[2021-02-01 13:16:57 - [TEST_CASE][PASSED] - Test Cases/TC_A_1_14: Test Cases/TC_A_1_14

2021-02-01 13:16:58 - [TEST_STEP][PASSED] - callTestCase(findTestCase("BeforeAssistenza"), [:], STOP_ON_FAILURE): Call Test Case 'Test Cases/BeforeAssistenza' successfully

2021-02-01 13:16:58 - [TEST_CASE][PASSED] - Test Cases/BeforeAssistenza: Test Cases/BeforeAssistenza

2021-02-01 13:16:58 - [TEST_STEP][PASSED] - startApplicationWithTitle("C:\Users\vinny\Documents\GitHub\NewDM\JAVA\NewDMApp\out\artifacts\NewDMApp\bundles\NewDMApp\NewDMApp.exe", ""): The application at location: C:\Users\vinny\Documents\GitHub\NewDM\JAVA\NewDMApp\out\artifacts\NewDMApp\bundles\NewDMApp\NewDMApp.exe started.

2021-02-01 13:16:58 - [MESSAGE][INFO] - Starting application C:\Users\vinny\Documents\GitHub\NewDM\JAVA\NewDMApp\out\artifacts\NewDMApp\bundles\NewDMApp\NewDMApp.exe on the local machine at address http://127.0.0.1:4723

2021-02-01 13:17:00 - [MESSAGE][PASSED] - The application at location: C:\Users\vinny\Documents\GitHub\NewDM\JAVA\NewDMApp\out\artifacts\NewDMApp\bundles\NewDMApp\NewDMApp.exe started.

2021-02-01 13:17:00 - [TEST_STEP][PASSED] - click(findWindowsObject("Object Repository/Assistenza")): Click on element: Object Repository/Assistenza succesfully

2021-02-01 13:17:00 - [MESSAGE][INFO] - Clicking on element: Object Repository/Assistenza

2021-02-01 13:17:01 - [MESSAGE][PASSED] - Click on element: Object Repository/Assistenza succesfully

2021-02-01 13:17:01 - [TEST_STEP][PASSED] - click(findWindowsObject("Object Repository/CodUtenteLogIn")): Click on element: Object Repository/CodUtenteLogIn succesfully

2021-02-01 13:17:01 - [MESSAGE][INFO] - Clicking on element: Object Repository/CodUtenteLogIn

2021-02-01 13:17:01 - [MESSAGE][PASSED] - Click on element: Object Repository/CodUtenteLogIn succesfully

2021-02-01 13:17:01 - [TEST_STEP][PASSED] - setText(findWindowsObject("Object Repository/CodUtenteLogInText"), "cirofu"): Text cirofu is set

2021-02-01 13:17:03 - [MESSAGE][PASSED] - Text cirofu is set

2021-02-01 13:17:03 - [TEST_STEP][PASSED] - click(findWindowsObject("Object Repository/PasswordLogIn")): Click on element: Object Repository/PasswordLogIn succesfully

2021-02-01 13:17:04 - [MESSAGE][INFO] - Clicking on element: Object Repository/PasswordLogIn

2021-02-01 13:17:04 - [MESSAGE][PASSED] - Click on element: Object Repository/PasswordLogIn succesfully

2021-02-01 13:17:04 - [TEST_STEP][PASSED] - setText(findWindowsObject("Object Repository/PasswordLogInText"), "cirofu"): Text cirofu is set

2021-02-01 13:17:06 - [MESSAGE][PASSED] - Text cirofu is set

2021-02-01 13:17:06 - [TEST_STEP][PASSED] - click(findWindowsObject("Object Repository/AccediLogin")): Click on element: Object Repository/AccediLogin succesfully

2021-02-01 13:17:07 - [MESSAGE][INFO] - Clicking on element: Object Repository/AccediLogin

2021-02-01 13:17:07 - [MESSAGE][PASSED] - Click on element: Object Repository/AccediLogin succesfully

2021-02-01 13:17:07 - [MESSAGE][PASSED] - Call Test Case 'Test Cases/BeforeAssistenza' successfully

2021-02-01 13:17:07 - [TEST_STEP][PASSED] - click(findWindowsObject("Object Repository/NomeCognomeAssistenza")): Click on element: Object Repository/NomeCognomeAssistenza succesfully

2021-02-01 13:17:08 - [MESSAGE][INFO] - Clicking on element: Object Repository/NomeCognomeAssistenza

2021-02-01 13:17:09 - [MESSAGE][PASSED] - Click on element: Object Repository/NomeCognomeAssistenza succesfully

2021-02-01 13:17:09 - [TEST_STEP][PASSED] - setText(findWindowsObject("Object Repository/NomeCognomeAssistenzaText"), "Franco Cirillo"): Text Franco Cirillo is set

2021-02-01 13:17:12 - [MESSAGE][PASSED] - Text Franco Cirillo is set

2021-02-01 13:17:12 - [TEST_STEP][PASSED] - click(findWindowsObject("Object Repository/IndirizzoAssistenza")): Click on element: Object Repository/IndirizzoAssistenza succesfully

2021-02-01 13:17:13 - [MESSAGE][INFO] - Clicking on element: Object Repository/IndirizzoAssistenza

2021-02-01 13:17:13 - [MESSAGE][PASSED] - Click on element: Object Repository/IndirizzoAssistenza succesfully

2021-02-01 13:17:13 - [TEST_STEP][PASSED] - setText(findWindowsObject("Object Repository/IndirizzoAssistenzaText"), "Via Roma"): Text Via Roma is set

2021-02-01 13:17:16 - [MESSAGE][PASSED] - Text Via Roma is set

2021-02-01 13:17:16 - [TEST_STEP][PASSED] - click(findWindowsObject("TelefonoClienteAssistenza")): Click on element: Object Repository/TelefonoClienteAssistenza succesfully

2021-02-01 13:17:17 - [MESSAGE][INFO] - Clicking on element: Object Repository/TelefonoClienteAssistenza

2021-02-01 13:17:17 - [MESSAGE][PASSED] - Click on element: Object Repository/TelefonoClienteAssistenza succesfully

2021-02-01 13:17:17 - [TEST_STEP][PASSED] - setText(findWindowsObject("Object Repository/TelefonoClienteAssistenzaText"), "0123456789"): Text 0123456789 is set

2021-02-01 13:17:21 - [MESSAGE][PASSED] - Text 0123456789 is set

2021-02-01 13:17:21 - [TEST_STEP][PASSED] - click(findWindowsObject("NomeProdottoAssistenza")): Click on element: Object Repository/NomeProdottoAssistenza succesfully

2021-02-01 13:17:22 - [MESSAGE][INFO] - Clicking on element: Object Repository/NomeProdottoAssistenza

2021-02-01 13:17:22 - [MESSAGE][PASSED] - Click on element: Object Repository/NomeProdottoAssistenza succesfully

2021-02-01 13:17:22 - [TEST_STEP][PASSED] - setText(findWindowsObject("Object Repository/NomeProdottoAssistenzaText"), "Notebook Asus"): Text Notebook Asus is set

2021-02-01 13:17:25 - [MESSAGE][PASSED] - Text Notebook Asus is set

2021-02-01 13:17:25 - [TEST_STEP][PASSED] - click(findWindowsObject("TipoProdottoAssistenza")): Click on element: Object Repository/TipoProdottoAssistenza succesfully

2021-02-01 13:17:26 - [MESSAGE][INFO] - Clicking on element: Object Repository/TipoProdottoAssistenza

2021-02-01 13:17:27 - [MESSAGE][PASSED] - Click on element: Object Repository/TipoProdottoAssistenza succesfully

2021-02-01 13:17:27 - [TEST_STEP][PASSED] - setText(findWindowsObject("Object Repository/TipoProdottoAssistenzaText"), "Computer"): Text Computer is set

2021-02-01 13:17:30 - [MESSAGE][PASSED] - Text Computer is set

2021-02-01 13:17:30 - [TEST_STEP][PASSED] - click(findWindowsObject("CodProdottoAssistenza")): Click on element: Object Repository/CodProdottoAssistenza succesfully

2021-02-01 13:17:30 - [MESSAGE][INFO] - Clicking on element: Object Repository/CodProdottoAssistenza

2021-02-01 13:17:31 - [MESSAGE][PASSED] - Click on element: Object Repository/CodProdottoAssistenza succesfully

2021-02-01 13:17:31 - [TEST_STEP][PASSED] - setText(findWindowsObject("CodProdottoAssistenzaText"), "1000000000001"): Text 1000000000001 is set

2021-02-01 13:17:34 - [MESSAGE][PASSED] - Text 1000000000001 is set

2021-02-01 13:17:34 - [TEST_STEP][PASSED] - click(findWindowsObject("NumSerieAssistenza")): Click on element: Object Repository/NumSerieAssistenza succesfully

2021-02-01 13:17:35 - [MESSAGE][INFO] - Clicking on element: Object Repository/NumSerieAssistenza

2021-02-01 13:17:35 - [MESSAGE][PASSED] - Click on element: Object Repository/NumSerieAssistenza succesfully

2021-02-01 13:17:35 - [TEST_STEP][PASSED] - setText(findWindowsObject("NumSerieAssistenzaText"), "X1ay07"): Text X1ay07 is set

2021-02-01 13:17:38 - [MESSAGE][PASSED] - Text X1ay07 is set

2021-02-01 13:17:38 - [TEST_STEP][PASSED] - click(findWindowsObject("DataScontrinoAssistenza")): Click on element: Object Repository/DataScontrinoAssistenza succesfully

2021-02-01 13:17:39 - [MESSAGE][INFO] - Clicking on element: Object Repository/DataScontrinoAssistenza

2021-02-01 13:17:39 - [MESSAGE][PASSED] - Click on element: Object Repository/DataScontrinoAssistenza succesfully

2021-02-01 13:17:39 - [TEST_STEP][PASSED] - setText(findWindowsObject("DataScontrinoAssistenzaText"), "12/12/2020"): Text 12/12/2020 is set

2021-02-01 13:17:42 - [MESSAGE][PASSED] - Text 12/12/2020 is set

2021-02-01 13:17:42 - [TEST_STEP][PASSED] - click(findWindowsObject("NumScontrinoAssistenza")): Click on element: Object Repository/NumScontrinoAssistenza succesfully

2021-02-01 13:17:43 - [MESSAGE][INFO] - Clicking on element: Object Repository/NumScontrinoAssistenza

2021-02-01 13:17:43 - [MESSAGE][PASSED] - Click on element: Object Repository/NumScontrinoAssistenza succesfully

2021-02-01 13:17:43 - [TEST_STEP][PASSED] - setText(findWindowsObject("NumScontrinoAssistenzaText"), "1000"): Text 1000 is set

2021-02-01 13:17:46 - [MESSAGE][PASSED] - Text 1000 is set

2021-02-01 13:17:46 - [TEST_STEP][PASSED] - click(findWindowsObject("Object Repository/AvantiAssistenza")): Click on element: Object Repository/AvantiAssistenza succesfully

2021-02-01 13:17:47 - [MESSAGE][INFO] - Clicking on element: Object Repository/AvantiAssistenza

2021-02-01 13:17:47 - [MESSAGE][PASSED] - Click on element: Object Repository/AvantiAssistenza succesfully

2021-02-01 13:17:47 - [TEST_STEP][PASSED] - switchToWindowTitle("Errore"): Switch to window 'Errore' successfully

2021-02-01 13:17:47 - [MESSAGE][INFO] - Start finding a window that matches with title 'Errore' in 120.000 millisecond(s)

2021-02-01 13:18:22 - [MESSAGE][PASSED] - Switch to window 'Errore' successfully

2021-02-01 13:18:22 - [TEST_STEP][PASSED] - text = getText(findWindowsObject("Object Repository/MessaggioErrore")): Text of test object: Object Repository/MessaggioErrore is: Scontrino non trovato
Controlla il codice

2021-02-01 13:18:23 - [MESSAGE][PASSED] - Text of test object: Object Repository/MessaggioErrore is: Scontrino non trovato
Controlla il codice

2021-02-01 13:18:23 - [TEST_STEP][PASSED] - assert text == "Scontrino non trovato
Controlla il codice": null

2021-02-01 13:18:23 - [TEST_STEP][PASSED] - closeApplication(): Fire Close event sucessfully.

2021-02-01 13:18:23 - [MESSAGE][PASSED] - Fire Close event sucessfully.]]></system-out>
         <system-err><![CDATA[]]></system-err>
      </testcase>
      <testcase name="Test Cases/TC_A_1_15" time="90.046" classname="Test Cases/TC_A_1_15" status="PASSED">
         <system-out><![CDATA[2021-02-01 13:18:23 - [TEST_CASE][PASSED] - Test Cases/TC_A_1_15: Test Cases/TC_A_1_15

2021-02-01 13:18:24 - [TEST_STEP][PASSED] - callTestCase(findTestCase("BeforeAssistenza"), [:], STOP_ON_FAILURE): Call Test Case 'Test Cases/BeforeAssistenza' successfully

2021-02-01 13:18:24 - [TEST_CASE][PASSED] - Test Cases/BeforeAssistenza: Test Cases/BeforeAssistenza

2021-02-01 13:18:24 - [TEST_STEP][PASSED] - startApplicationWithTitle("C:\Users\vinny\Documents\GitHub\NewDM\JAVA\NewDMApp\out\artifacts\NewDMApp\bundles\NewDMApp\NewDMApp.exe", ""): The application at location: C:\Users\vinny\Documents\GitHub\NewDM\JAVA\NewDMApp\out\artifacts\NewDMApp\bundles\NewDMApp\NewDMApp.exe started.

2021-02-01 13:18:24 - [MESSAGE][INFO] - Starting application C:\Users\vinny\Documents\GitHub\NewDM\JAVA\NewDMApp\out\artifacts\NewDMApp\bundles\NewDMApp\NewDMApp.exe on the local machine at address http://127.0.0.1:4723

2021-02-01 13:18:25 - [MESSAGE][PASSED] - The application at location: C:\Users\vinny\Documents\GitHub\NewDM\JAVA\NewDMApp\out\artifacts\NewDMApp\bundles\NewDMApp\NewDMApp.exe started.

2021-02-01 13:18:25 - [TEST_STEP][PASSED] - click(findWindowsObject("Object Repository/Assistenza")): Click on element: Object Repository/Assistenza succesfully

2021-02-01 13:18:26 - [MESSAGE][INFO] - Clicking on element: Object Repository/Assistenza

2021-02-01 13:18:26 - [MESSAGE][PASSED] - Click on element: Object Repository/Assistenza succesfully

2021-02-01 13:18:26 - [TEST_STEP][PASSED] - click(findWindowsObject("Object Repository/CodUtenteLogIn")): Click on element: Object Repository/CodUtenteLogIn succesfully

2021-02-01 13:18:27 - [MESSAGE][INFO] - Clicking on element: Object Repository/CodUtenteLogIn

2021-02-01 13:18:27 - [MESSAGE][PASSED] - Click on element: Object Repository/CodUtenteLogIn succesfully

2021-02-01 13:18:27 - [TEST_STEP][PASSED] - setText(findWindowsObject("Object Repository/CodUtenteLogInText"), "cirofu"): Text cirofu is set

2021-02-01 13:18:29 - [MESSAGE][PASSED] - Text cirofu is set

2021-02-01 13:18:29 - [TEST_STEP][PASSED] - click(findWindowsObject("Object Repository/PasswordLogIn")): Click on element: Object Repository/PasswordLogIn succesfully

2021-02-01 13:18:30 - [MESSAGE][INFO] - Clicking on element: Object Repository/PasswordLogIn

2021-02-01 13:18:30 - [MESSAGE][PASSED] - Click on element: Object Repository/PasswordLogIn succesfully

2021-02-01 13:18:30 - [TEST_STEP][PASSED] - setText(findWindowsObject("Object Repository/PasswordLogInText"), "cirofu"): Text cirofu is set

2021-02-01 13:18:32 - [MESSAGE][PASSED] - Text cirofu is set

2021-02-01 13:18:32 - [TEST_STEP][PASSED] - click(findWindowsObject("Object Repository/AccediLogin")): Click on element: Object Repository/AccediLogin succesfully

2021-02-01 13:18:33 - [MESSAGE][INFO] - Clicking on element: Object Repository/AccediLogin

2021-02-01 13:18:33 - [MESSAGE][PASSED] - Click on element: Object Repository/AccediLogin succesfully

2021-02-01 13:18:33 - [MESSAGE][PASSED] - Call Test Case 'Test Cases/BeforeAssistenza' successfully

2021-02-01 13:18:33 - [TEST_STEP][PASSED] - click(findWindowsObject("Object Repository/NomeCognomeAssistenza")): Click on element: Object Repository/NomeCognomeAssistenza succesfully

2021-02-01 13:18:34 - [MESSAGE][INFO] - Clicking on element: Object Repository/NomeCognomeAssistenza

2021-02-01 13:18:34 - [MESSAGE][PASSED] - Click on element: Object Repository/NomeCognomeAssistenza succesfully

2021-02-01 13:18:34 - [TEST_STEP][PASSED] - setText(findWindowsObject("Object Repository/NomeCognomeAssistenzaText"), "Franco Cirillo"): Text Franco Cirillo is set

2021-02-01 13:18:38 - [MESSAGE][PASSED] - Text Franco Cirillo is set

2021-02-01 13:18:38 - [TEST_STEP][PASSED] - click(findWindowsObject("Object Repository/IndirizzoAssistenza")): Click on element: Object Repository/IndirizzoAssistenza succesfully

2021-02-01 13:18:38 - [MESSAGE][INFO] - Clicking on element: Object Repository/IndirizzoAssistenza

2021-02-01 13:18:39 - [MESSAGE][PASSED] - Click on element: Object Repository/IndirizzoAssistenza succesfully

2021-02-01 13:18:39 - [TEST_STEP][PASSED] - setText(findWindowsObject("Object Repository/IndirizzoAssistenzaText"), "Via Roma"): Text Via Roma is set

2021-02-01 13:18:42 - [MESSAGE][PASSED] - Text Via Roma is set

2021-02-01 13:18:42 - [TEST_STEP][PASSED] - click(findWindowsObject("TelefonoClienteAssistenza")): Click on element: Object Repository/TelefonoClienteAssistenza succesfully

2021-02-01 13:18:42 - [MESSAGE][INFO] - Clicking on element: Object Repository/TelefonoClienteAssistenza

2021-02-01 13:18:43 - [MESSAGE][PASSED] - Click on element: Object Repository/TelefonoClienteAssistenza succesfully

2021-02-01 13:18:43 - [TEST_STEP][PASSED] - setText(findWindowsObject("Object Repository/TelefonoClienteAssistenzaText"), "0123456789"): Text 0123456789 is set

2021-02-01 13:18:46 - [MESSAGE][PASSED] - Text 0123456789 is set

2021-02-01 13:18:46 - [TEST_STEP][PASSED] - click(findWindowsObject("NomeProdottoAssistenza")): Click on element: Object Repository/NomeProdottoAssistenza succesfully

2021-02-01 13:18:47 - [MESSAGE][INFO] - Clicking on element: Object Repository/NomeProdottoAssistenza

2021-02-01 13:18:47 - [MESSAGE][PASSED] - Click on element: Object Repository/NomeProdottoAssistenza succesfully

2021-02-01 13:18:47 - [TEST_STEP][PASSED] - setText(findWindowsObject("Object Repository/NomeProdottoAssistenzaText"), "Notebook Asus"): Text Notebook Asus is set

2021-02-01 13:18:50 - [MESSAGE][PASSED] - Text Notebook Asus is set

2021-02-01 13:18:50 - [TEST_STEP][PASSED] - click(findWindowsObject("TipoProdottoAssistenza")): Click on element: Object Repository/TipoProdottoAssistenza succesfully

2021-02-01 13:18:51 - [MESSAGE][INFO] - Clicking on element: Object Repository/TipoProdottoAssistenza

2021-02-01 13:18:51 - [MESSAGE][PASSED] - Click on element: Object Repository/TipoProdottoAssistenza succesfully

2021-02-01 13:18:51 - [TEST_STEP][PASSED] - setText(findWindowsObject("Object Repository/TipoProdottoAssistenzaText"), "Computer"): Text Computer is set

2021-02-01 13:18:54 - [MESSAGE][PASSED] - Text Computer is set

2021-02-01 13:18:54 - [TEST_STEP][PASSED] - click(findWindowsObject("CodProdottoAssistenza")): Click on element: Object Repository/CodProdottoAssistenza succesfully

2021-02-01 13:18:55 - [MESSAGE][INFO] - Clicking on element: Object Repository/CodProdottoAssistenza

2021-02-01 13:18:55 - [MESSAGE][PASSED] - Click on element: Object Repository/CodProdottoAssistenza succesfully

2021-02-01 13:18:55 - [TEST_STEP][PASSED] - setText(findWindowsObject("CodProdottoAssistenzaText"), "1000000000001"): Text 1000000000001 is set

2021-02-01 13:18:58 - [MESSAGE][PASSED] - Text 1000000000001 is set

2021-02-01 13:18:58 - [TEST_STEP][PASSED] - click(findWindowsObject("NumSerieAssistenza")): Click on element: Object Repository/NumSerieAssistenza succesfully

2021-02-01 13:18:59 - [MESSAGE][INFO] - Clicking on element: Object Repository/NumSerieAssistenza

2021-02-01 13:18:59 - [MESSAGE][PASSED] - Click on element: Object Repository/NumSerieAssistenza succesfully

2021-02-01 13:18:59 - [TEST_STEP][PASSED] - setText(findWindowsObject("NumSerieAssistenzaText"), "X1ay07"): Text X1ay07 is set

2021-02-01 13:19:02 - [MESSAGE][PASSED] - Text X1ay07 is set

2021-02-01 13:19:02 - [TEST_STEP][PASSED] - click(findWindowsObject("DataScontrinoAssistenza")): Click on element: Object Repository/DataScontrinoAssistenza succesfully

2021-02-01 13:19:03 - [MESSAGE][INFO] - Clicking on element: Object Repository/DataScontrinoAssistenza

2021-02-01 13:19:03 - [MESSAGE][PASSED] - Click on element: Object Repository/DataScontrinoAssistenza succesfully

2021-02-01 13:19:03 - [TEST_STEP][PASSED] - setText(findWindowsObject("DataScontrinoAssistenzaText"), "12/12/2020"): Text 12/12/2020 is set

2021-02-01 13:19:06 - [MESSAGE][PASSED] - Text 12/12/2020 is set

2021-02-01 13:19:06 - [TEST_STEP][PASSED] - click(findWindowsObject("NumScontrinoAssistenza")): Click on element: Object Repository/NumScontrinoAssistenza succesfully

2021-02-01 13:19:07 - [MESSAGE][INFO] - Clicking on element: Object Repository/NumScontrinoAssistenza

2021-02-01 13:19:07 - [MESSAGE][PASSED] - Click on element: Object Repository/NumScontrinoAssistenza succesfully

2021-02-01 13:19:07 - [TEST_STEP][PASSED] - setText(findWindowsObject("NumScontrinoAssistenzaText"), "1"): Text 1 is set

2021-02-01 13:19:10 - [MESSAGE][PASSED] - Text 1 is set

2021-02-01 13:19:10 - [TEST_STEP][PASSED] - click(findWindowsObject("CodFiscaleAssistenza")): Click on element: Object Repository/CodFiscaleAssistenza succesfully

2021-02-01 13:19:10 - [MESSAGE][INFO] - Clicking on element: Object Repository/CodFiscaleAssistenza

2021-02-01 13:19:11 - [MESSAGE][PASSED] - Click on element: Object Repository/CodFiscaleAssistenza succesfully

2021-02-01 13:19:11 - [TEST_STEP][PASSED] - setText(findWindowsObject("CodFiscaleAssistenzaText"), "CRLFNC00"): Text CRLFNC00 is set

2021-02-01 13:19:13 - [MESSAGE][PASSED] - Text CRLFNC00 is set

2021-02-01 13:19:13 - [TEST_STEP][PASSED] - click(findWindowsObject("Object Repository/AvantiAssistenza")): Click on element: Object Repository/AvantiAssistenza succesfully

2021-02-01 13:19:14 - [MESSAGE][INFO] - Clicking on element: Object Repository/AvantiAssistenza

2021-02-01 13:19:14 - [MESSAGE][PASSED] - Click on element: Object Repository/AvantiAssistenza succesfully

2021-02-01 13:19:14 - [TEST_STEP][PASSED] - switchToWindowTitle("Errore"): Switch to window 'Errore' successfully

2021-02-01 13:19:15 - [MESSAGE][INFO] - Start finding a window that matches with title 'Errore' in 120.000 millisecond(s)

2021-02-01 13:19:52 - [MESSAGE][PASSED] - Switch to window 'Errore' successfully

2021-02-01 13:19:52 - [TEST_STEP][PASSED] - text = getText(findWindowsObject("Object Repository/MessaggioErrore")): Text of test object: Object Repository/MessaggioErrore is: Inserire un codice fiscale valido

2021-02-01 13:19:53 - [MESSAGE][PASSED] - Text of test object: Object Repository/MessaggioErrore is: Inserire un codice fiscale valido

2021-02-01 13:19:53 - [TEST_STEP][PASSED] - assert text == "Inserire un codice fiscale valido": null

2021-02-01 13:19:53 - [TEST_STEP][PASSED] - closeApplication(): Fire Close event sucessfully.

2021-02-01 13:19:53 - [MESSAGE][PASSED] - Fire Close event sucessfully.]]></system-out>
         <system-err><![CDATA[]]></system-err>
      </testcase>
      <testcase name="Test Cases/TC_A_1_16" time="52.86" classname="Test Cases/TC_A_1_16" status="PASSED">
         <system-out><![CDATA[2021-02-01 13:19:53 - [TEST_CASE][PASSED] - Test Cases/TC_A_1_16: Test Cases/TC_A_1_16

2021-02-01 13:19:54 - [TEST_STEP][PASSED] - callTestCase(findTestCase("BeforeAssistenza"), [:], STOP_ON_FAILURE): Call Test Case 'Test Cases/BeforeAssistenza' successfully

2021-02-01 13:19:54 - [TEST_CASE][PASSED] - Test Cases/BeforeAssistenza: Test Cases/BeforeAssistenza

2021-02-01 13:19:54 - [TEST_STEP][PASSED] - startApplicationWithTitle("C:\Users\vinny\Documents\GitHub\NewDM\JAVA\NewDMApp\out\artifacts\NewDMApp\bundles\NewDMApp\NewDMApp.exe", ""): The application at location: C:\Users\vinny\Documents\GitHub\NewDM\JAVA\NewDMApp\out\artifacts\NewDMApp\bundles\NewDMApp\NewDMApp.exe started.

2021-02-01 13:19:54 - [MESSAGE][INFO] - Starting application C:\Users\vinny\Documents\GitHub\NewDM\JAVA\NewDMApp\out\artifacts\NewDMApp\bundles\NewDMApp\NewDMApp.exe on the local machine at address http://127.0.0.1:4723

2021-02-01 13:19:55 - [MESSAGE][PASSED] - The application at location: C:\Users\vinny\Documents\GitHub\NewDM\JAVA\NewDMApp\out\artifacts\NewDMApp\bundles\NewDMApp\NewDMApp.exe started.

2021-02-01 13:19:55 - [TEST_STEP][PASSED] - click(findWindowsObject("Object Repository/Assistenza")): Click on element: Object Repository/Assistenza succesfully

2021-02-01 13:19:56 - [MESSAGE][INFO] - Clicking on element: Object Repository/Assistenza

2021-02-01 13:19:56 - [MESSAGE][PASSED] - Click on element: Object Repository/Assistenza succesfully

2021-02-01 13:19:56 - [TEST_STEP][PASSED] - click(findWindowsObject("Object Repository/CodUtenteLogIn")): Click on element: Object Repository/CodUtenteLogIn succesfully

2021-02-01 13:19:57 - [MESSAGE][INFO] - Clicking on element: Object Repository/CodUtenteLogIn

2021-02-01 13:19:57 - [MESSAGE][PASSED] - Click on element: Object Repository/CodUtenteLogIn succesfully

2021-02-01 13:19:57 - [TEST_STEP][PASSED] - setText(findWindowsObject("Object Repository/CodUtenteLogInText"), "cirofu"): Text cirofu is set

2021-02-01 13:19:59 - [MESSAGE][PASSED] - Text cirofu is set

2021-02-01 13:19:59 - [TEST_STEP][PASSED] - click(findWindowsObject("Object Repository/PasswordLogIn")): Click on element: Object Repository/PasswordLogIn succesfully

2021-02-01 13:20:00 - [MESSAGE][INFO] - Clicking on element: Object Repository/PasswordLogIn

2021-02-01 13:20:00 - [MESSAGE][PASSED] - Click on element: Object Repository/PasswordLogIn succesfully

2021-02-01 13:20:00 - [TEST_STEP][PASSED] - setText(findWindowsObject("Object Repository/PasswordLogInText"), "cirofu"): Text cirofu is set

2021-02-01 13:20:02 - [MESSAGE][PASSED] - Text cirofu is set

2021-02-01 13:20:02 - [TEST_STEP][PASSED] - click(findWindowsObject("Object Repository/AccediLogin")): Click on element: Object Repository/AccediLogin succesfully

2021-02-01 13:20:03 - [MESSAGE][INFO] - Clicking on element: Object Repository/AccediLogin

2021-02-01 13:20:03 - [MESSAGE][PASSED] - Click on element: Object Repository/AccediLogin succesfully

2021-02-01 13:20:03 - [MESSAGE][PASSED] - Call Test Case 'Test Cases/BeforeAssistenza' successfully

2021-02-01 13:20:03 - [TEST_STEP][PASSED] - click(findWindowsObject("Object Repository/NomeCognomeAssistenza")): Click on element: Object Repository/NomeCognomeAssistenza succesfully

2021-02-01 13:20:04 - [MESSAGE][INFO] - Clicking on element: Object Repository/NomeCognomeAssistenza

2021-02-01 13:20:05 - [MESSAGE][PASSED] - Click on element: Object Repository/NomeCognomeAssistenza succesfully

2021-02-01 13:20:05 - [TEST_STEP][PASSED] - setText(findWindowsObject("Object Repository/NomeCognomeAssistenzaText"), "Franco Cirillo"): Text Franco Cirillo is set

2021-02-01 13:20:08 - [MESSAGE][PASSED] - Text Franco Cirillo is set

2021-02-01 13:20:08 - [TEST_STEP][PASSED] - click(findWindowsObject("Object Repository/IndirizzoAssistenza")): Click on element: Object Repository/IndirizzoAssistenza succesfully

2021-02-01 13:20:09 - [MESSAGE][INFO] - Clicking on element: Object Repository/IndirizzoAssistenza

2021-02-01 13:20:09 - [MESSAGE][PASSED] - Click on element: Object Repository/IndirizzoAssistenza succesfully

2021-02-01 13:20:09 - [TEST_STEP][PASSED] - setText(findWindowsObject("Object Repository/IndirizzoAssistenzaText"), "Via Roma"): Text Via Roma is set

2021-02-01 13:20:12 - [MESSAGE][PASSED] - Text Via Roma is set

2021-02-01 13:20:12 - [TEST_STEP][PASSED] - click(findWindowsObject("TelefonoClienteAssistenza")): Click on element: Object Repository/TelefonoClienteAssistenza succesfully

2021-02-01 13:20:13 - [MESSAGE][INFO] - Clicking on element: Object Repository/TelefonoClienteAssistenza

2021-02-01 13:20:13 - [MESSAGE][PASSED] - Click on element: Object Repository/TelefonoClienteAssistenza succesfully

2021-02-01 13:20:13 - [TEST_STEP][PASSED] - setText(findWindowsObject("Object Repository/TelefonoClienteAssistenzaText"), "0123456789"): Text 0123456789 is set

2021-02-01 13:20:16 - [MESSAGE][PASSED] - Text 0123456789 is set

2021-02-01 13:20:16 - [TEST_STEP][PASSED] - click(findWindowsObject("NomeProdottoAssistenza")): Click on element: Object Repository/NomeProdottoAssistenza succesfully

2021-02-01 13:20:17 - [MESSAGE][INFO] - Clicking on element: Object Repository/NomeProdottoAssistenza

2021-02-01 13:20:17 - [MESSAGE][PASSED] - Click on element: Object Repository/NomeProdottoAssistenza succesfully

2021-02-01 13:20:17 - [TEST_STEP][PASSED] - setText(findWindowsObject("Object Repository/NomeProdottoAssistenzaText"), "Notebook Asus"): Text Notebook Asus is set

2021-02-01 13:20:20 - [MESSAGE][PASSED] - Text Notebook Asus is set

2021-02-01 13:20:20 - [TEST_STEP][PASSED] - click(findWindowsObject("TipoProdottoAssistenza")): Click on element: Object Repository/TipoProdottoAssistenza succesfully

2021-02-01 13:20:21 - [MESSAGE][INFO] - Clicking on element: Object Repository/TipoProdottoAssistenza

2021-02-01 13:20:21 - [MESSAGE][PASSED] - Click on element: Object Repository/TipoProdottoAssistenza succesfully

2021-02-01 13:20:21 - [TEST_STEP][PASSED] - setText(findWindowsObject("Object Repository/TipoProdottoAssistenzaText"), "Computer"): Text Computer is set

2021-02-01 13:20:24 - [MESSAGE][PASSED] - Text Computer is set

2021-02-01 13:20:24 - [TEST_STEP][PASSED] - click(findWindowsObject("CodProdottoAssistenza")): Click on element: Object Repository/CodProdottoAssistenza succesfully

2021-02-01 13:20:25 - [MESSAGE][INFO] - Clicking on element: Object Repository/CodProdottoAssistenza

2021-02-01 13:20:25 - [MESSAGE][PASSED] - Click on element: Object Repository/CodProdottoAssistenza succesfully

2021-02-01 13:20:25 - [TEST_STEP][PASSED] - setText(findWindowsObject("CodProdottoAssistenzaText"), "1000000000001"): Text 1000000000001 is set

2021-02-01 13:20:29 - [MESSAGE][PASSED] - Text 1000000000001 is set

2021-02-01 13:20:29 - [TEST_STEP][PASSED] - click(findWindowsObject("NumSerieAssistenza")): Click on element: Object Repository/NumSerieAssistenza succesfully

2021-02-01 13:20:29 - [MESSAGE][INFO] - Clicking on element: Object Repository/NumSerieAssistenza

2021-02-01 13:20:30 - [MESSAGE][PASSED] - Click on element: Object Repository/NumSerieAssistenza succesfully

2021-02-01 13:20:30 - [TEST_STEP][PASSED] - setText(findWindowsObject("NumSerieAssistenzaText"), "X1ay07"): Text X1ay07 is set

2021-02-01 13:20:32 - [MESSAGE][PASSED] - Text X1ay07 is set

2021-02-01 13:20:32 - [TEST_STEP][PASSED] - click(findWindowsObject("DataScontrinoAssistenza")): Click on element: Object Repository/DataScontrinoAssistenza succesfully

2021-02-01 13:20:33 - [MESSAGE][INFO] - Clicking on element: Object Repository/DataScontrinoAssistenza

2021-02-01 13:20:33 - [MESSAGE][PASSED] - Click on element: Object Repository/DataScontrinoAssistenza succesfully

2021-02-01 13:20:33 - [TEST_STEP][PASSED] - setText(findWindowsObject("DataScontrinoAssistenzaText"), "12/12/2020"): Text 12/12/2020 is set

2021-02-01 13:20:36 - [MESSAGE][PASSED] - Text 12/12/2020 is set

2021-02-01 13:20:36 - [TEST_STEP][PASSED] - click(findWindowsObject("NumScontrinoAssistenza")): Click on element: Object Repository/NumScontrinoAssistenza succesfully

2021-02-01 13:20:37 - [MESSAGE][INFO] - Clicking on element: Object Repository/NumScontrinoAssistenza

2021-02-01 13:20:37 - [MESSAGE][PASSED] - Click on element: Object Repository/NumScontrinoAssistenza succesfully

2021-02-01 13:20:37 - [TEST_STEP][PASSED] - setText(findWindowsObject("NumScontrinoAssistenzaText"), "1"): Text 1 is set

2021-02-01 13:20:40 - [MESSAGE][PASSED] - Text 1 is set

2021-02-01 13:20:40 - [TEST_STEP][PASSED] - click(findWindowsObject("CodFiscaleAssistenza")): Click on element: Object Repository/CodFiscaleAssistenza succesfully

[...]

2021-02-01 13:25:34 - [TEST_STEP][PASSED] - click(findWindowsObject("NomeProdottoAssistenza")): Click on element: Object Repository/NomeProdottoAssistenza succesfully

2021-02-01 13:25:35 - [MESSAGE][INFO] - Clicking on element: Object Repository/NomeProdottoAssistenza

2021-02-01 13:25:35 - [MESSAGE][PASSED] - Click on element: Object Repository/NomeProdottoAssistenza succesfully

2021-02-01 13:25:35 - [TEST_STEP][PASSED] - setText(findWindowsObject("Object Repository/NomeProdottoAssistenzaText"), "Notebook Asus"): Text Notebook Asus is set

2021-02-01 13:25:38 - [MESSAGE][PASSED] - Text Notebook Asus is set

2021-02-01 13:25:38 - [TEST_STEP][PASSED] - click(findWindowsObject("TipoProdottoAssistenza")): Click on element: Object Repository/TipoProdottoAssistenza succesfully

2021-02-01 13:25:39 - [MESSAGE][INFO] - Clicking on element: Object Repository/TipoProdottoAssistenza

2021-02-01 13:25:40 - [MESSAGE][PASSED] - Click on element: Object Repository/TipoProdottoAssistenza succesfully

2021-02-01 13:25:40 - [TEST_STEP][PASSED] - setText(findWindowsObject("Object Repository/TipoProdottoAssistenzaText"), "Computer"): Text Computer is set

2021-02-01 13:25:43 - [MESSAGE][PASSED] - Text Computer is set

2021-02-01 13:25:43 - [TEST_STEP][PASSED] - click(findWindowsObject("CodProdottoAssistenza")): Click on element: Object Repository/CodProdottoAssistenza succesfully

2021-02-01 13:25:43 - [MESSAGE][INFO] - Clicking on element: Object Repository/CodProdottoAssistenza

2021-02-01 13:25:44 - [MESSAGE][PASSED] - Click on element: Object Repository/CodProdottoAssistenza succesfully

2021-02-01 13:25:44 - [TEST_STEP][PASSED] - setText(findWindowsObject("CodProdottoAssistenzaText"), "123456"): Text 123456 is set

2021-02-01 13:25:46 - [MESSAGE][PASSED] - Text 123456 is set

2021-02-01 13:25:46 - [TEST_STEP][PASSED] - click(findWindowsObject("Object Repository/AvantiAssistenza")): Click on element: Object Repository/AvantiAssistenza succesfully

2021-02-01 13:25:47 - [MESSAGE][INFO] - Clicking on element: Object Repository/AvantiAssistenza

2021-02-01 13:25:47 - [MESSAGE][PASSED] - Click on element: Object Repository/AvantiAssistenza succesfully

2021-02-01 13:25:47 - [TEST_STEP][PASSED] - switchToWindowTitle("Errore"): Switch to window 'Errore' successfully

2021-02-01 13:25:48 - [MESSAGE][INFO] - Start finding a window that matches with title 'Errore' in 120.000 millisecond(s)

2021-02-01 13:26:26 - [MESSAGE][PASSED] - Switch to window 'Errore' successfully

2021-02-01 13:26:26 - [TEST_STEP][PASSED] - text = getText(findWindowsObject("Object Repository/MessaggioErrore")): Text of test object: Object Repository/MessaggioErrore is: Inserire un codice prodotto valido (13 cifre)

2021-02-01 13:26:26 - [MESSAGE][PASSED] - Text of test object: Object Repository/MessaggioErrore is: Inserire un codice prodotto valido (13 cifre)

2021-02-01 13:26:26 - [TEST_STEP][PASSED] - assert text == "Inserire un codice prodotto valido (13 cifre)": null

2021-02-01 13:26:26 - [TEST_STEP][PASSED] - closeApplication(): Fire Close event sucessfully.

2021-02-01 13:26:27 - [MESSAGE][PASSED] - Fire Close event sucessfully.]]></system-out>
         <system-err><![CDATA[]]></system-err>
      </testcase>
      <testcase name="Test Cases/TC_A_1_9" time="80.005" classname="Test Cases/TC_A_1_9" status="PASSED">
         <system-out><![CDATA[2021-02-01 13:26:27 - [TEST_CASE][PASSED] - Test Cases/TC_A_1_9: Test Cases/TC_A_1_9

2021-02-01 13:26:27 - [TEST_STEP][PASSED] - callTestCase(findTestCase("BeforeAssistenza"), [:], STOP_ON_FAILURE): Call Test Case 'Test Cases/BeforeAssistenza' successfully

2021-02-01 13:26:27 - [TEST_CASE][PASSED] - Test Cases/BeforeAssistenza: Test Cases/BeforeAssistenza

2021-02-01 13:26:27 - [TEST_STEP][PASSED] - startApplicationWithTitle("C:\Users\vinny\Documents\GitHub\NewDM\JAVA\NewDMApp\out\artifacts\NewDMApp\bundles\NewDMApp\NewDMApp.exe", ""): The application at location: C:\Users\vinny\Documents\GitHub\NewDM\JAVA\NewDMApp\out\artifacts\NewDMApp\bundles\NewDMApp\NewDMApp.exe started.

2021-02-01 13:26:27 - [MESSAGE][INFO] - Starting application C:\Users\vinny\Documents\GitHub\NewDM\JAVA\NewDMApp\out\artifacts\NewDMApp\bundles\NewDMApp\NewDMApp.exe on the local machine at address http://127.0.0.1:4723

2021-02-01 13:26:29 - [MESSAGE][PASSED] - The application at location: C:\Users\vinny\Documents\GitHub\NewDM\JAVA\NewDMApp\out\artifacts\NewDMApp\bundles\NewDMApp\NewDMApp.exe started.

2021-02-01 13:26:29 - [TEST_STEP][PASSED] - click(findWindowsObject("Object Repository/Assistenza")): Click on element: Object Repository/Assistenza succesfully

2021-02-01 13:26:30 - [MESSAGE][INFO] - Clicking on element: Object Repository/Assistenza

2021-02-01 13:26:30 - [MESSAGE][PASSED] - Click on element: Object Repository/Assistenza succesfully

2021-02-01 13:26:30 - [TEST_STEP][PASSED] - click(findWindowsObject("Object Repository/CodUtenteLogIn")): Click on element: Object Repository/CodUtenteLogIn succesfully

2021-02-01 13:26:31 - [MESSAGE][INFO] - Clicking on element: Object Repository/CodUtenteLogIn

2021-02-01 13:26:31 - [MESSAGE][PASSED] - Click on element: Object Repository/CodUtenteLogIn succesfully

2021-02-01 13:26:31 - [TEST_STEP][PASSED] - setText(findWindowsObject("Object Repository/CodUtenteLogInText"), "cirofu"): Text cirofu is set

2021-02-01 13:26:33 - [MESSAGE][PASSED] - Text cirofu is set

2021-02-01 13:26:33 - [TEST_STEP][PASSED] - click(findWindowsObject("Object Repository/PasswordLogIn")): Click on element: Object Repository/PasswordLogIn succesfully

2021-02-01 13:26:34 - [MESSAGE][INFO] - Clicking on element: Object Repository/PasswordLogIn

2021-02-01 13:26:34 - [MESSAGE][PASSED] - Click on element: Object Repository/PasswordLogIn succesfully

2021-02-01 13:26:34 - [TEST_STEP][PASSED] - setText(findWindowsObject("Object Repository/PasswordLogInText"), "cirofu"): Text cirofu is set

2021-02-01 13:26:36 - [MESSAGE][PASSED] - Text cirofu is set

2021-02-01 13:26:36 - [TEST_STEP][PASSED] - click(findWindowsObject("Object Repository/AccediLogin")): Click on element: Object Repository/AccediLogin succesfully

2021-02-01 13:26:37 - [MESSAGE][INFO] - Clicking on element: Object Repository/AccediLogin

2021-02-01 13:26:37 - [MESSAGE][PASSED] - Click on element: Object Repository/AccediLogin succesfully

2021-02-01 13:26:37 - [MESSAGE][PASSED] - Call Test Case 'Test Cases/BeforeAssistenza' successfully

2021-02-01 13:26:37 - [TEST_STEP][PASSED] - click(findWindowsObject("Object Repository/NomeCognomeAssistenza")): Click on element: Object Repository/NomeCognomeAssistenza succesfully

2021-02-01 13:26:38 - [MESSAGE][INFO] - Clicking on element: Object Repository/NomeCognomeAssistenza

2021-02-01 13:26:39 - [MESSAGE][PASSED] - Click on element: Object Repository/NomeCognomeAssistenza succesfully

2021-02-01 13:26:39 - [TEST_STEP][PASSED] - setText(findWindowsObject("Object Repository/NomeCognomeAssistenzaText"), "Franco Cirillo"): Text Franco Cirillo is set

2021-02-01 13:26:42 - [MESSAGE][PASSED] - Text Franco Cirillo is set

2021-02-01 13:26:42 - [TEST_STEP][PASSED] - click(findWindowsObject("Object Repository/IndirizzoAssistenza")): Click on element: Object Repository/IndirizzoAssistenza succesfully

2021-02-01 13:26:43 - [MESSAGE][INFO] - Clicking on element: Object Repository/IndirizzoAssistenza

2021-02-01 13:26:43 - [MESSAGE][PASSED] - Click on element: Object Repository/IndirizzoAssistenza succesfully

2021-02-01 13:26:43 - [TEST_STEP][PASSED] - setText(findWindowsObject("Object Repository/IndirizzoAssistenzaText"), "Via Roma"): Text Via Roma is set

2021-02-01 13:26:46 - [MESSAGE][PASSED] - Text Via Roma is set

2021-02-01 13:26:46 - [TEST_STEP][PASSED] - click(findWindowsObject("TelefonoClienteAssistenza")): Click on element: Object Repository/TelefonoClienteAssistenza succesfully

2021-02-01 13:26:47 - [MESSAGE][INFO] - Clicking on element: Object Repository/TelefonoClienteAssistenza

2021-02-01 13:26:47 - [MESSAGE][PASSED] - Click on element: Object Repository/TelefonoClienteAssistenza succesfully

2021-02-01 13:26:47 - [TEST_STEP][PASSED] - setText(findWindowsObject("Object Repository/TelefonoClienteAssistenzaText"), "0123456789"): Text 0123456789 is set

2021-02-01 13:26:50 - [MESSAGE][PASSED] - Text 0123456789 is set

2021-02-01 13:26:50 - [TEST_STEP][PASSED] - click(findWindowsObject("NomeProdottoAssistenza")): Click on element: Object Repository/NomeProdottoAssistenza succesfully

2021-02-01 13:26:51 - [MESSAGE][INFO] - Clicking on element: Object Repository/NomeProdottoAssistenza

2021-02-01 13:26:51 - [MESSAGE][PASSED] - Click on element: Object Repository/NomeProdottoAssistenza succesfully

2021-02-01 13:26:51 - [TEST_STEP][PASSED] - setText(findWindowsObject("Object Repository/NomeProdottoAssistenzaText"), "Notebook Asus"): Text Notebook Asus is set

2021-02-01 13:26:54 - [MESSAGE][PASSED] - Text Notebook Asus is set

2021-02-01 13:26:54 - [TEST_STEP][PASSED] - click(findWindowsObject("TipoProdottoAssistenza")): Click on element: Object Repository/TipoProdottoAssistenza succesfully

2021-02-01 13:26:55 - [MESSAGE][INFO] - Clicking on element: Object Repository/TipoProdottoAssistenza

2021-02-01 13:26:56 - [MESSAGE][PASSED] - Click on element: Object Repository/TipoProdottoAssistenza succesfully

2021-02-01 13:26:56 - [TEST_STEP][PASSED] - setText(findWindowsObject("Object Repository/TipoProdottoAssistenzaText"), "Computer"): Text Computer is set

2021-02-01 13:26:58 - [MESSAGE][PASSED] - Text Computer is set

2021-02-01 13:26:58 - [TEST_STEP][PASSED] - click(findWindowsObject("CodProdottoAssistenza")): Click on element: Object Repository/CodProdottoAssistenza succesfully

2021-02-01 13:26:59 - [MESSAGE][INFO] - Clicking on element: Object Repository/CodProdottoAssistenza

2021-02-01 13:27:00 - [MESSAGE][PASSED] - Click on element: Object Repository/CodProdottoAssistenza succesfully

2021-02-01 13:27:00 - [TEST_STEP][PASSED] - setText(findWindowsObject("CodProdottoAssistenzaText"), "0123456789000"): Text 0123456789000 is set

2021-02-01 13:27:03 - [MESSAGE][PASSED] - Text 0123456789000 is set

2021-02-01 13:27:03 - [TEST_STEP][PASSED] - click(findWindowsObject("Object Repository/AvantiAssistenza")): Click on element: Object Repository/AvantiAssistenza succesfully

2021-02-01 13:27:04 - [MESSAGE][INFO] - Clicking on element: Object Repository/AvantiAssistenza

2021-02-01 13:27:04 - [MESSAGE][PASSED] - Click on element: Object Repository/AvantiAssistenza succesfully

2021-02-01 13:27:04 - [TEST_STEP][PASSED] - switchToWindowTitle("Errore"): Switch to window 'Errore' successfully

2021-02-01 13:27:04 - [MESSAGE][INFO] - Start finding a window that matches with title 'Errore' in 120.000 millisecond(s)

2021-02-01 13:27:46 - [MESSAGE][PASSED] - Switch to window 'Errore' successfully

2021-02-01 13:27:46 - [TEST_STEP][PASSED] - text = getText(findWindowsObject("Object Repository/MessaggioErrore")): Text of test object: Object Repository/MessaggioErrore is: Prodotto non trovato

2021-02-01 13:27:47 - [MESSAGE][PASSED] - Text of test object: Object Repository/MessaggioErrore is: Prodotto non trovato

2021-02-01 13:27:47 - [TEST_STEP][PASSED] - assert text == "Prodotto non trovato": null

2021-02-01 13:27:47 - [TEST_STEP][PASSED] - closeApplication(): Fire Close event sucessfully.

2021-02-01 13:27:47 - [MESSAGE][PASSED] - Fire Close event sucessfully.]]></system-out>
         <system-err><![CDATA[]]></system-err>
      </testcase>
      <testcase name="Test Cases/TC_A_1_8" time="81.009" classname="Test Cases/TC_A_1_8" status="PASSED">
         <system-out><![CDATA[2021-02-01 13:27:47 - [TEST_CASE][PASSED] - Test Cases/TC_A_1_8: Test Cases/TC_A_1_8

2021-02-01 13:27:47 - [TEST_STEP][PASSED] - callTestCase(findTestCase("BeforeAssistenza"), [:], STOP_ON_FAILURE): Call Test Case 'Test Cases/BeforeAssistenza' successfully

2021-02-01 13:27:47 - [TEST_CASE][PASSED] - Test Cases/BeforeAssistenza: Test Cases/BeforeAssistenza

2021-02-01 13:27:47 - [TEST_STEP][PASSED] - startApplicationWithTitle("C:\Users\vinny\Documents\GitHub\NewDM\JAVA\NewDMApp\out\artifacts\NewDMApp\bundles\NewDMApp\NewDMApp.exe", ""): The application at location: C:\Users\vinny\Documents\GitHub\NewDM\JAVA\NewDMApp\out\artifacts\NewDMApp\bundles\NewDMApp\NewDMApp.exe started.

2021-02-01 13:27:47 - [MESSAGE][INFO] - Starting application C:\Users\vinny\Documents\GitHub\NewDM\JAVA\NewDMApp\out\artifacts\NewDMApp\bundles\NewDMApp\NewDMApp.exe on the local machine at address http://127.0.0.1:4723

2021-02-01 13:27:49 - [MESSAGE][PASSED] - The application at location: C:\Users\vinny\Documents\GitHub\NewDM\JAVA\NewDMApp\out\artifacts\NewDMApp\bundles\NewDMApp\NewDMApp.exe started.

2021-02-01 13:27:49 - [TEST_STEP][PASSED] - click(findWindowsObject("Object Repository/Assistenza")): Click on element: Object Repository/Assistenza succesfully

2021-02-01 13:27:50 - [MESSAGE][INFO] - Clicking on element: Object Repository/Assistenza

2021-02-01 13:27:50 - [MESSAGE][PASSED] - Click on element: Object Repository/Assistenza succesfully

2021-02-01 13:27:50 - [TEST_STEP][PASSED] - click(findWindowsObject("Object Repository/CodUtenteLogIn")): Click on element: Object Repository/CodUtenteLogIn succesfully

2021-02-01 13:27:51 - [MESSAGE][INFO] - Clicking on element: Object Repository/CodUtenteLogIn

2021-02-01 13:27:51 - [MESSAGE][PASSED] - Click on element: Object Repository/CodUtenteLogIn succesfully

2021-02-01 13:27:51 - [TEST_STEP][PASSED] - setText(findWindowsObject("Object Repository/CodUtenteLogInText"), "cirofu"): Text cirofu is set

2021-02-01 13:27:53 - [MESSAGE][PASSED] - Text cirofu is set

2021-02-01 13:27:53 - [TEST_STEP][PASSED] - click(findWindowsObject("Object Repository/PasswordLogIn")): Click on element: Object Repository/PasswordLogIn succesfully

2021-02-01 13:27:54 - [MESSAGE][INFO] - Clicking on element: Object Repository/PasswordLogIn

2021-02-01 13:27:54 - [MESSAGE][PASSED] - Click on element: Object Repository/PasswordLogIn succesfully

2021-02-01 13:27:54 - [TEST_STEP][PASSED] - setText(findWindowsObject("Object Repository/PasswordLogInText"), "cirofu"): Text cirofu is set

2021-02-01 13:27:56 - [MESSAGE][PASSED] - Text cirofu is set

2021-02-01 13:27:56 - [TEST_STEP][PASSED] - click(findWindowsObject("Object Repository/AccediLogin")): Click on element: Object Repository/AccediLogin succesfully

2021-02-01 13:27:57 - [MESSAGE][INFO] - Clicking on element: Object Repository/AccediLogin

2021-02-01 13:27:57 - [MESSAGE][PASSED] - Click on element: Object Repository/AccediLogin succesfully

2021-02-01 13:27:57 - [MESSAGE][PASSED] - Call Test Case 'Test Cases/BeforeAssistenza' successfully

2021-02-01 13:27:57 - [TEST_STEP][PASSED] - click(findWindowsObject("Object Repository/NomeCognomeAssistenza")): Click on element: Object Repository/NomeCognomeAssistenza succesfully

2021-02-01 13:27:58 - [MESSAGE][INFO] - Clicking on element: Object Repository/NomeCognomeAssistenza

2021-02-01 13:27:59 - [MESSAGE][PASSED] - Click on element: Object Repository/NomeCognomeAssistenza succesfully

2021-02-01 13:27:59 - [TEST_STEP][PASSED] - setText(findWindowsObject("Object Repository/NomeCognomeAssistenzaText"), "Franco Cirillo"): Text Franco Cirillo is set

2021-02-01 13:28:02 - [MESSAGE][PASSED] - Text Franco Cirillo is set

2021-02-01 13:28:02 - [TEST_STEP][PASSED] - click(findWindowsObject("Object Repository/IndirizzoAssistenza")): Click on element: Object Repository/IndirizzoAssistenza succesfully

2021-02-01 13:28:03 - [MESSAGE][INFO] - Clicking on element: Object Repository/IndirizzoAssistenza

2021-02-01 13:28:03 - [MESSAGE][PASSED] - Click on element: Object Repository/IndirizzoAssistenza succesfully

2021-02-01 13:28:03 - [TEST_STEP][PASSED] - setText(findWindowsObject("Object Repository/IndirizzoAssistenzaText"), "Via Roma"): Text Via Roma is set

2021-02-01 13:28:06 - [MESSAGE][PASSED] - Text Via Roma is set

2021-02-01 13:28:06 - [TEST_STEP][PASSED] - click(findWindowsObject("TelefonoClienteAssistenza")): Click on element: Object Repository/TelefonoClienteAssistenza succesfully

2021-02-01 13:28:07 - [MESSAGE][INFO] - Clicking on element: Object Repository/TelefonoClienteAssistenza

2021-02-01 13:28:07 - [MESSAGE][PASSED] - Click on element: Object Repository/TelefonoClienteAssistenza succesfully

2021-02-01 13:28:07 - [TEST_STEP][PASSED] - setText(findWindowsObject("Object Repository/TelefonoClienteAssistenzaText"), "0123456789"): Text 0123456789 is set

2021-02-01 13:28:10 - [MESSAGE][PASSED] - Text 0123456789 is set

2021-02-01 13:28:10 - [TEST_STEP][PASSED] - click(findWindowsObject("NomeProdottoAssistenza")): Click on element: Object Repository/NomeProdottoAssistenza succesfully

2021-02-01 13:28:11 - [MESSAGE][INFO] - Clicking on element: Object Repository/NomeProdottoAssistenza

2021-02-01 13:28:11 - [MESSAGE][PASSED] - Click on element: Object Repository/NomeProdottoAssistenza succesfully

2021-02-01 13:28:11 - [TEST_STEP][PASSED] - setText(findWindowsObject("Object Repository/NomeProdottoAssistenzaText"), "Notebook Asus"): Text Notebook Asus is set

2021-02-01 13:28:14 - [MESSAGE][PASSED] - Text Notebook Asus is set

2021-02-01 13:28:14 - [TEST_STEP][PASSED] - click(findWindowsObject("TipoProdottoAssistenza")): Click on element: Object Repository/TipoProdottoAssistenza succesfully

2021-02-01 13:28:15 - [MESSAGE][INFO] - Clicking on element: Object Repository/TipoProdottoAssistenza

2021-02-01 13:28:15 - [MESSAGE][PASSED] - Click on element: Object Repository/TipoProdottoAssistenza succesfully

2021-02-01 13:28:15 - [TEST_STEP][PASSED] - setText(findWindowsObject("Object Repository/TipoProdottoAssistenzaText"), "Computer"): Text Computer is set

2021-02-01 13:28:18 - [MESSAGE][PASSED] - Text Computer is set

2021-02-01 13:28:18 - [TEST_STEP][PASSED] - click(findWindowsObject("CodProdottoAssistenza")): Click on element: Object Repository/CodProdottoAssistenza succesfully

2021-02-01 13:28:19 - [MESSAGE][INFO] - Clicking on element: Object Repository/CodProdottoAssistenza

2021-02-01 13:28:19 - [MESSAGE][PASSED] - Click on element: Object Repository/CodProdottoAssistenza succesfully

2021-02-01 13:28:19 - [TEST_STEP][PASSED] - setText(findWindowsObject("CodProdottoAssistenzaText"), "0123456789aaa"): Text 0123456789aaa is set

2021-02-01 13:28:23 - [MESSAGE][PASSED] - Text 0123456789aaa is set

2021-02-01 13:28:23 - [TEST_STEP][PASSED] - click(findWindowsObject("Object Repository/AvantiAssistenza")): Click on element: Object Repository/AvantiAssistenza succesfully

2021-02-01 13:28:23 - [MESSAGE][INFO] - Clicking on element: Object Repository/AvantiAssistenza

2021-02-01 13:28:24 - [MESSAGE][PASSED] - Click on element: Object Repository/AvantiAssistenza succesfully

2021-02-01 13:28:24 - [TEST_STEP][PASSED] - switchToWindowTitle("Errore"): Switch to window 'Errore' successfully

2021-02-01 13:28:24 - [MESSAGE][INFO] - Start finding a window that matches with title 'Errore' in 120.000 millisecond(s)

2021-02-01 13:29:07 - [MESSAGE][PASSED] - Switch to window 'Errore' successfully

2021-02-01 13:29:07 - [TEST_STEP][PASSED] - text = getText(findWindowsObject("Object Repository/MessaggioErrore")): Text of test object: Object Repository/MessaggioErrore is: Inserire un codice prodotto valido (13 cifre)

2021-02-01 13:29:08 - [MESSAGE][PASSED] - Text of test object: Object Repository/MessaggioErrore is: Inserire un codice prodotto valido (13 cifre)

2021-02-01 13:29:08 - [TEST_STEP][PASSED] - assert text == "Inserire un codice prodotto valido (13 cifre)": null

2021-02-01 13:29:08 - [TEST_STEP][PASSED] - closeApplication(): Fire Close event sucessfully.

2021-02-01 13:29:08 - [MESSAGE][PASSED] - Fire Close event sucessfully.]]></system-out>
         <system-err><![CDATA[]]></system-err>
      </testcase>
      <system-out><![CDATA[2021-02-01 13:09:49 - [TEST_SUITE][PASSED] - TestSuiteAssistenza: Test Cases/TC_A_1_8]]></system-out>
      <system-err><![CDATA[]]></system-err>
   </testsuite>
</testsuites>
