<?xml version="1.0" encoding="UTF-8" standalone="yes"?><!DOCTYPE report PUBLIC "-//JACOCO//DTD Report 1.1//EN" "report.dtd"><report name="NewDMApp"><sessioninfo id="DESKTOP-MVHT4KT-e9fcbb97" start="1612035374026" dump="1612035376603"/><sessioninfo id="LAPTOP-RE4EIHP2-27ab82c6" start="1612042715897" dump="1612042728147"/><sessioninfo id="LAPTOP-RE4EIHP2-6afd54c2" start="1612043237270" dump="1612043260733"/><sessioninfo id="LAPTOP-RE4EIHP2-719a8137" start="1612044508163" dump="1612044531237"/><sessioninfo id="LAPTOP-RE4EIHP2-e4b45b0f" start="1612180101643" dump="1612180128741"/><sessioninfo id="LAPTOP-RE4EIHP2-80dec249" start="1612180172063" dump="1612180201773"/><sessioninfo id="LAPTOP-RE4EIHP2-922879a4" start="1612180743688" dump="1612180767275"/><sessioninfo id="LAPTOP-RE4EIHP2-d3b6bce4" start="1612278605772" dump="1612278635008"/><sessioninfo id="LAPTOP-RE4EIHP2-16c80ade" start="1612291236685" dump="1612291259660"/><sessioninfo id="LAPTOP-RE4EIHP2-bbb97bc2" start="1612291301322" dump="1612291328968"/><sessioninfo id="LAPTOP-RE4EIHP2-388f64bc" start="1612291792790" dump="1612291819604"/><sessioninfo id="LAPTOP-RE4EIHP2-d072c6f1" start="1612349145418" dump="1612349178149"/><sessioninfo id="LAPTOP-RE4EIHP2-1f640978" start="1612349962312" dump="1612349986920"/><sessioninfo id="DESKTOP-2ENEHPB-b0122f43" start="1612384022394" dump="1612384025377"/><sessioninfo id="DESKTOP-2ENEHPB-e410ac49" start="1612384095962" dump="1612384099501"/><sessioninfo id="DESKTOP-2ENEHPB-483c41ff" start="1612384327172" dump="1612384330901"/><package name="business/fornitura"><class name="business/fornitura/RichiestaAcquisto" sourcefilename="RichiestaAcquisto.java"><method name="&lt;init&gt;" desc="()V" line="23"><counter type="INSTRUCTION" missed="0" covered="10"/><counter type="LINE" missed="0" covered="4"/><counter type="COMPLEXITY" missed="0" covered="1"/><counter type="METHOD" missed="0" covered="1"/></method><method name="getCodice" desc="()Ljava/lang/Long;" line="34"><counter type="INSTRUCTION" missed="0" covered="3"/><counter type="LINE" missed="0" covered="1"/><counter type="COMPLEXITY" missed="0" covered="1"/><counter type="METHOD" missed="0" covered="1"/></method><method name="setCodice" desc="(Ljava/lang/Long;)V" line="43"><counter type="INSTRUCTION" missed="0" covered="4"/><counter type="LINE" missed="0" covered="2"/><counter type="COMPLEXITY" missed="0" covered="1"/><counter type="METHOD" missed="0" covered="1"/></method><method name="getId" desc="()Ljava/lang/Long;" line="52"><counter type="INSTRUCTION" missed="3" covered="0"/><counter type="LINE" missed="1" covered="0"/><counter type="COMPLEXITY" missed="1" covered="0"/><counter type="METHOD" missed="1" covered="0"/></method><method name="setId" desc="(Ljava/lang/Long;)V" line="61"><counter type="INSTRUCTION" missed="0" covered="4"/><counter type="LINE" missed="0" covered="2"/><counter type="COMPLEXITY" missed="0" covered="1"/><counter type="METHOD" missed="0" covered="1"/></method><method name="getQuantity" desc="()I" line="70"><counter type="INSTRUCTION" missed="0" covered="3"/><counter type="LINE" missed="0" covered="1"/><counter type="COMPLEXITY" missed="0" covered="1"/><counter type="METHOD" missed="0" covered="1"/></method><method name="setQuantity" desc="(I)V" line="79"><counter type="INSTRUCTION" missed="0" covered="4"/><counter type="LINE" missed="0" covered="2"/><counter type="COMPLEXITY" missed="0" covered="1"/><counter type="METHOD" missed="0" covered="1"/></method><method name="getData" desc="()Ljava/lang/String;" line="88"><counter type="INSTRUCTION" missed="0" covered="3"/><counter type="LINE" missed="0" covered="1"/><counter type="COMPLEXITY" missed="0" covered="1"/><counter type="METHOD" missed="0" covered="1"/></method><method name="getStato" desc="()Ljava/lang/String;" line="97"><counter type="INSTRUCTION" missed="0" covered="3"/><counter type="LINE" missed="0" covered="1"/><counter type="COMPLEXITY" missed="0" covered="1"/><counter type="METHOD" missed="0" covered="1"/></method><method name="setStato" desc="(Ljava/lang/String;)V" line="106"><counter type="INSTRUCTION" missed="4" covered="0"/><counter type="LINE" missed="2" covered="0"/><counter type="COMPLEXITY" missed="1" covered="0"/><counter type="METHOD" missed="1" covered="0"/></method><method name="setData" desc="()Ljava/lang/String;" line="115"><counter type="INSTRUCTION" missed="0" covered="9"/><counter type="LINE" missed="0" covered="3"/><counter type="COMPLEXITY" missed="0" covered="1"/><counter type="METHOD" missed="0" covered="1"/></method><method name="toString" desc="()Ljava/lang/String;" line="122"><counter type="INSTRUCTION" missed="31" covered="0"/><counter type="LINE" missed="1" covered="0"/><counter type="COMPLEXITY" missed="1" covered="0"/><counter type="METHOD" missed="1" covered="0"/></method><method name="save" desc="()V" line="142"><counter type="INSTRUCTION" missed="0" covered="3"/><counter type="LINE" missed="0" covered="2"/><counter type="COMPLEXITY" missed="0" covered="1"/><counter type="METHOD" missed="0" covered="1"/></method><counter type="INSTRUCTION" missed="38" covered="46"/><counter type="LINE" missed="4" covered="19"/><counter type="COMPLEXITY" missed="3" covered="10"/><counter type="METHOD" missed="3" covered="10"/><counter type="CLASS" missed="0" covered="1"/></class><sourcefile name="RichiestaAcquisto.java"><line nr="23" mi="0" ci="2" mb="0" cb="0"/><line nr="24" mi="0" ci="4" mb="0" cb="0"/><line nr="25" mi="0" ci="3" mb="0" cb="0"/><line nr="26" mi="0" ci="1" mb="0" cb="0"/><line nr="34" mi="0" ci="3" mb="0" cb="0"/><line nr="43" mi="0" ci="3" mb="0" cb="0"/><line nr="44" mi="0" ci="1" mb="0" cb="0"/><line nr="52" mi="3" ci="0" mb="0" cb="0"/><line nr="61" mi="0" ci="3" mb="0" cb="0"/><line nr="62" mi="0" ci="1" mb="0" cb="0"/><line nr="70" mi="0" ci="3" mb="0" cb="0"/><line nr="79" mi="0" ci="3" mb="0" cb="0"/><line nr="80" mi="0" ci="1" mb="0" cb="0"/><line nr="88" mi="0" ci="3" mb="0" cb="0"/><line nr="97" mi="0" ci="3" mb="0" cb="0"/><line nr="106" mi="3" ci="0" mb="0" cb="0"/><line nr="107" mi="1" ci="0" mb="0" cb="0"/><line nr="115" mi="0" ci="2" mb="0" cb="0"/><line nr="116" mi="0" ci="3" mb="0" cb="0"/><line nr="117" mi="0" ci="4" mb="0" cb="0"/><line nr="122" mi="31" ci="0" mb="0" cb="0"/><line nr="142" mi="0" ci="2" mb="0" cb="0"/><line nr="143" mi="0" ci="1" mb="0" cb="0"/><counter type="INSTRUCTION" missed="38" covered="46"/><counter type="LINE" missed="4" covered="19"/><counter type="COMPLEXITY" missed="3" covered="10"/><counter type="METHOD" missed="3" covered="10"/><counter type="CLASS" missed="0" covered="1"/></sourcefile><counter type="INSTRUCTION" missed="38" covered="46"/><counter type="LINE" missed="4" covered="19"/><counter type="COMPLEXITY" missed="3" covered="10"/><counter type="METHOD" missed="3" covered="10"/><counter type="CLASS" missed="0" covered="1"/></package><package name="persistenza"><class name="persistenza/DatabaseConnection" sourcefilename="DatabaseConnection.java"><method name="connect" desc="()V" line="23"><counter type="INSTRUCTION" missed="11" covered="24"/><counter type="BRANCH" missed="0" covered="4"/><counter type="LINE" missed="5" covered="10"/><counter type="COMPLEXITY" missed="0" covered="3"/><counter type="METHOD" missed="0" covered="1"/></method><method name="getInstance" desc="()Lpersistenza/DatabaseConnection;" line="56"><counter type="INSTRUCTION" missed="0" covered="9"/><counter type="BRANCH" missed="0" covered="2"/><counter type="LINE" missed="0" covered="4"/><counter type="COMPLEXITY" missed="0" covered="2"/><counter type="METHOD" missed="0" covered="1"/></method><method name="close" desc="()V" line="71"><counter type="INSTRUCTION" missed="8" covered="4"/><counter type="LINE" missed="3" covered="3"/><counter type="COMPLEXITY" missed="0" covered="1"/><counter type="METHOD" missed="0" covered="1"/></method><method name="getCon" desc="()Ljava/sql/Connection;" line="84"><counter type="INSTRUCTION" missed="0" covered="2"/><counter type="LINE" missed="0" covered="1"/><counter type="COMPLEXITY" missed="0" covered="1"/><counter type="METHOD" missed="0" covered="1"/></method><method name="getInstanceTEST" desc="()Lpersistenza/DatabaseConnection;" line="89"><counter type="INSTRUCTION" missed="0" covered="2"/><counter type="LINE" missed="0" covered="1"/><counter type="COMPLEXITY" missed="0" covered="1"/><counter type="METHOD" missed="0" covered="1"/></method><method name="&lt;clinit&gt;" desc="()V" line="12"><counter type="INSTRUCTION" missed="0" covered="5"/><counter type="LINE" missed="0" covered="2"/><counter type="COMPLEXITY" missed="0" covered="1"/><counter type="METHOD" missed="0" covered="1"/></method><counter type="INSTRUCTION" missed="19" covered="46"/><counter type="BRANCH" missed="0" covered="6"/><counter type="LINE" missed="8" covered="21"/><counter type="COMPLEXITY" missed="0" covered="9"/><counter type="METHOD" missed="0" covered="6"/><counter type="CLASS" missed="0" covered="1"/></class><sourcefile name="DatabaseConnection.java"><line nr="12" mi="0" ci="2" mb="0" cb="0"/><line nr="13" mi="0" ci="3" mb="0" cb="0"/><line nr="23" mi="0" ci="5" mb="0" cb="4"/><line nr="25" mi="0" ci="3" mb="0" cb="0"/><line nr="26" mi="0" ci="2" mb="0" cb="0"/><line nr="29" mi="0" ci="2" mb="0" cb="0"/><line nr="30" mi="0" ci="2" mb="0" cb="0"/><line nr="31" mi="0" ci="5" mb="0" cb="0"/><line nr="32" mi="0" ci="1" mb="0" cb="0"/><line nr="33" mi="0" ci="2" mb="0" cb="0"/><line nr="35" mi="1" ci="0" mb="0" cb="0"/><line nr="36" mi="2" ci="0" mb="0" cb="0"/><line nr="37" mi="5" ci="0" mb="0" cb="0"/><line nr="38" mi="1" ci="0" mb="0" cb="0"/><line nr="39" mi="2" ci="0" mb="0" cb="0"/><line nr="40" mi="0" ci="1" mb="0" cb="0"/><line nr="41" mi="0" ci="1" mb="0" cb="0"/><line nr="56" mi="0" ci="2" mb="0" cb="2"/><line nr="57" mi="0" ci="4" mb="0" cb="0"/><line nr="59" mi="0" ci="1" mb="0" cb="0"/><line nr="60" mi="0" ci="2" mb="0" cb="0"/><line nr="71" mi="0" ci="2" mb="0" cb="0"/><line nr="72" mi="1" ci="0" mb="0" cb="0"/><line nr="73" mi="2" ci="0" mb="0" cb="0"/><line nr="74" mi="5" ci="0" mb="0" cb="0"/><line nr="75" mi="0" ci="1" mb="0" cb="0"/><line nr="76" mi="0" ci="1" mb="0" cb="0"/><line nr="84" mi="0" ci="2" mb="0" cb="0"/><line nr="89" mi="0" ci="2" mb="0" cb="0"/><counter type="INSTRUCTION" missed="19" covered="46"/><counter type="BRANCH" missed="0" covered="6"/><counter type="LINE" missed="8" covered="21"/><counter type="COMPLEXITY" missed="0" covered="9"/><counter type="METHOD" missed="0" covered="6"/><counter type="CLASS" missed="0" covered="1"/></sourcefile><counter type="INSTRUCTION" missed="19" covered="46"/><counter type="BRANCH" missed="0" covered="6"/><counter type="LINE" missed="8" covered="21"/><counter type="COMPLEXITY" missed="0" covered="9"/><counter type="METHOD" missed="0" covered="6"/><counter type="CLASS" missed="0" covered="1"/></package><package name="business/inventario"><class name="business/inventario/Prodotto" sourcefilename="Prodotto.java"><method name="&lt;init&gt;" desc="(DJLjava/lang/String;ILjava/lang/String;Ljava/lang/String;Ljava/lang/String;)V" line="38"><counter type="INSTRUCTION" missed="0" covered="39"/><counter type="LINE" missed="0" covered="11"/><counter type="COMPLEXITY" missed="0" covered="1"/><counter type="METHOD" missed="0" covered="1"/></method><method name="&lt;init&gt;" desc="()V" line="53"><counter type="INSTRUCTION" missed="0" covered="3"/><counter type="LINE" missed="0" covered="2"/><counter type="COMPLEXITY" missed="0" covered="1"/><counter type="METHOD" missed="0" covered="1"/></method><method name="getTipologia" desc="()Ljava/lang/String;" line="62"><counter type="INSTRUCTION" missed="0" covered="3"/><counter type="LINE" missed="0" covered="1"/><counter type="COMPLEXITY" missed="0" covered="1"/><counter type="METHOD" missed="0" covered="1"/></method><method name="setTipologia" desc="(Ljava/lang/String;)V" line="71"><counter type="INSTRUCTION" missed="0" covered="4"/><counter type="LINE" missed="0" covered="2"/><counter type="COMPLEXITY" missed="0" covered="1"/><counter type="METHOD" missed="0" covered="1"/></method><method name="getScadenza" desc="()Ljava/lang/String;" line="80"><counter type="INSTRUCTION" missed="0" covered="3"/><counter type="LINE" missed="0" covered="1"/><counter type="COMPLEXITY" missed="0" covered="1"/><counter type="METHOD" missed="0" covered="1"/></method><method name="setScadenza" desc="(Ljava/lang/String;)V" line="89"><counter type="INSTRUCTION" missed="0" covered="4"/><counter type="LINE" missed="0" covered="2"/><counter type="COMPLEXITY" missed="0" covered="1"/><counter type="METHOD" missed="0" covered="1"/></method><method name="getDimensioneConfezione" desc="()Ljava/lang/String;" line="98"><counter type="INSTRUCTION" missed="0" covered="3"/><counter type="LINE" missed="0" covered="1"/><counter type="COMPLEXITY" missed="0" covered="1"/><counter type="METHOD" missed="0" covered="1"/></method><method name="setDimensioneConfezione" desc="(Ljava/lang/String;)V" line="107"><counter type="INSTRUCTION" missed="0" covered="4"/><counter type="LINE" missed="0" covered="2"/><counter type="COMPLEXITY" missed="0" covered="1"/><counter type="METHOD" missed="0" covered="1"/></method><method name="getPrezzo" desc="()D" line="116"><counter type="INSTRUCTION" missed="0" covered="3"/><counter type="LINE" missed="0" covered="1"/><counter type="COMPLEXITY" missed="0" covered="1"/><counter type="METHOD" missed="0" covered="1"/></method><method name="getNome" desc="()Ljava/lang/String;" line="125"><counter type="INSTRUCTION" missed="0" covered="3"/><counter type="LINE" missed="0" covered="1"/><counter type="COMPLEXITY" missed="0" covered="1"/><counter type="METHOD" missed="0" covered="1"/></method><method name="getAcquistato" desc="()I" line="135"><counter type="INSTRUCTION" missed="0" covered="3"/><counter type="LINE" missed="0" covered="1"/><counter type="COMPLEXITY" missed="0" covered="1"/><counter type="METHOD" missed="0" covered="1"/></method><method name="updateAcquistato" desc="(I)I" line="145"><counter type="INSTRUCTION" missed="0" covered="8"/><counter type="LINE" missed="0" covered="1"/><counter type="COMPLEXITY" missed="0" covered="1"/><counter type="METHOD" missed="0" covered="1"/></method><method name="setAcquistato" desc="(I)V" line="154"><counter type="INSTRUCTION" missed="0" covered="4"/><counter type="LINE" missed="0" covered="2"/><counter type="COMPLEXITY" missed="0" covered="1"/><counter type="METHOD" missed="0" covered="1"/></method><method name="setPrezzo" desc="(D)V" line="164"><counter type="INSTRUCTION" missed="0" covered="13"/><counter type="BRANCH" missed="0" covered="2"/><counter type="LINE" missed="0" covered="3"/><counter type="COMPLEXITY" missed="0" covered="2"/><counter type="METHOD" missed="0" covered="1"/></method><method name="getCodice" desc="()J" line="175"><counter type="INSTRUCTION" missed="0" covered="3"/><counter type="LINE" missed="0" covered="1"/><counter type="COMPLEXITY" missed="0" covered="1"/><counter type="METHOD" missed="0" covered="1"/></method><method name="setCodice" desc="(J)V" line="184"><counter type="INSTRUCTION" missed="0" covered="4"/><counter type="LINE" missed="0" covered="2"/><counter type="COMPLEXITY" missed="0" covered="1"/><counter type="METHOD" missed="0" covered="1"/></method><method name="setNome" desc="(Ljava/lang/String;)V" line="193"><counter type="INSTRUCTION" missed="0" covered="4"/><counter type="LINE" missed="0" covered="2"/><counter type="COMPLEXITY" missed="0" covered="1"/><counter type="METHOD" missed="0" covered="1"/></method><method name="getQuantity" desc="()I" line="202"><counter type="INSTRUCTION" missed="0" covered="3"/><counter type="LINE" missed="0" covered="1"/><counter type="COMPLEXITY" missed="0" covered="1"/><counter type="METHOD" missed="0" covered="1"/></method><method name="setQuantity" desc="(I)V" line="212"><counter type="INSTRUCTION" missed="0" covered="11"/><counter type="BRANCH" missed="0" covered="2"/><counter type="LINE" missed="0" covered="3"/><counter type="COMPLEXITY" missed="0" covered="2"/><counter type="METHOD" missed="0" covered="1"/></method><method name="search" desc="(Ljava/lang/Long;)Lbusiness/inventario/Prodotto;" line="226"><counter type="INSTRUCTION" missed="0" covered="3"/><counter type="LINE" missed="0" covered="1"/><counter type="COMPLEXITY" missed="0" covered="1"/><counter type="METHOD" missed="0" covered="1"/></method><method name="leavedbquantity" desc="()V" line="236"><counter type="INSTRUCTION" missed="0" covered="6"/><counter type="BRANCH" missed="1" covered="1"/><counter type="LINE" missed="0" covered="3"/><counter type="COMPLEXITY" missed="1" covered="1"/><counter type="METHOD" missed="0" covered="1"/></method><method name="adddbquantity" desc="(I)V" line="249"><counter type="INSTRUCTION" missed="0" covered="12"/><counter type="BRANCH" missed="0" covered="2"/><counter type="LINE" missed="0" covered="3"/><counter type="COMPLEXITY" missed="0" covered="2"/><counter type="METHOD" missed="0" covered="1"/></method><method name="createProdotto" desc="()V" line="262"><counter type="INSTRUCTION" missed="0" covered="16"/><counter type="BRANCH" missed="0" covered="4"/><counter type="LINE" missed="0" covered="4"/><counter type="COMPLEXITY" missed="0" covered="3"/><counter type="METHOD" missed="0" covered="1"/></method><method name="modificaPrezzo" desc="(D)V" line="275"><counter type="INSTRUCTION" missed="0" covered="13"/><counter type="BRANCH" missed="0" covered="2"/><counter type="LINE" missed="0" covered="4"/><counter type="COMPLEXITY" missed="0" covered="2"/><counter type="METHOD" missed="0" covered="1"/></method><method name="toString" desc="()Ljava/lang/String;" line="283"><counter type="INSTRUCTION" missed="0" covered="55"/><counter type="LINE" missed="0" covered="1"/><counter type="COMPLEXITY" missed="0" covered="1"/><counter type="METHOD" missed="0" covered="1"/></method><method name="equals" desc="(Ljava/lang/Object;)Z" line="309"><counter type="INSTRUCTION" missed="0" covered="27"/><counter type="BRANCH" missed="0" covered="8"/><counter type="LINE" missed="0" covered="6"/><counter type="COMPLEXITY" missed="0" covered="5"/><counter type="METHOD" missed="0" covered="1"/></method><method name="eliminaProdotto" desc="()Z" line="330"><counter type="INSTRUCTION" missed="3" covered="0"/><counter type="LINE" missed="1" covered="0"/><counter type="COMPLEXITY" missed="1" covered="0"/><counter type="METHOD" missed="1" covered="0"/></method><method name="setQuantitySenzaControllo" desc="(I)V" line="336"><counter type="INSTRUCTION" missed="4" covered="0"/><counter type="LINE" missed="2" covered="0"/><counter type="COMPLEXITY" missed="1" covered="0"/><counter type="METHOD" missed="1" covered="0"/></method><counter type="INSTRUCTION" missed="7" covered="254"/><counter type="BRANCH" missed="1" covered="21"/><counter type="LINE" missed="3" covered="62"/><counter type="COMPLEXITY" missed="3" covered="36"/><counter type="METHOD" missed="2" covered="26"/><counter type="CLASS" missed="0" covered="1"/></class><class name="business/inventario/MagazzinoController" sourcefilename="MagazzinoController.java"><method name="&lt;init&gt;" desc="()V" line="26"><counter type="INSTRUCTION" missed="0" covered="3"/><counter type="LINE" missed="0" covered="1"/><counter type="COMPLEXITY" missed="0" covered="1"/><counter type="METHOD" missed="0" covered="1"/></method><method name="initialize" desc="(Ljava/net/URL;Ljava/util/ResourceBundle;)V" line="91"><counter type="INSTRUCTION" missed="0" covered="79"/><counter type="BRANCH" missed="0" covered="8"/><counter type="LINE" missed="0" covered="18"/><counter type="COMPLEXITY" missed="0" covered="5"/><counter type="METHOD" missed="0" covered="1"/></method><method name="openDashboardMagazzino" desc="(Ljavafx/scene/input/MouseEvent;)V" line="129"><counter type="INSTRUCTION" missed="3" covered="0"/><counter type="LINE" missed="2" covered="0"/><counter type="COMPLEXITY" missed="1" covered="0"/><counter type="METHOD" missed="1" covered="0"/></method><method name="openDashboard" desc="(Ljavafx/scene/input/MouseEvent;)V" line="142"><counter type="INSTRUCTION" missed="4" covered="0"/><counter type="LINE" missed="3" covered="0"/><counter type="COMPLEXITY" missed="1" covered="0"/><counter type="METHOD" missed="1" covered="0"/></method><method name="openInserisciProdotto" desc="(Ljavafx/scene/input/MouseEvent;)V" line="154"><counter type="INSTRUCTION" missed="3" covered="0"/><counter type="LINE" missed="2" covered="0"/><counter type="COMPLEXITY" missed="1" covered="0"/><counter type="METHOD" missed="1" covered="0"/></method><method name="openInserisciNuovoProdotto" desc="(Ljavafx/scene/input/MouseEvent;)V" line="165"><counter type="INSTRUCTION" missed="3" covered="0"/><counter type="LINE" missed="2" covered="0"/><counter type="COMPLEXITY" missed="1" covered="0"/><counter type="METHOD" missed="1" covered="0"/></method><method name="openOrdinaProdotto" desc="(Ljavafx/scene/input/MouseEvent;)V" line="176"><counter type="INSTRUCTION" missed="3" covered="0"/><counter type="LINE" missed="2" covered="0"/><counter type="COMPLEXITY" missed="1" covered="0"/><counter type="METHOD" missed="1" covered="0"/></method><method name="openModificaPrezzo" desc="(Ljavafx/scene/input/MouseEvent;)V" line="187"><counter type="INSTRUCTION" missed="3" covered="0"/><counter type="LINE" missed="2" covered="0"/><counter type="COMPLEXITY" missed="1" covered="0"/><counter type="METHOD" missed="1" covered="0"/></method><method name="openInserisciProdottoRiepilogo" desc="(Ljavafx/scene/input/MouseEvent;)V" line="206"><counter type="INSTRUCTION" missed="3" covered="61"/><counter type="BRANCH" missed="0" covered="4"/><counter type="LINE" missed="1" covered="13"/><counter type="COMPLEXITY" missed="0" covered="3"/><counter type="METHOD" missed="0" covered="1"/></method><method name="inserisciProdotto" desc="(Ljavafx/scene/input/MouseEvent;)V" line="235"><counter type="INSTRUCTION" missed="12" covered="0"/><counter type="LINE" missed="4" covered="0"/><counter type="COMPLEXITY" missed="1" covered="0"/><counter type="METHOD" missed="1" covered="0"/></method><method name="openNuovoProdottoRiepilogo" desc="(Ljavafx/scene/input/MouseEvent;)V" line="254"><counter type="INSTRUCTION" missed="3" covered="124"/><counter type="BRANCH" missed="0" covered="20"/><counter type="LINE" missed="1" covered="24"/><counter type="COMPLEXITY" missed="0" covered="11"/><counter type="METHOD" missed="0" covered="1"/></method><method name="inserisciNuovoProdotto" desc="(Ljavafx/scene/input/MouseEvent;)V" line="307"><counter type="INSTRUCTION" missed="7" covered="0"/><counter type="LINE" missed="4" covered="0"/><counter type="COMPLEXITY" missed="1" covered="0"/><counter type="METHOD" missed="1" covered="0"/></method><method name="aggiornaPrezzo" desc="(Ljavafx/scene/input/MouseEvent;)V" line="326"><counter type="INSTRUCTION" missed="3" covered="23"/><counter type="BRANCH" missed="0" covered="2"/><counter type="LINE" missed="1" covered="6"/><counter type="COMPLEXITY" missed="0" covered="2"/><counter type="METHOD" missed="0" covered="1"/></method><method name="openModificaPrezzoPopUp" desc="(Ljavafx/scene/input/MouseEvent;)V" line="346"><counter type="INSTRUCTION" missed="3" covered="16"/><counter type="BRANCH" missed="0" covered="2"/><counter type="LINE" missed="1" covered="4"/><counter type="COMPLEXITY" missed="0" covered="2"/><counter type="METHOD" missed="0" covered="1"/></method><method name="cercaProdottoOrdinaProd" desc="(Ljavafx/scene/input/MouseEvent;)V" line="368"><counter type="INSTRUCTION" missed="3" covered="71"/><counter type="BRANCH" missed="0" covered="10"/><counter type="LINE" missed="1" covered="19"/><counter type="COMPLEXITY" missed="0" covered="6"/><counter type="METHOD" missed="0" covered="1"/></method><method name="openOrdinaProdottoManu" desc="(Ljavafx/event/ActionEvent;)V" line="412"><counter type="INSTRUCTION" missed="3" covered="0"/><counter type="LINE" missed="2" covered="0"/><counter type="COMPLEXITY" missed="1" covered="0"/><counter type="METHOD" missed="1" covered="0"/></method><method name="confermaOrdine" desc="(Ljavafx/scene/input/MouseEvent;)V" line="424"><counter type="INSTRUCTION" missed="19" covered="0"/><counter type="LINE" missed="7" covered="0"/><counter type="COMPLEXITY" missed="1" covered="0"/><counter type="METHOD" missed="1" covered="0"/></method><method name="confermaOrdineManu" desc="(Ljavafx/scene/input/MouseEvent;)V" line="442"><counter type="INSTRUCTION" missed="3" covered="28"/><counter type="BRANCH" missed="0" covered="2"/><counter type="LINE" missed="2" covered="8"/><counter type="COMPLEXITY" missed="0" covered="2"/><counter type="METHOD" missed="0" covered="1"/></method><method name="setNomeProd" desc="(Ljavafx/scene/control/TextField;)V" line="459"><counter type="INSTRUCTION" missed="4" covered="0"/><counter type="LINE" missed="2" covered="0"/><counter type="COMPLEXITY" missed="1" covered="0"/><counter type="METHOD" missed="1" covered="0"/></method><method name="setPrezzoProd" desc="(Ljavafx/scene/control/TextField;)V" line="463"><counter type="INSTRUCTION" missed="4" covered="0"/><counter type="LINE" missed="2" covered="0"/><counter type="COMPLEXITY" missed="1" covered="0"/><counter type="METHOD" missed="1" covered="0"/></method><method name="setCodiceProd" desc="(Ljavafx/scene/control/TextField;)V" line="467"><counter type="INSTRUCTION" missed="4" covered="0"/><counter type="LINE" missed="2" covered="0"/><counter type="COMPLEXITY" missed="1" covered="0"/><counter type="METHOD" missed="1" covered="0"/></method><method name="setQuantitaProd" desc="(Ljavafx/scene/control/TextField;)V" line="471"><counter type="INSTRUCTION" missed="4" covered="0"/><counter type="LINE" missed="2" covered="0"/><counter type="COMPLEXITY" missed="1" covered="0"/><counter type="METHOD" missed="1" covered="0"/></method><method name="setRiepilogoNuovoProdotto" desc="(Ljavafx/scene/control/TextField;)V" line="475"><counter type="INSTRUCTION" missed="0" covered="4"/><counter type="LINE" missed="0" covered="2"/><counter type="COMPLEXITY" missed="0" covered="1"/><counter type="METHOD" missed="0" covered="1"/></method><method name="setRiepilogoProdotto" desc="(Ljavafx/scene/control/TextField;)V" line="479"><counter type="INSTRUCTION" missed="0" covered="4"/><counter type="LINE" missed="0" covered="2"/><counter type="COMPLEXITY" missed="0" covered="1"/><counter type="METHOD" missed="0" covered="1"/></method><method name="setLabelNomeProd" desc="(Ljavafx/scene/control/Label;)V" line="483"><counter type="INSTRUCTION" missed="0" covered="4"/><counter type="LINE" missed="0" covered="2"/><counter type="COMPLEXITY" missed="0" covered="1"/><counter type="METHOD" missed="0" covered="1"/></method><method name="setLabelPrezzoProd" desc="(Ljavafx/scene/control/Label;)V" line="487"><counter type="INSTRUCTION" missed="0" covered="4"/><counter type="LINE" missed="0" covered="2"/><counter type="COMPLEXITY" missed="0" covered="1"/><counter type="METHOD" missed="0" covered="1"/></method><method name="setLabelOrdineCalcSugg" desc="(Ljavafx/scene/control/Label;)V" line="491"><counter type="INSTRUCTION" missed="0" covered="4"/><counter type="LINE" missed="0" covered="2"/><counter type="COMPLEXITY" missed="0" covered="1"/><counter type="METHOD" missed="0" covered="1"/></method><method name="setLabelNomeProdSugg" desc="(Ljavafx/scene/control/Label;)V" line="495"><counter type="INSTRUCTION" missed="0" covered="4"/><counter type="LINE" missed="0" covered="2"/><counter type="COMPLEXITY" missed="0" covered="1"/><counter type="METHOD" missed="0" covered="1"/></method><method name="setLabelQuantitaProdSugg" desc="(Ljavafx/scene/control/Label;)V" line="499"><counter type="INSTRUCTION" missed="0" covered="4"/><counter type="LINE" missed="0" covered="2"/><counter type="COMPLEXITY" missed="0" covered="1"/><counter type="METHOD" missed="0" covered="1"/></method><method name="setTipologiaProd" desc="(Ljavafx/scene/control/TextField;)V" line="503"><counter type="INSTRUCTION" missed="4" covered="0"/><counter type="LINE" missed="2" covered="0"/><counter type="COMPLEXITY" missed="1" covered="0"/><counter type="METHOD" missed="1" covered="0"/></method><method name="setPrezzoSped" desc="(Ljavafx/scene/control/TextField;)V" line="507"><counter type="INSTRUCTION" missed="4" covered="0"/><counter type="LINE" missed="2" covered="0"/><counter type="COMPLEXITY" missed="1" covered="0"/><counter type="METHOD" missed="1" covered="0"/></method><method name="setPiccolaDim" desc="(Ljavafx/scene/control/RadioButton;)V" line="511"><counter type="INSTRUCTION" missed="4" covered="0"/><counter type="LINE" missed="2" covered="0"/><counter type="COMPLEXITY" missed="1" covered="0"/><counter type="METHOD" missed="1" covered="0"/></method><method name="setMedioDim" desc="(Ljavafx/scene/control/RadioButton;)V" line="515"><counter type="INSTRUCTION" missed="4" covered="0"/><counter type="LINE" missed="2" covered="0"/><counter type="COMPLEXITY" missed="1" covered="0"/><counter type="METHOD" missed="1" covered="0"/></method><method name="setGrandeDim" desc="(Ljavafx/scene/control/RadioButton;)V" line="519"><counter type="INSTRUCTION" missed="4" covered="0"/><counter type="LINE" missed="2" covered="0"/><counter type="COMPLEXITY" missed="1" covered="0"/><counter type="METHOD" missed="1" covered="0"/></method><method name="setBreveSca" desc="(Ljavafx/scene/control/RadioButton;)V" line="523"><counter type="INSTRUCTION" missed="4" covered="0"/><counter type="LINE" missed="2" covered="0"/><counter type="COMPLEXITY" missed="1" covered="0"/><counter type="METHOD" missed="1" covered="0"/></method><method name="setMediaSca" desc="(Ljavafx/scene/control/RadioButton;)V" line="527"><counter type="INSTRUCTION" missed="4" covered="0"/><counter type="LINE" missed="2" covered="0"/><counter type="COMPLEXITY" missed="1" covered="0"/><counter type="METHOD" missed="1" covered="0"/></method><method name="setLungaSca" desc="(Ljavafx/scene/control/RadioButton;)V" line="531"><counter type="INSTRUCTION" missed="4" covered="0"/><counter type="LINE" missed="2" covered="0"/><counter type="COMPLEXITY" missed="1" covered="0"/><counter type="METHOD" missed="1" covered="0"/></method><method name="setPrimavera" desc="(Ljavafx/scene/control/RadioButton;)V" line="535"><counter type="INSTRUCTION" missed="4" covered="0"/><counter type="LINE" missed="2" covered="0"/><counter type="COMPLEXITY" missed="1" covered="0"/><counter type="METHOD" missed="1" covered="0"/></method><method name="setEstate" desc="(Ljavafx/scene/control/RadioButton;)V" line="539"><counter type="INSTRUCTION" missed="4" covered="0"/><counter type="LINE" missed="2" covered="0"/><counter type="COMPLEXITY" missed="1" covered="0"/><counter type="METHOD" missed="1" covered="0"/></method><method name="setAutunno" desc="(Ljavafx/scene/control/RadioButton;)V" line="543"><counter type="INSTRUCTION" missed="4" covered="0"/><counter type="LINE" missed="2" covered="0"/><counter type="COMPLEXITY" missed="1" covered="0"/><counter type="METHOD" missed="1" covered="0"/></method><method name="setInverno" desc="(Ljavafx/scene/control/RadioButton;)V" line="547"><counter type="INSTRUCTION" missed="4" covered="0"/><counter type="LINE" missed="2" covered="0"/><counter type="COMPLEXITY" missed="1" covered="0"/><counter type="METHOD" missed="1" covered="0"/></method><method name="setDimensioni" desc="(Ljavafx/scene/control/ToggleGroup;)V" line="551"><counter type="INSTRUCTION" missed="0" covered="4"/><counter type="LINE" missed="0" covered="2"/><counter type="COMPLEXITY" missed="0" covered="1"/><counter type="METHOD" missed="0" covered="1"/></method><method name="setScadenza" desc="(Ljavafx/scene/control/ToggleGroup;)V" line="555"><counter type="INSTRUCTION" missed="0" covered="4"/><counter type="LINE" missed="0" covered="2"/><counter type="COMPLEXITY" missed="0" covered="1"/><counter type="METHOD" missed="0" covered="1"/></method><method name="setStagione" desc="(Ljavafx/scene/control/ToggleGroup;)V" line="559"><counter type="INSTRUCTION" missed="0" covered="4"/><counter type="LINE" missed="0" covered="2"/><counter type="COMPLEXITY" missed="0" covered="1"/><counter type="METHOD" missed="0" covered="1"/></method><method name="setTipoSupermerc" desc="(Ljavafx/scene/control/ToggleGroup;)V" line="563"><counter type="INSTRUCTION" missed="0" covered="4"/><counter type="LINE" missed="0" covered="2"/><counter type="COMPLEXITY" missed="0" covered="1"/><counter type="METHOD" missed="0" covered="1"/></method><method name="getProdotto" desc="()Lbusiness/inventario/Prodotto;" line="567"><counter type="INSTRUCTION" missed="2" covered="0"/><counter type="LINE" missed="1" covered="0"/><counter type="COMPLEXITY" missed="1" covered="0"/><counter type="METHOD" missed="1" covered="0"/></method><method name="setProdotto" desc="(Lbusiness/inventario/Prodotto;)V" line="571"><counter type="INSTRUCTION" missed="0" covered="3"/><counter type="LINE" missed="0" covered="2"/><counter type="COMPLEXITY" missed="0" covered="1"/><counter type="METHOD" missed="0" covered="1"/></method><method name="getTempProdotto" desc="()Lbusiness/inventario/Prodotto;" line="575"><counter type="INSTRUCTION" missed="2" covered="0"/><counter type="LINE" missed="1" covered="0"/><counter type="COMPLEXITY" missed="1" covered="0"/><counter type="METHOD" missed="1" covered="0"/></method><method name="setTempProdotto" desc="(Lbusiness/inventario/Prodotto;)V" line="579"><counter type="INSTRUCTION" missed="0" covered="3"/><counter type="LINE" missed="0" covered="2"/><counter type="COMPLEXITY" missed="0" covered="1"/><counter type="METHOD" missed="0" covered="1"/></method><method name="getNomeProd" desc="()Ljavafx/scene/control/TextField;" line="583"><counter type="INSTRUCTION" missed="3" covered="0"/><counter type="LINE" missed="1" covered="0"/><counter type="COMPLEXITY" missed="1" covered="0"/><counter type="METHOD" missed="1" covered="0"/></method><method name="setNomeProd" desc="(Ljava/lang/String;)V" line="587"><counter type="INSTRUCTION" missed="0" covered="10"/><counter type="LINE" missed="0" covered="3"/><counter type="COMPLEXITY" missed="0" covered="1"/><counter type="METHOD" missed="0" covered="1"/></method><method name="getPrezzoProd" desc="()Ljavafx/scene/control/TextField;" line="592"><counter type="INSTRUCTION" missed="3" covered="0"/><counter type="LINE" missed="1" covered="0"/><counter type="COMPLEXITY" missed="1" covered="0"/><counter type="METHOD" missed="1" covered="0"/></method><method name="setPrezzoProd" desc="(Ljava/lang/String;)V" line="596"><counter type="INSTRUCTION" missed="0" covered="10"/><counter type="LINE" missed="0" covered="3"/><counter type="COMPLEXITY" missed="0" covered="1"/><counter type="METHOD" missed="0" covered="1"/></method><method name="getCodiceProd" desc="()Ljavafx/scene/control/TextField;" line="601"><counter type="INSTRUCTION" missed="3" covered="0"/><counter type="LINE" missed="1" covered="0"/><counter type="COMPLEXITY" missed="1" covered="0"/><counter type="METHOD" missed="1" covered="0"/></method><method name="setCodiceProd" desc="(Ljava/lang/String;)V" line="605"><counter type="INSTRUCTION" missed="0" covered="10"/><counter type="LINE" missed="0" covered="3"/><counter type="COMPLEXITY" missed="0" covered="1"/><counter type="METHOD" missed="0" covered="1"/></method><method name="getQuantitaProd" desc="()Ljavafx/scene/control/TextField;" line="610"><counter type="INSTRUCTION" missed="3" covered="0"/><counter type="LINE" missed="1" covered="0"/><counter type="COMPLEXITY" missed="1" covered="0"/><counter type="METHOD" missed="1" covered="0"/></method><method name="setQuantitaProd" desc="(Ljava/lang/String;)V" line="614"><counter type="INSTRUCTION" missed="0" covered="10"/><counter type="LINE" missed="0" covered="3"/><counter type="COMPLEXITY" missed="0" covered="1"/><counter type="METHOD" missed="0" covered="1"/></method><method name="getRiepilogoNuovoProdotto" desc="()Ljavafx/scene/control/TextField;" line="619"><counter type="INSTRUCTION" missed="0" covered="3"/><counter type="LINE" missed="0" covered="1"/><counter type="COMPLEXITY" missed="0" covered="1"/><counter type="METHOD" missed="0" covered="1"/></method><method name="setRiepilogoNuovoProdotto" desc="(Ljava/lang/String;)V" line="623"><counter type="INSTRUCTION" missed="10" covered="0"/><counter type="LINE" missed="3" covered="0"/><counter type="COMPLEXITY" missed="1" covered="0"/><counter type="METHOD" missed="1" covered="0"/></method><method name="getRiepilogoProdotto" desc="()Ljavafx/scene/control/TextField;" line="628"><counter type="INSTRUCTION" missed="0" covered="3"/><counter type="LINE" missed="0" covered="1"/><counter type="COMPLEXITY" missed="0" covered="1"/><counter type="METHOD" missed="0" covered="1"/></method><method name="setRiepilogoProdotto" desc="(Ljava/lang/String;)V" line="632"><counter type="INSTRUCTION" missed="10" covered="0"/><counter type="LINE" missed="3" covered="0"/><counter type="COMPLEXITY" missed="1" covered="0"/><counter type="METHOD" missed="1" covered="0"/></method><method name="getLabelNomeProd" desc="()Ljavafx/scene/control/Label;" line="637"><counter type="INSTRUCTION" missed="0" covered="3"/><counter type="LINE" missed="0" covered="1"/><counter type="COMPLEXITY" missed="0" covered="1"/><counter type="METHOD" missed="0" covered="1"/></method><method name="setLabelNomeProd" desc="(Ljava/lang/String;)V" line="641"><counter type="INSTRUCTION" missed="10" covered="0"/><counter type="LINE" missed="3" covered="0"/><counter type="COMPLEXITY" missed="1" covered="0"/><counter type="METHOD" missed="1" covered="0"/></method><method name="getLabelPrezzoProd" desc="()Ljavafx/scene/control/Label;" line="646"><counter type="INSTRUCTION" missed="3" covered="0"/><counter type="LINE" missed="1" covered="0"/><counter type="COMPLEXITY" missed="1" covered="0"/><counter type="METHOD" missed="1" covered="0"/></method><method name="setLabelPrezzoProd" desc="(Ljava/lang/String;)V" line="650"><counter type="INSTRUCTION" missed="10" covered="0"/><counter type="LINE" missed="3" covered="0"/><counter type="COMPLEXITY" missed="1" covered="0"/><counter type="METHOD" missed="1" covered="0"/></method><method name="getLabelOrdineCalcSugg" desc="()Ljavafx/scene/control/Label;" line="655"><counter type="INSTRUCTION" missed="3" covered="0"/><counter type="LINE" missed="1" covered="0"/><counter type="COMPLEXITY" missed="1" covered="0"/><counter type="METHOD" missed="1" covered="0"/></method><method name="setLabelOrdineCalcSugg" desc="(Ljava/lang/String;)V" line="659"><counter type="INSTRUCTION" missed="10" covered="0"/><counter type="LINE" missed="3" covered="0"/><counter type="COMPLEXITY" missed="1" covered="0"/><counter type="METHOD" missed="1" covered="0"/></method><method name="getLabelNomeProdSugg" desc="()Ljavafx/scene/control/Label;" line="664"><counter type="INSTRUCTION" missed="0" covered="3"/><counter type="LINE" missed="0" covered="1"/><counter type="COMPLEXITY" missed="0" covered="1"/><counter type="METHOD" missed="0" covered="1"/></method><method name="setLabelNomeProdSugg" desc="(Ljava/lang/String;)V" line="668"><counter type="INSTRUCTION" missed="10" covered="0"/><counter type="LINE" missed="3" covered="0"/><counter type="COMPLEXITY" missed="1" covered="0"/><counter type="METHOD" missed="1" covered="0"/></method><method name="getLabelQuantitaProdSugg" desc="()Ljavafx/scene/control/Label;" line="673"><counter type="INSTRUCTION" missed="3" covered="0"/><counter type="LINE" missed="1" covered="0"/><counter type="COMPLEXITY" missed="1" covered="0"/><counter type="METHOD" missed="1" covered="0"/></method><method name="setLabelQuantitaProdSugg" desc="(Ljava/lang/String;)V" line="677"><counter type="INSTRUCTION" missed="10" covered="0"/><counter type="LINE" missed="3" covered="0"/><counter type="COMPLEXITY" missed="1" covered="0"/><counter type="METHOD" missed="1" covered="0"/></method><method name="getTipologiaProd" desc="()Ljavafx/scene/control/TextField;" line="682"><counter type="INSTRUCTION" missed="3" covered="0"/><counter type="LINE" missed="1" covered="0"/><counter type="COMPLEXITY" missed="1" covered="0"/><counter type="METHOD" missed="1" covered="0"/></method><method name="setTipologiaProd" desc="(Ljava/lang/String;)V" line="686"><counter type="INSTRUCTION" missed="0" covered="10"/><counter type="LINE" missed="0" covered="3"/><counter type="COMPLEXITY" missed="0" covered="1"/><counter type="METHOD" missed="0" covered="1"/></method><method name="getPrezzoSped" desc="()Ljavafx/scene/control/TextField;" line="691"><counter type="INSTRUCTION" missed="3" covered="0"/><counter type="LINE" missed="1" covered="0"/><counter type="COMPLEXITY" missed="1" covered="0"/><counter type="METHOD" missed="1" covered="0"/></method><method name="setPrezzoSped" desc="(Ljava/lang/String;)V" line="695"><counter type="INSTRUCTION" missed="0" covered="10"/><counter type="LINE" missed="0" covered="3"/><counter type="COMPLEXITY" missed="0" covered="1"/><counter type="METHOD" missed="0" covered="1"/></method><method name="getPiccolaDim" desc="()Ljavafx/scene/control/RadioButton;" line="700"><counter type="INSTRUCTION" missed="3" covered="0"/><counter type="LINE" missed="1" covered="0"/><counter type="COMPLEXITY" missed="1" covered="0"/><counter type="METHOD" missed="1" covered="0"/></method><method name="setPiccolaDim" desc="(Z)V" line="704"><counter type="INSTRUCTION" missed="10" covered="0"/><counter type="LINE" missed="3" covered="0"/><counter type="COMPLEXITY" missed="1" covered="0"/><counter type="METHOD" missed="1" covered="0"/></method><method name="getMedioDim" desc="()Ljavafx/scene/control/RadioButton;" line="709"><counter type="INSTRUCTION" missed="3" covered="0"/><counter type="LINE" missed="1" covered="0"/><counter type="COMPLEXITY" missed="1" covered="0"/><counter type="METHOD" missed="1" covered="0"/></method><method name="setMedioDim" desc="(Z)V" line="713"><counter type="INSTRUCTION" missed="10" covered="0"/><counter type="LINE" missed="3" covered="0"/><counter type="COMPLEXITY" missed="1" covered="0"/><counter type="METHOD" missed="1" covered="0"/></method><method name="getGrandeDim" desc="()Ljavafx/scene/control/RadioButton;" line="718"><counter type="INSTRUCTION" missed="3" covered="0"/><counter type="LINE" missed="1" covered="0"/><counter type="COMPLEXITY" missed="1" covered="0"/><counter type="METHOD" missed="1" covered="0"/></method><method name="setGrandeDim" desc="(Z)V" line="722"><counter type="INSTRUCTION" missed="10" covered="0"/><counter type="LINE" missed="3" covered="0"/><counter type="COMPLEXITY" missed="1" covered="0"/><counter type="METHOD" missed="1" covered="0"/></method><method name="getBreveSca" desc="()Ljavafx/scene/control/RadioButton;" line="727"><counter type="INSTRUCTION" missed="3" covered="0"/><counter type="LINE" missed="1" covered="0"/><counter type="COMPLEXITY" missed="1" covered="0"/><counter type="METHOD" missed="1" covered="0"/></method><method name="setBreveSca" desc="(Z)V" line="731"><counter type="INSTRUCTION" missed="10" covered="0"/><counter type="LINE" missed="3" covered="0"/><counter type="COMPLEXITY" missed="1" covered="0"/><counter type="METHOD" missed="1" covered="0"/></method><method name="getMediaSca" desc="()Ljavafx/scene/control/RadioButton;" line="736"><counter type="INSTRUCTION" missed="3" covered="0"/><counter type="LINE" missed="1" covered="0"/><counter type="COMPLEXITY" missed="1" covered="0"/><counter type="METHOD" missed="1" covered="0"/></method><method name="setMediaSca" desc="(Z)V" line="740"><counter type="INSTRUCTION" missed="10" covered="0"/><counter type="LINE" missed="3" covered="0"/><counter type="COMPLEXITY" missed="1" covered="0"/><counter type="METHOD" missed="1" covered="0"/></method><method name="getLungaSca" desc="()Ljavafx/scene/control/RadioButton;" line="745"><counter type="INSTRUCTION" missed="3" covered="0"/><counter type="LINE" missed="1" covered="0"/><counter type="COMPLEXITY" missed="1" covered="0"/><counter type="METHOD" missed="1" covered="0"/></method><method name="setLungaSca" desc="(Z)V" line="749"><counter type="INSTRUCTION" missed="10" covered="0"/><counter type="LINE" missed="3" covered="0"/><counter type="COMPLEXITY" missed="1" covered="0"/><counter type="METHOD" missed="1" covered="0"/></method><method name="getPrimavera" desc="()Ljavafx/scene/control/RadioButton;" line="754"><counter type="INSTRUCTION" missed="3" covered="0"/><counter type="LINE" missed="1" covered="0"/><counter type="COMPLEXITY" missed="1" covered="0"/><counter type="METHOD" missed="1" covered="0"/></method><method name="setPrimavera" desc="(Z)V" line="758"><counter type="INSTRUCTION" missed="10" covered="0"/><counter type="LINE" missed="3" covered="0"/><counter type="COMPLEXITY" missed="1" covered="0"/><counter type="METHOD" missed="1" covered="0"/></method><method name="getEstate" desc="()Ljavafx/scene/control/RadioButton;" line="763"><counter type="INSTRUCTION" missed="3" covered="0"/><counter type="LINE" missed="1" covered="0"/><counter type="COMPLEXITY" missed="1" covered="0"/><counter type="METHOD" missed="1" covered="0"/></method><method name="setEstate" desc="(Z)V" line="767"><counter type="INSTRUCTION" missed="10" covered="0"/><counter type="LINE" missed="3" covered="0"/><counter type="COMPLEXITY" missed="1" covered="0"/><counter type="METHOD" missed="1" covered="0"/></method><method name="getAutunno" desc="()Ljavafx/scene/control/RadioButton;" line="772"><counter type="INSTRUCTION" missed="3" covered="0"/><counter type="LINE" missed="1" covered="0"/><counter type="COMPLEXITY" missed="1" covered="0"/><counter type="METHOD" missed="1" covered="0"/></method><method name="setAutunno" desc="(Z)V" line="776"><counter type="INSTRUCTION" missed="10" covered="0"/><counter type="LINE" missed="3" covered="0"/><counter type="COMPLEXITY" missed="1" covered="0"/><counter type="METHOD" missed="1" covered="0"/></method><method name="getInverno" desc="()Ljavafx/scene/control/RadioButton;" line="781"><counter type="INSTRUCTION" missed="3" covered="0"/><counter type="LINE" missed="1" covered="0"/><counter type="COMPLEXITY" missed="1" covered="0"/><counter type="METHOD" missed="1" covered="0"/></method><method name="setInverno" desc="(Z)V" line="785"><counter type="INSTRUCTION" missed="10" covered="0"/><counter type="LINE" missed="3" covered="0"/><counter type="COMPLEXITY" missed="1" covered="0"/><counter type="METHOD" missed="1" covered="0"/></method><method name="getOrdineCalcolato" desc="()I" line="790"><counter type="INSTRUCTION" missed="2" covered="0"/><counter type="LINE" missed="1" covered="0"/><counter type="COMPLEXITY" missed="1" covered="0"/><counter type="METHOD" missed="1" covered="0"/></method><method name="getDimensioni" desc="()Ljavafx/scene/control/ToggleGroup;" line="794"><counter type="INSTRUCTION" missed="3" covered="0"/><counter type="LINE" missed="1" covered="0"/><counter type="COMPLEXITY" missed="1" covered="0"/><counter type="METHOD" missed="1" covered="0"/></method><method name="setDimensioni" desc="(Ljavafx/scene/control/RadioButton;)V" line="798"><counter type="INSTRUCTION" missed="0" covered="14"/><counter type="LINE" missed="0" covered="4"/><counter type="COMPLEXITY" missed="0" covered="1"/><counter type="METHOD" missed="0" covered="1"/></method><method name="getScadenza" desc="()Ljavafx/scene/control/ToggleGroup;" line="804"><counter type="INSTRUCTION" missed="3" covered="0"/><counter type="LINE" missed="1" covered="0"/><counter type="COMPLEXITY" missed="1" covered="0"/><counter type="METHOD" missed="1" covered="0"/></method><method name="setScadenza" desc="(Ljavafx/scene/control/RadioButton;)V" line="808"><counter type="INSTRUCTION" missed="0" covered="14"/><counter type="LINE" missed="0" covered="4"/><counter type="COMPLEXITY" missed="0" covered="1"/><counter type="METHOD" missed="0" covered="1"/></method><method name="getStagione" desc="()Ljavafx/scene/control/ToggleGroup;" line="814"><counter type="INSTRUCTION" missed="3" covered="0"/><counter type="LINE" missed="1" covered="0"/><counter type="COMPLEXITY" missed="1" covered="0"/><counter type="METHOD" missed="1" covered="0"/></method><method name="setStagione" desc="(Ljavafx/scene/control/RadioButton;)V" line="818"><counter type="INSTRUCTION" missed="0" covered="14"/><counter type="LINE" missed="0" covered="4"/><counter type="COMPLEXITY" missed="0" covered="1"/><counter type="METHOD" missed="0" covered="1"/></method><method name="getTipoSupermerc" desc="()Ljavafx/scene/control/ToggleGroup;" line="824"><counter type="INSTRUCTION" missed="3" covered="0"/><counter type="LINE" missed="1" covered="0"/><counter type="COMPLEXITY" missed="1" covered="0"/><counter type="METHOD" missed="1" covered="0"/></method><method name="setTipoSupermerc" desc="(Ljavafx/scene/control/RadioButton;)V" line="828"><counter type="INSTRUCTION" missed="0" covered="14"/><counter type="LINE" missed="0" covered="4"/><counter type="COMPLEXITY" missed="0" covered="1"/><counter type="METHOD" missed="0" covered="1"/></method><method name="setFestivita" desc="(Ljavafx/scene/control/ToggleGroup;)V" line="834"><counter type="INSTRUCTION" missed="0" covered="4"/><counter type="LINE" missed="0" covered="2"/><counter type="COMPLEXITY" missed="0" covered="1"/><counter type="METHOD" missed="0" covered="1"/></method><method name="setFestivita" desc="(Ljavafx/scene/control/RadioButton;)V" line="838"><counter type="INSTRUCTION" missed="0" covered="14"/><counter type="LINE" missed="0" covered="4"/><counter type="COMPLEXITY" missed="0" covered="1"/><counter type="METHOD" missed="0" covered="1"/></method><method name="setOrdineCalcolato" desc="(I)V" line="844"><counter type="INSTRUCTION" missed="3" covered="0"/><counter type="LINE" missed="2" covered="0"/><counter type="COMPLEXITY" missed="1" covered="0"/><counter type="METHOD" missed="1" covered="0"/></method><counter type="INSTRUCTION" missed="390" covered="601"/><counter type="BRANCH" missed="0" covered="48"/><counter type="LINE" missed="148" covered="163"/><counter type="COMPLEXITY" missed="70" covered="61"/><counter type="METHOD" missed="70" covered="37"/><counter type="CLASS" missed="0" covered="1"/></class><sourcefile name="MagazzinoController.java"><line nr="26" mi="0" ci="3" mb="0" cb="0"/><line nr="91" mi="0" ci="1" mb="0" cb="0"/><line nr="92" mi="0" ci="12" mb="0" cb="0"/><line nr="94" mi="0" ci="4" mb="0" cb="2"/><line nr="95" mi="0" ci="5" mb="0" cb="0"/><line nr="96" mi="0" ci="6" mb="0" cb="0"/><line nr="97" mi="0" ci="6" mb="0" cb="0"/><line nr="99" mi="0" ci="2" mb="0" cb="0"/><line nr="102" mi="0" ci="4" mb="0" cb="2"/><line nr="103" mi="0" ci="6" mb="0" cb="0"/><line nr="105" mi="0" ci="2" mb="0" cb="0"/><line nr="108" mi="0" ci="4" mb="0" cb="2"/><line nr="109" mi="0" ci="6" mb="0" cb="0"/><line nr="111" mi="0" ci="2" mb="0" cb="0"/><line nr="114" mi="0" ci="4" mb="0" cb="2"/><line nr="115" mi="0" ci="6" mb="0" cb="0"/><line nr="116" mi="0" ci="6" mb="0" cb="0"/><line nr="118" mi="0" ci="2" mb="0" cb="0"/><line nr="120" mi="0" ci="1" mb="0" cb="0"/><line nr="129" mi="2" ci="0" mb="0" cb="0"/><line nr="130" mi="1" ci="0" mb="0" cb="0"/><line nr="142" mi="1" ci="0" mb="0" cb="0"/><line nr="143" mi="2" ci="0" mb="0" cb="0"/><line nr="144" mi="1" ci="0" mb="0" cb="0"/><line nr="154" mi="2" ci="0" mb="0" cb="0"/><line nr="155" mi="1" ci="0" mb="0" cb="0"/><line nr="165" mi="2" ci="0" mb="0" cb="0"/><line nr="166" mi="1" ci="0" mb="0" cb="0"/><line nr="176" mi="2" ci="0" mb="0" cb="0"/><line nr="177" mi="1" ci="0" mb="0" cb="0"/><line nr="187" mi="2" ci="0" mb="0" cb="0"/><line nr="188" mi="1" ci="0" mb="0" cb="0"/><line nr="206" mi="0" ci="6" mb="0" cb="2"/><line nr="207" mi="0" ci="7" mb="0" cb="0"/><line nr="209" mi="0" ci="6" mb="0" cb="2"/><line nr="210" mi="0" ci="4" mb="0" cb="0"/><line nr="211" mi="0" ci="7" mb="0" cb="0"/><line nr="212" mi="0" ci="9" mb="0" cb="0"/><line nr="213" mi="0" ci="4" mb="0" cb="0"/><line nr="214" mi="0" ci="4" mb="0" cb="0"/><line nr="215" mi="0" ci="4" mb="0" cb="0"/><line nr="216" mi="0" ci="4" mb="0" cb="0"/><line nr="217" mi="3" ci="0" mb="0" cb="0"/><line nr="220" mi="0" ci="3" mb="0" cb="0"/><line nr="223" mi="0" ci="2" mb="0" cb="0"/><line nr="225" mi="0" ci="1" mb="0" cb="0"/><line nr="235" mi="7" ci="0" mb="0" cb="0"/><line nr="236" mi="2" ci="0" mb="0" cb="0"/><line nr="237" mi="2" ci="0" mb="0" cb="0"/><line nr="238" mi="1" ci="0" mb="0" cb="0"/><line nr="254" mi="0" ci="12" mb="0" cb="4"/><line nr="256" mi="0" ci="6" mb="0" cb="2"/><line nr="258" mi="0" ci="6" mb="0" cb="2"/><line nr="260" mi="0" ci="13" mb="0" cb="4"/><line nr="262" mi="0" ci="12" mb="0" cb="4"/><line nr="264" mi="0" ci="4" mb="0" cb="2"/><line nr="266" mi="0" ci="4" mb="0" cb="2"/><line nr="267" mi="0" ci="4" mb="0" cb="0"/><line nr="268" mi="0" ci="5" mb="0" cb="0"/><line nr="269" mi="0" ci="6" mb="0" cb="0"/><line nr="270" mi="0" ci="6" mb="0" cb="0"/><line nr="271" mi="0" ci="6" mb="0" cb="0"/><line nr="272" mi="0" ci="5" mb="0" cb="0"/><line nr="273" mi="0" ci="4" mb="0" cb="0"/><line nr="274" mi="0" ci="3" mb="0" cb="0"/><line nr="275" mi="0" ci="7" mb="0" cb="0"/><line nr="276" mi="3" ci="0" mb="0" cb="0"/><line nr="278" mi="0" ci="3" mb="0" cb="0"/><line nr="281" mi="0" ci="3" mb="0" cb="0"/><line nr="284" mi="0" ci="3" mb="0" cb="0"/><line nr="287" mi="0" ci="3" mb="0" cb="0"/><line nr="290" mi="0" ci="3" mb="0" cb="0"/><line nr="293" mi="0" ci="3" mb="0" cb="0"/><line nr="296" mi="0" ci="2" mb="0" cb="0"/><line nr="298" mi="0" ci="1" mb="0" cb="0"/><line nr="307" mi="2" ci="0" mb="0" cb="0"/><line nr="308" mi="2" ci="0" mb="0" cb="0"/><line nr="309" mi="2" ci="0" mb="0" cb="0"/><line nr="310" mi="1" ci="0" mb="0" cb="0"/><line nr="326" mi="0" ci="6" mb="0" cb="2"/><line nr="327" mi="0" ci="6" mb="0" cb="0"/><line nr="328" mi="0" ci="6" mb="0" cb="0"/><line nr="329" mi="0" ci="2" mb="0" cb="0"/><line nr="330" mi="3" ci="0" mb="0" cb="0"/><line nr="332" mi="0" ci="2" mb="0" cb="0"/><line nr="334" mi="0" ci="1" mb="0" cb="0"/><line nr="346" mi="0" ci="6" mb="0" cb="2"/><line nr="347" mi="0" ci="7" mb="0" cb="0"/><line nr="348" mi="3" ci="0" mb="0" cb="0"/><line nr="350" mi="0" ci="2" mb="0" cb="0"/><line nr="352" mi="0" ci="1" mb="0" cb="0"/><line nr="368" mi="0" ci="6" mb="0" cb="2"/><line nr="370" mi="0" ci="6" mb="0" cb="2"/><line nr="372" mi="0" ci="4" mb="0" cb="2"/><line nr="374" mi="0" ci="4" mb="0" cb="2"/><line nr="376" mi="0" ci="4" mb="0" cb="2"/><line nr="377" mi="0" ci="7" mb="0" cb="0"/><line nr="378" mi="0" ci="3" mb="0" cb="0"/><line nr="379" mi="0" ci="2" mb="0" cb="0"/><line nr="381" mi="0" ci="4" mb="0" cb="0"/><line nr="382" mi="0" ci="5" mb="0" cb="0"/><line nr="383" mi="0" ci="5" mb="0" cb="0"/><line nr="384" mi="0" ci="3" mb="0" cb="0"/><line nr="385" mi="0" ci="3" mb="0" cb="0"/><line nr="386" mi="3" ci="0" mb="0" cb="0"/><line nr="388" mi="0" ci="3" mb="0" cb="0"/><line nr="391" mi="0" ci="3" mb="0" cb="0"/><line nr="394" mi="0" ci="3" mb="0" cb="0"/><line nr="397" mi="0" ci="3" mb="0" cb="0"/><line nr="400" mi="0" ci="2" mb="0" cb="0"/><line nr="402" mi="0" ci="1" mb="0" cb="0"/><line nr="412" mi="2" ci="0" mb="0" cb="0"/><line nr="413" mi="1" ci="0" mb="0" cb="0"/><line nr="424" mi="4" ci="0" mb="0" cb="0"/><line nr="425" mi="5" ci="0" mb="0" cb="0"/><line nr="426" mi="3" ci="0" mb="0" cb="0"/><line nr="427" mi="2" ci="0" mb="0" cb="0"/><line nr="428" mi="2" ci="0" mb="0" cb="0"/><line nr="429" mi="2" ci="0" mb="0" cb="0"/><line nr="430" mi="1" ci="0" mb="0" cb="0"/><line nr="442" mi="0" ci="6" mb="0" cb="2"/><line nr="443" mi="0" ci="4" mb="0" cb="0"/><line nr="444" mi="0" ci="5" mb="0" cb="0"/><line nr="445" mi="0" ci="6" mb="0" cb="0"/><line nr="446" mi="0" ci="2" mb="0" cb="0"/><line nr="447" mi="0" ci="2" mb="0" cb="0"/><line nr="448" mi="2" ci="0" mb="0" cb="0"/><line nr="449" mi="1" ci="0" mb="0" cb="0"/><line nr="450" mi="0" ci="2" mb="0" cb="0"/><line nr="452" mi="0" ci="1" mb="0" cb="0"/><line nr="459" mi="3" ci="0" mb="0" cb="0"/><line nr="460" mi="1" ci="0" mb="0" cb="0"/><line nr="463" mi="3" ci="0" mb="0" cb="0"/><line nr="464" mi="1" ci="0" mb="0" cb="0"/><line nr="467" mi="3" ci="0" mb="0" cb="0"/><line nr="468" mi="1" ci="0" mb="0" cb="0"/><line nr="471" mi="3" ci="0" mb="0" cb="0"/><line nr="472" mi="1" ci="0" mb="0" cb="0"/><line nr="475" mi="0" ci="3" mb="0" cb="0"/><line nr="476" mi="0" ci="1" mb="0" cb="0"/><line nr="479" mi="0" ci="3" mb="0" cb="0"/><line nr="480" mi="0" ci="1" mb="0" cb="0"/><line nr="483" mi="0" ci="3" mb="0" cb="0"/><line nr="484" mi="0" ci="1" mb="0" cb="0"/><line nr="487" mi="0" ci="3" mb="0" cb="0"/><line nr="488" mi="0" ci="1" mb="0" cb="0"/><line nr="491" mi="0" ci="3" mb="0" cb="0"/><line nr="492" mi="0" ci="1" mb="0" cb="0"/><line nr="495" mi="0" ci="3" mb="0" cb="0"/><line nr="496" mi="0" ci="1" mb="0" cb="0"/><line nr="499" mi="0" ci="3" mb="0" cb="0"/><line nr="500" mi="0" ci="1" mb="0" cb="0"/><line nr="503" mi="3" ci="0" mb="0" cb="0"/><line nr="504" mi="1" ci="0" mb="0" cb="0"/><line nr="507" mi="3" ci="0" mb="0" cb="0"/><line nr="508" mi="1" ci="0" mb="0" cb="0"/><line nr="511" mi="3" ci="0" mb="0" cb="0"/><line nr="512" mi="1" ci="0" mb="0" cb="0"/><line nr="515" mi="3" ci="0" mb="0" cb="0"/><line nr="516" mi="1" ci="0" mb="0" cb="0"/><line nr="519" mi="3" ci="0" mb="0" cb="0"/><line nr="520" mi="1" ci="0" mb="0" cb="0"/><line nr="523" mi="3" ci="0" mb="0" cb="0"/><line nr="524" mi="1" ci="0" mb="0" cb="0"/><line nr="527" mi="3" ci="0" mb="0" cb="0"/><line nr="528" mi="1" ci="0" mb="0" cb="0"/><line nr="531" mi="3" ci="0" mb="0" cb="0"/><line nr="532" mi="1" ci="0" mb="0" cb="0"/><line nr="535" mi="3" ci="0" mb="0" cb="0"/><line nr="536" mi="1" ci="0" mb="0" cb="0"/><line nr="539" mi="3" ci="0" mb="0" cb="0"/><line nr="540" mi="1" ci="0" mb="0" cb="0"/><line nr="543" mi="3" ci="0" mb="0" cb="0"/><line nr="544" mi="1" ci="0" mb="0" cb="0"/><line nr="547" mi="3" ci="0" mb="0" cb="0"/><line nr="548" mi="1" ci="0" mb="0" cb="0"/><line nr="551" mi="0" ci="3" mb="0" cb="0"/><line nr="552" mi="0" ci="1" mb="0" cb="0"/><line nr="555" mi="0" ci="3" mb="0" cb="0"/><line nr="556" mi="0" ci="1" mb="0" cb="0"/><line nr="559" mi="0" ci="3" mb="0" cb="0"/><line nr="560" mi="0" ci="1" mb="0" cb="0"/><line nr="563" mi="0" ci="3" mb="0" cb="0"/><line nr="564" mi="0" ci="1" mb="0" cb="0"/><line nr="567" mi="2" ci="0" mb="0" cb="0"/><line nr="571" mi="0" ci="2" mb="0" cb="0"/><line nr="572" mi="0" ci="1" mb="0" cb="0"/><line nr="575" mi="2" ci="0" mb="0" cb="0"/><line nr="579" mi="0" ci="2" mb="0" cb="0"/><line nr="580" mi="0" ci="1" mb="0" cb="0"/><line nr="583" mi="3" ci="0" mb="0" cb="0"/><line nr="587" mi="0" ci="5" mb="0" cb="0"/><line nr="588" mi="0" ci="4" mb="0" cb="0"/><line nr="589" mi="0" ci="1" mb="0" cb="0"/><line nr="592" mi="3" ci="0" mb="0" cb="0"/><line nr="596" mi="0" ci="5" mb="0" cb="0"/><line nr="597" mi="0" ci="4" mb="0" cb="0"/><line nr="598" mi="0" ci="1" mb="0" cb="0"/><line nr="601" mi="3" ci="0" mb="0" cb="0"/><line nr="605" mi="0" ci="5" mb="0" cb="0"/><line nr="606" mi="0" ci="4" mb="0" cb="0"/><line nr="607" mi="0" ci="1" mb="0" cb="0"/><line nr="610" mi="3" ci="0" mb="0" cb="0"/><line nr="614" mi="0" ci="5" mb="0" cb="0"/><line nr="615" mi="0" ci="4" mb="0" cb="0"/><line nr="616" mi="0" ci="1" mb="0" cb="0"/><line nr="619" mi="0" ci="3" mb="0" cb="0"/><line nr="623" mi="5" ci="0" mb="0" cb="0"/><line nr="624" mi="4" ci="0" mb="0" cb="0"/><line nr="625" mi="1" ci="0" mb="0" cb="0"/><line nr="628" mi="0" ci="3" mb="0" cb="0"/><line nr="632" mi="5" ci="0" mb="0" cb="0"/><line nr="633" mi="4" ci="0" mb="0" cb="0"/><line nr="634" mi="1" ci="0" mb="0" cb="0"/><line nr="637" mi="0" ci="3" mb="0" cb="0"/><line nr="641" mi="5" ci="0" mb="0" cb="0"/><line nr="642" mi="4" ci="0" mb="0" cb="0"/><line nr="643" mi="1" ci="0" mb="0" cb="0"/><line nr="646" mi="3" ci="0" mb="0" cb="0"/><line nr="650" mi="5" ci="0" mb="0" cb="0"/><line nr="651" mi="4" ci="0" mb="0" cb="0"/><line nr="652" mi="1" ci="0" mb="0" cb="0"/><line nr="655" mi="3" ci="0" mb="0" cb="0"/><line nr="659" mi="5" ci="0" mb="0" cb="0"/><line nr="660" mi="4" ci="0" mb="0" cb="0"/><line nr="661" mi="1" ci="0" mb="0" cb="0"/><line nr="664" mi="0" ci="3" mb="0" cb="0"/><line nr="668" mi="5" ci="0" mb="0" cb="0"/><line nr="669" mi="4" ci="0" mb="0" cb="0"/><line nr="670" mi="1" ci="0" mb="0" cb="0"/><line nr="673" mi="3" ci="0" mb="0" cb="0"/><line nr="677" mi="5" ci="0" mb="0" cb="0"/><line nr="678" mi="4" ci="0" mb="0" cb="0"/><line nr="679" mi="1" ci="0" mb="0" cb="0"/><line nr="682" mi="3" ci="0" mb="0" cb="0"/><line nr="686" mi="0" ci="5" mb="0" cb="0"/><line nr="687" mi="0" ci="4" mb="0" cb="0"/><line nr="688" mi="0" ci="1" mb="0" cb="0"/><line nr="691" mi="3" ci="0" mb="0" cb="0"/><line nr="695" mi="0" ci="5" mb="0" cb="0"/><line nr="696" mi="0" ci="4" mb="0" cb="0"/><line nr="697" mi="0" ci="1" mb="0" cb="0"/><line nr="700" mi="3" ci="0" mb="0" cb="0"/><line nr="704" mi="5" ci="0" mb="0" cb="0"/><line nr="705" mi="4" ci="0" mb="0" cb="0"/><line nr="706" mi="1" ci="0" mb="0" cb="0"/><line nr="709" mi="3" ci="0" mb="0" cb="0"/><line nr="713" mi="5" ci="0" mb="0" cb="0"/><line nr="714" mi="4" ci="0" mb="0" cb="0"/><line nr="715" mi="1" ci="0" mb="0" cb="0"/><line nr="718" mi="3" ci="0" mb="0" cb="0"/><line nr="722" mi="5" ci="0" mb="0" cb="0"/><line nr="723" mi="4" ci="0" mb="0" cb="0"/><line nr="724" mi="1" ci="0" mb="0" cb="0"/><line nr="727" mi="3" ci="0" mb="0" cb="0"/><line nr="731" mi="5" ci="0" mb="0" cb="0"/><line nr="732" mi="4" ci="0" mb="0" cb="0"/><line nr="733" mi="1" ci="0" mb="0" cb="0"/><line nr="736" mi="3" ci="0" mb="0" cb="0"/><line nr="740" mi="5" ci="0" mb="0" cb="0"/><line nr="741" mi="4" ci="0" mb="0" cb="0"/><line nr="742" mi="1" ci="0" mb="0" cb="0"/><line nr="745" mi="3" ci="0" mb="0" cb="0"/><line nr="749" mi="5" ci="0" mb="0" cb="0"/><line nr="750" mi="4" ci="0" mb="0" cb="0"/><line nr="751" mi="1" ci="0" mb="0" cb="0"/><line nr="754" mi="3" ci="0" mb="0" cb="0"/><line nr="758" mi="5" ci="0" mb="0" cb="0"/><line nr="759" mi="4" ci="0" mb="0" cb="0"/><line nr="760" mi="1" ci="0" mb="0" cb="0"/><line nr="763" mi="3" ci="0" mb="0" cb="0"/><line nr="767" mi="5" ci="0" mb="0" cb="0"/><line nr="768" mi="4" ci="0" mb="0" cb="0"/><line nr="769" mi="1" ci="0" mb="0" cb="0"/><line nr="772" mi="3" ci="0" mb="0" cb="0"/><line nr="776" mi="5" ci="0" mb="0" cb="0"/><line nr="777" mi="4" ci="0" mb="0" cb="0"/><line nr="778" mi="1" ci="0" mb="0" cb="0"/><line nr="781" mi="3" ci="0" mb="0" cb="0"/><line nr="785" mi="5" ci="0" mb="0" cb="0"/><line nr="786" mi="4" ci="0" mb="0" cb="0"/><line nr="787" mi="1" ci="0" mb="0" cb="0"/><line nr="790" mi="2" ci="0" mb="0" cb="0"/><line nr="794" mi="3" ci="0" mb="0" cb="0"/><line nr="798" mi="0" ci="5" mb="0" cb="0"/><line nr="799" mi="0" ci="4" mb="0" cb="0"/><line nr="800" mi="0" ci="4" mb="0" cb="0"/><line nr="801" mi="0" ci="1" mb="0" cb="0"/><line nr="804" mi="3" ci="0" mb="0" cb="0"/><line nr="808" mi="0" ci="5" mb="0" cb="0"/><line nr="809" mi="0" ci="4" mb="0" cb="0"/><line nr="810" mi="0" ci="4" mb="0" cb="0"/><line nr="811" mi="0" ci="1" mb="0" cb="0"/><line nr="814" mi="3" ci="0" mb="0" cb="0"/><line nr="818" mi="0" ci="5" mb="0" cb="0"/><line nr="819" mi="0" ci="4" mb="0" cb="0"/><line nr="820" mi="0" ci="4" mb="0" cb="0"/><line nr="821" mi="0" ci="1" mb="0" cb="0"/><line nr="824" mi="3" ci="0" mb="0" cb="0"/><line nr="828" mi="0" ci="5" mb="0" cb="0"/><line nr="829" mi="0" ci="4" mb="0" cb="0"/><line nr="830" mi="0" ci="4" mb="0" cb="0"/><line nr="831" mi="0" ci="1" mb="0" cb="0"/><line nr="834" mi="0" ci="3" mb="0" cb="0"/><line nr="835" mi="0" ci="1" mb="0" cb="0"/><line nr="838" mi="0" ci="5" mb="0" cb="0"/><line nr="839" mi="0" ci="4" mb="0" cb="0"/><line nr="840" mi="0" ci="4" mb="0" cb="0"/><line nr="841" mi="0" ci="1" mb="0" cb="0"/><line nr="844" mi="2" ci="0" mb="0" cb="0"/><line nr="845" mi="1" ci="0" mb="0" cb="0"/><counter type="INSTRUCTION" missed="390" covered="601"/><counter type="BRANCH" missed="0" covered="48"/><counter type="LINE" missed="148" covered="163"/><counter type="COMPLEXITY" missed="70" covered="61"/><counter type="METHOD" missed="70" covered="37"/><counter type="CLASS" missed="0" covered="1"/></sourcefile><sourcefile name="Prodotto.java"><line nr="38" mi="0" ci="2" mb="0" cb="0"/><line nr="39" mi="0" ci="3" mb="0" cb="0"/><line nr="40" mi="0" ci="3" mb="0" cb="0"/><line nr="41" mi="0" ci="3" mb="0" cb="0"/><line nr="42" mi="0" ci="3" mb="0" cb="0"/><line nr="43" mi="0" ci="3" mb="0" cb="0"/><line nr="44" mi="0" ci="3" mb="0" cb="0"/><line nr="45" mi="0" ci="6" mb="0" cb="0"/><line nr="46" mi="0" ci="3" mb="0" cb="0"/><line nr="47" mi="0" ci="9" mb="0" cb="0"/><line nr="48" mi="0" ci="1" mb="0" cb="0"/><line nr="53" mi="0" ci="2" mb="0" cb="0"/><line nr="54" mi="0" ci="1" mb="0" cb="0"/><line nr="62" mi="0" ci="3" mb="0" cb="0"/><line nr="71" mi="0" ci="3" mb="0" cb="0"/><line nr="72" mi="0" ci="1" mb="0" cb="0"/><line nr="80" mi="0" ci="3" mb="0" cb="0"/><line nr="89" mi="0" ci="3" mb="0" cb="0"/><line nr="90" mi="0" ci="1" mb="0" cb="0"/><line nr="98" mi="0" ci="3" mb="0" cb="0"/><line nr="107" mi="0" ci="3" mb="0" cb="0"/><line nr="108" mi="0" ci="1" mb="0" cb="0"/><line nr="116" mi="0" ci="3" mb="0" cb="0"/><line nr="125" mi="0" ci="3" mb="0" cb="0"/><line nr="135" mi="0" ci="3" mb="0" cb="0"/><line nr="145" mi="0" ci="8" mb="0" cb="0"/><line nr="154" mi="0" ci="3" mb="0" cb="0"/><line nr="155" mi="0" ci="1" mb="0" cb="0"/><line nr="164" mi="0" ci="9" mb="0" cb="2"/><line nr="166" mi="0" ci="3" mb="0" cb="0"/><line nr="167" mi="0" ci="1" mb="0" cb="0"/><line nr="175" mi="0" ci="3" mb="0" cb="0"/><line nr="184" mi="0" ci="3" mb="0" cb="0"/><line nr="185" mi="0" ci="1" mb="0" cb="0"/><line nr="193" mi="0" ci="3" mb="0" cb="0"/><line nr="194" mi="0" ci="1" mb="0" cb="0"/><line nr="202" mi="0" ci="3" mb="0" cb="0"/><line nr="212" mi="0" ci="7" mb="0" cb="2"/><line nr="214" mi="0" ci="3" mb="0" cb="0"/><line nr="215" mi="0" ci="1" mb="0" cb="0"/><line nr="226" mi="0" ci="3" mb="0" cb="0"/><line nr="236" mi="0" ci="3" mb="1" cb="1"/><line nr="237" mi="0" ci="2" mb="0" cb="0"/><line nr="239" mi="0" ci="1" mb="0" cb="0"/><line nr="249" mi="0" ci="6" mb="0" cb="2"/><line nr="251" mi="0" ci="5" mb="0" cb="0"/><line nr="253" mi="0" ci="1" mb="0" cb="0"/><line nr="262" mi="0" ci="8" mb="0" cb="4"/><line nr="263" mi="0" ci="5" mb="0" cb="0"/><line nr="264" mi="0" ci="2" mb="0" cb="0"/><line nr="265" mi="0" ci="1" mb="0" cb="0"/><line nr="275" mi="0" ci="4" mb="0" cb="2"/><line nr="276" mi="0" ci="5" mb="0" cb="0"/><line nr="278" mi="0" ci="3" mb="0" cb="0"/><line nr="279" mi="0" ci="1" mb="0" cb="0"/><line nr="283" mi="0" ci="55" mb="0" cb="0"/><line nr="309" mi="0" ci="5" mb="0" cb="2"/><line nr="311" mi="0" ci="9" mb="0" cb="4"/><line nr="313" mi="0" ci="3" mb="0" cb="0"/><line nr="314" mi="0" ci="6" mb="0" cb="2"/><line nr="315" mi="0" ci="2" mb="0" cb="0"/><line nr="317" mi="0" ci="2" mb="0" cb="0"/><line nr="330" mi="3" ci="0" mb="0" cb="0"/><line nr="336" mi="3" ci="0" mb="0" cb="0"/><line nr="337" mi="1" ci="0" mb="0" cb="0"/><counter type="INSTRUCTION" missed="7" covered="254"/><counter type="BRANCH" missed="1" covered="21"/><counter type="LINE" missed="3" covered="62"/><counter type="COMPLEXITY" missed="3" covered="36"/><counter type="METHOD" missed="2" covered="26"/><counter type="CLASS" missed="0" covered="1"/></sourcefile><counter type="INSTRUCTION" missed="397" covered="855"/><counter type="BRANCH" missed="1" covered="69"/><counter type="LINE" missed="151" covered="225"/><counter type="COMPLEXITY" missed="73" covered="97"/><counter type="METHOD" missed="72" covered="63"/><counter type="CLASS" missed="0" covered="2"/></package><package name="persistenza/dao"><class name="persistenza/dao/RichiestaAcquistoDao" sourcefilename="RichiestaAcquistoDao.java"><method name="&lt;init&gt;" desc="()V" line="16"><counter type="INSTRUCTION" missed="3" covered="0"/><counter type="LINE" missed="1" covered="0"/><counter type="COMPLEXITY" missed="1" covered="0"/><counter type="METHOD" missed="1" covered="0"/></method><method name="save" desc="(Lbusiness/fornitura/RichiestaAcquisto;)V" line="27"><counter type="INSTRUCTION" missed="8" covered="55"/><counter type="LINE" missed="3" covered="14"/><counter type="COMPLEXITY" missed="0" covered="1"/><counter type="METHOD" missed="0" covered="1"/></method><counter type="INSTRUCTION" missed="11" covered="55"/><counter type="LINE" missed="4" covered="14"/><counter type="COMPLEXITY" missed="1" covered="1"/><counter type="METHOD" missed="1" covered="1"/><counter type="CLASS" missed="0" covered="1"/></class><class name="persistenza/dao/ElencaDao" sourcefilename="ElencaDao.java"><method name="&lt;init&gt;" desc="()V" line="19"><counter type="INSTRUCTION" missed="3" covered="0"/><counter type="LINE" missed="1" covered="0"/><counter type="COMPLEXITY" missed="1" covered="0"/><counter type="METHOD" missed="1" covered="0"/></method><method name="save" desc="(Lbusiness/cassa/Scontrino;)V" line="29"><counter type="INSTRUCTION" missed="8" covered="49"/><counter type="BRANCH" missed="0" covered="2"/><counter type="LINE" missed="3" covered="12"/><counter type="COMPLEXITY" missed="0" covered="2"/><counter type="METHOD" missed="0" covered="1"/></method><method name="checkCorrispondenza" desc="(JLjava/lang/String;J)V" line="63"><counter type="INSTRUCTION" missed="8" covered="32"/><counter type="BRANCH" missed="0" covered="2"/><counter type="LINE" missed="3" covered="10"/><counter type="COMPLEXITY" missed="0" covered="2"/><counter type="METHOD" missed="0" covered="1"/></method><counter type="INSTRUCTION" missed="19" covered="81"/><counter type="BRANCH" missed="0" covered="4"/><counter type="LINE" missed="7" covered="22"/><counter type="COMPLEXITY" missed="1" covered="4"/><counter type="METHOD" missed="1" covered="2"/><counter type="CLASS" missed="0" covered="1"/></class><class name="persistenza/dao/TicketDao" sourcefilename="TicketDao.java"><method name="&lt;init&gt;" desc="()V" line="16"><counter type="INSTRUCTION" missed="3" covered="0"/><counter type="LINE" missed="1" covered="0"/><counter type="COMPLEXITY" missed="1" covered="0"/><counter type="METHOD" missed="1" covered="0"/></method><method name="save" desc="(Lbusiness/assistenza/Ticket;)V" line="26"><counter type="INSTRUCTION" missed="8" covered="75"/><counter type="LINE" missed="3" covered="17"/><counter type="COMPLEXITY" missed="0" covered="1"/><counter type="METHOD" missed="0" covered="1"/></method><method name="getTicket" desc="(Ljava/lang/String;Ljava/lang/String;Ljava/lang/String;)Lbusiness/assistenza/Ticket;" line="61"><counter type="INSTRUCTION" missed="8" covered="96"/><counter type="BRANCH" missed="0" covered="2"/><counter type="LINE" missed="3" covered="20"/><counter type="COMPLEXITY" missed="0" covered="2"/><counter type="METHOD" missed="0" covered="1"/></method><counter type="INSTRUCTION" missed="19" covered="171"/><counter type="BRANCH" missed="0" covered="2"/><counter type="LINE" missed="7" covered="37"/><counter type="COMPLEXITY" missed="1" covered="3"/><counter type="METHOD" missed="1" covered="2"/><counter type="CLASS" missed="0" covered="1"/></class><class name="persistenza/dao/Query" sourcefilename="Query.java"/><class name="persistenza/dao/UtenteDao" sourcefilename="UtenteDao.java"><method name="&lt;init&gt;" desc="()V" line="18"><counter type="INSTRUCTION" missed="3" covered="0"/><counter type="LINE" missed="1" covered="0"/><counter type="COMPLEXITY" missed="1" covered="0"/><counter type="METHOD" missed="1" covered="0"/></method><method name="login" desc="(Ljava/lang/String;Ljava/lang/String;)V" line="31"><counter type="INSTRUCTION" missed="8" covered="48"/><counter type="BRANCH" missed="0" covered="2"/><counter type="LINE" missed="3" covered="11"/><counter type="COMPLEXITY" missed="0" covered="2"/><counter type="METHOD" missed="0" covered="1"/></method><counter type="INSTRUCTION" missed="11" covered="48"/><counter type="BRANCH" missed="0" covered="2"/><counter type="LINE" missed="4" covered="11"/><counter type="COMPLEXITY" missed="1" covered="2"/><counter type="METHOD" missed="1" covered="1"/><counter type="CLASS" missed="0" covered="1"/></class><class name="persistenza/dao/ProdottoDao" sourcefilename="ProdottoDao.java"><method name="&lt;init&gt;" desc="()V" line="16"><counter type="INSTRUCTION" missed="3" covered="0"/><counter type="LINE" missed="1" covered="0"/><counter type="COMPLEXITY" missed="1" covered="0"/><counter type="METHOD" missed="1" covered="0"/></method><method name="search" desc="(Ljava/lang/Long;)Lbusiness/inventario/Prodotto;" line="28"><counter type="INSTRUCTION" missed="8" covered="48"/><counter type="BRANCH" missed="0" covered="2"/><counter type="LINE" missed="3" covered="14"/><counter type="COMPLEXITY" missed="0" covered="2"/><counter type="METHOD" missed="0" covered="1"/></method><method name="leavedbquantity" desc="(Lbusiness/inventario/Prodotto;)V" line="61"><counter type="INSTRUCTION" missed="16" covered="22"/><counter type="LINE" missed="4" covered="7"/><counter type="COMPLEXITY" missed="0" covered="1"/><counter type="METHOD" missed="0" covered="1"/></method><method name="adddbquantity" desc="(ILbusiness/inventario/Prodotto;)V" line="81"><counter type="INSTRUCTION" missed="16" covered="21"/><counter type="LINE" missed="4" covered="7"/><counter type="COMPLEXITY" missed="0" covered="1"/><counter type="METHOD" missed="0" covered="1"/></method><method name="createProdotto" desc="(Lbusiness/inventario/Prodotto;)V" line="102"><counter type="INSTRUCTION" missed="0" covered="55"/><counter type="LINE" missed="0" covered="15"/><counter type="COMPLEXITY" missed="0" covered="1"/><counter type="METHOD" missed="0" covered="1"/></method><method name="modificaPrezzo" desc="(Lbusiness/inventario/Prodotto;D)V" line="128"><counter type="INSTRUCTION" missed="8" covered="21"/><counter type="LINE" missed="3" covered="7"/><counter type="COMPLEXITY" missed="0" covered="1"/><counter type="METHOD" missed="0" covered="1"/></method><method name="eliminaProdotto" desc="(Lbusiness/inventario/Prodotto;)Z" line="149"><counter type="INSTRUCTION" missed="8" covered="17"/><counter type="LINE" missed="3" covered="5"/><counter type="COMPLEXITY" missed="0" covered="1"/><counter type="METHOD" missed="0" covered="1"/></method><counter type="INSTRUCTION" missed="59" covered="184"/><counter type="BRANCH" missed="0" covered="2"/><counter type="LINE" missed="18" covered="55"/><counter type="COMPLEXITY" missed="1" covered="7"/><counter type="METHOD" missed="1" covered="6"/><counter type="CLASS" missed="0" covered="1"/></class><class name="persistenza/dao/ScontrinoDao" sourcefilename="ScontrinoDao.java"><method name="&lt;init&gt;" desc="()V" line="20"><counter type="INSTRUCTION" missed="3" covered="0"/><counter type="LINE" missed="1" covered="0"/><counter type="COMPLEXITY" missed="1" covered="0"/><counter type="METHOD" missed="1" covered="0"/></method><method name="save" desc="(Lbusiness/cassa/Scontrino;)V" line="32"><counter type="INSTRUCTION" missed="8" covered="55"/><counter type="LINE" missed="3" covered="15"/><counter type="COMPLEXITY" missed="0" covered="1"/><counter type="METHOD" missed="0" covered="1"/></method><method name="checkScontrino" desc="(JLjava/lang/String;)V" line="67"><counter type="INSTRUCTION" missed="8" covered="53"/><counter type="BRANCH" missed="0" covered="4"/><counter type="LINE" missed="3" covered="15"/><counter type="COMPLEXITY" missed="0" covered="3"/><counter type="METHOD" missed="0" covered="1"/></method><counter type="INSTRUCTION" missed="19" covered="108"/><counter type="BRANCH" missed="0" covered="4"/><counter type="LINE" missed="7" covered="30"/><counter type="COMPLEXITY" missed="1" covered="4"/><counter type="METHOD" missed="1" covered="2"/><counter type="CLASS" missed="0" covered="1"/></class><sourcefile name="ProdottoDao.java"><line nr="16" mi="3" ci="0" mb="0" cb="0"/><line nr="28" mi="0" ci="2" mb="0" cb="0"/><line nr="30" mi="0" ci="5" mb="0" cb="0"/><line nr="31" mi="0" ci="5" mb="0" cb="0"/><line nr="32" mi="0" ci="3" mb="0" cb="0"/><line nr="34" mi="0" ci="3" mb="0" cb="2"/><line nr="35" mi="0" ci="5" mb="0" cb="0"/><line nr="37" mi="0" ci="5" mb="0" cb="0"/><line nr="38" mi="0" ci="3" mb="0" cb="0"/><line nr="39" mi="0" ci="3" mb="0" cb="0"/><line nr="40" mi="0" ci="3" mb="0" cb="0"/><line nr="41" mi="0" ci="3" mb="0" cb="0"/><line nr="42" mi="0" ci="3" mb="0" cb="0"/><line nr="43" mi="0" ci="3" mb="0" cb="0"/><line nr="44" mi="0" ci="2" mb="0" cb="0"/><line nr="47" mi="1" ci="0" mb="0" cb="0"/><line nr="48" mi="2" ci="0" mb="0" cb="0"/><line nr="49" mi="5" ci="0" mb="0" cb="0"/><line nr="61" mi="0" ci="2" mb="0" cb="0"/><line nr="63" mi="0" ci="5" mb="0" cb="0"/><line nr="64" mi="0" ci="5" mb="0" cb="0"/><line nr="65" mi="0" ci="5" mb="0" cb="0"/><line nr="66" mi="0" ci="3" mb="0" cb="0"/><line nr="68" mi="1" ci="0" mb="0" cb="0"/><line nr="69" mi="2" ci="0" mb="0" cb="0"/><line nr="70" mi="8" ci="0" mb="0" cb="0"/><line nr="71" mi="5" ci="0" mb="0" cb="0"/><line nr="72" mi="0" ci="1" mb="0" cb="0"/><line nr="73" mi="0" ci="1" mb="0" cb="0"/><line nr="81" mi="0" ci="2" mb="0" cb="0"/><line nr="83" mi="0" ci="5" mb="0" cb="0"/><line nr="84" mi="0" ci="4" mb="0" cb="0"/><line nr="85" mi="0" ci="5" mb="0" cb="0"/><line nr="86" mi="0" ci="3" mb="0" cb="0"/><line nr="88" mi="1" ci="0" mb="0" cb="0"/><line nr="89" mi="2" ci="0" mb="0" cb="0"/><line nr="90" mi="8" ci="0" mb="0" cb="0"/><line nr="91" mi="5" ci="0" mb="0" cb="0"/><line nr="92" mi="0" ci="1" mb="0" cb="0"/><line nr="93" mi="0" ci="1" mb="0" cb="0"/><line nr="102" mi="0" ci="2" mb="0" cb="0"/><line nr="104" mi="0" ci="5" mb="0" cb="0"/><line nr="105" mi="0" ci="5" mb="0" cb="0"/><line nr="106" mi="0" ci="5" mb="0" cb="0"/><line nr="107" mi="0" ci="5" mb="0" cb="0"/><line nr="108" mi="0" ci="5" mb="0" cb="0"/><line nr="109" mi="0" ci="5" mb="0" cb="0"/><line nr="110" mi="0" ci="5" mb="0" cb="0"/><line nr="111" mi="0" ci="5" mb="0" cb="0"/><line nr="112" mi="0" ci="3" mb="0" cb="0"/><line nr="114" mi="0" ci="1" mb="0" cb="0"/><line nr="115" mi="0" ci="2" mb="0" cb="0"/><line nr="116" mi="0" ci="5" mb="0" cb="0"/><line nr="117" mi="0" ci="1" mb="0" cb="0"/><line nr="118" mi="0" ci="1" mb="0" cb="0"/><line nr="128" mi="0" ci="2" mb="0" cb="0"/><line nr="130" mi="0" ci="5" mb="0" cb="0"/><line nr="131" mi="0" ci="4" mb="0" cb="0"/><line nr="132" mi="0" ci="5" mb="0" cb="0"/><line nr="133" mi="0" ci="3" mb="0" cb="0"/><line nr="135" mi="1" ci="0" mb="0" cb="0"/><line nr="136" mi="2" ci="0" mb="0" cb="0"/><line nr="137" mi="5" ci="0" mb="0" cb="0"/><line nr="138" mi="0" ci="1" mb="0" cb="0"/><line nr="139" mi="0" ci="1" mb="0" cb="0"/><line nr="149" mi="0" ci="2" mb="0" cb="0"/><line nr="151" mi="0" ci="5" mb="0" cb="0"/><line nr="152" mi="0" ci="5" mb="0" cb="0"/><line nr="153" mi="0" ci="3" mb="0" cb="0"/><line nr="154" mi="0" ci="2" mb="0" cb="0"/><line nr="156" mi="1" ci="0" mb="0" cb="0"/><line nr="157" mi="2" ci="0" mb="0" cb="0"/><line nr="158" mi="5" ci="0" mb="0" cb="0"/><counter type="INSTRUCTION" missed="59" covered="184"/><counter type="BRANCH" missed="0" covered="2"/><counter type="LINE" missed="18" covered="55"/><counter type="COMPLEXITY" missed="1" covered="7"/><counter type="METHOD" missed="1" covered="6"/><counter type="CLASS" missed="0" covered="1"/></sourcefile><sourcefile name="UtenteDao.java"><line nr="18" mi="3" ci="0" mb="0" cb="0"/><line nr="31" mi="0" ci="5" mb="0" cb="0"/><line nr="32" mi="0" ci="4" mb="0" cb="0"/><line nr="33" mi="0" ci="3" mb="0" cb="0"/><line nr="34" mi="0" ci="4" mb="0" cb="0"/><line nr="35" mi="0" ci="3" mb="0" cb="0"/><line nr="36" mi="0" ci="3" mb="0" cb="2"/><line nr="37" mi="0" ci="5" mb="0" cb="0"/><line nr="39" mi="0" ci="12" mb="0" cb="0"/><line nr="40" mi="0" ci="7" mb="0" cb="0"/><line nr="42" mi="1" ci="0" mb="0" cb="0"/><line nr="43" mi="2" ci="0" mb="0" cb="0"/><line nr="44" mi="5" ci="0" mb="0" cb="0"/><line nr="45" mi="0" ci="1" mb="0" cb="0"/><line nr="46" mi="0" ci="1" mb="0" cb="0"/><counter type="I
[...]
sed="46" covered="225"/><counter type="BRANCH" missed="0" covered="6"/><counter type="LINE" missed="1" covered="56"/><counter type="COMPLEXITY" missed="1" covered="21"/><counter type="METHOD" missed="1" covered="18"/><counter type="CLASS" missed="0" covered="1"/></class><sourcefile name="Scontrino.java"><line nr="19" mi="0" ci="3" mb="0" cb="0"/><line nr="23" mi="0" ci="3" mb="0" cb="0"/><line nr="29" mi="0" ci="2" mb="0" cb="0"/><line nr="30" mi="0" ci="4" mb="0" cb="0"/><line nr="31" mi="0" ci="1" mb="0" cb="0"/><line nr="39" mi="0" ci="2" mb="0" cb="0"/><line nr="40" mi="0" ci="3" mb="0" cb="0"/><line nr="41" mi="0" ci="4" mb="0" cb="0"/><line nr="54" mi="0" ci="3" mb="0" cb="2"/><line nr="55" mi="0" ci="5" mb="0" cb="0"/><line nr="57" mi="0" ci="3" mb="0" cb="0"/><line nr="58" mi="0" ci="5" mb="0" cb="2"/><line nr="59" mi="0" ci="9" mb="0" cb="0"/><line nr="60" mi="0" ci="7" mb="0" cb="0"/><line nr="61" mi="0" ci="3" mb="0" cb="0"/><line nr="62" mi="0" ci="5" mb="0" cb="0"/><line nr="64" mi="0" ci="5" mb="0" cb="0"/><line nr="66" mi="0" ci="11" mb="0" cb="0"/><line nr="67" mi="0" ci="6" mb="0" cb="0"/><line nr="69" mi="0" ci="5" mb="0" cb="0"/><line nr="71" mi="0" ci="7" mb="0" cb="0"/><line nr="73" mi="0" ci="5" mb="0" cb="0"/><line nr="74" mi="0" ci="10" mb="0" cb="0"/><line nr="76" mi="0" ci="6" mb="0" cb="0"/><line nr="78" mi="0" ci="5" mb="0" cb="0"/><line nr="80" mi="0" ci="8" mb="0" cb="0"/><line nr="82" mi="0" ci="1" mb="0" cb="0"/><line nr="88" mi="0" ci="3" mb="0" cb="0"/><line nr="89" mi="0" ci="5" mb="0" cb="0"/><line nr="91" mi="0" ci="11" mb="0" cb="0"/><line nr="92" mi="0" ci="1" mb="0" cb="0"/><line nr="93" mi="0" ci="1" mb="0" cb="0"/><line nr="100" mi="0" ci="7" mb="0" cb="0"/><line nr="101" mi="0" ci="1" mb="0" cb="0"/><line nr="110" mi="0" ci="5" mb="0" cb="2"/><line nr="111" mi="0" ci="5" mb="0" cb="0"/><line nr="113" mi="0" ci="3" mb="0" cb="0"/><line nr="114" mi="0" ci="2" mb="0" cb="0"/><line nr="115" mi="0" ci="1" mb="0" cb="0"/><line nr="123" mi="0" ci="3" mb="0" cb="0"/><line nr="132" mi="0" ci="3" mb="0" cb="0"/><line nr="141" mi="0" ci="3" mb="0" cb="0"/><line nr="150" mi="0" ci="3" mb="0" cb="0"/><line nr="154" mi="0" ci="7" mb="0" cb="0"/><line nr="155" mi="0" ci="3" mb="0" cb="0"/><line nr="156" mi="0" ci="5" mb="0" cb="0"/><line nr="157" mi="0" ci="1" mb="0" cb="0"/><line nr="165" mi="0" ci="3" mb="0" cb="0"/><line nr="174" mi="0" ci="4" mb="0" cb="0"/><line nr="175" mi="0" ci="1" mb="0" cb="0"/><line nr="183" mi="0" ci="3" mb="0" cb="0"/><line nr="192" mi="0" ci="3" mb="0" cb="0"/><line nr="201" mi="0" ci="2" mb="0" cb="0"/><line nr="202" mi="0" ci="1" mb="0" cb="0"/><line nr="214" mi="0" ci="3" mb="0" cb="0"/><line nr="215" mi="0" ci="1" mb="0" cb="0"/><line nr="224" mi="46" ci="0" mb="0" cb="0"/><counter type="INSTRUCTION" missed="46" covered="225"/><counter type="BRANCH" missed="0" covered="6"/><counter type="LINE" missed="1" covered="56"/><counter type="COMPLEXITY" missed="1" covered="21"/><counter type="METHOD" missed="1" covered="18"/><counter type="CLASS" missed="0" covered="1"/></sourcefile><sourcefile name="CassaController.java"><line nr="23" mi="0" ci="3" mb="0" cb="0"/><line nr="41" mi="0" ci="1" mb="0" cb="0"/><line nr="42" mi="0" ci="12" mb="0" cb="0"/><line nr="44" mi="0" ci="4" mb="0" cb="2"/><line nr="45" mi="0" ci="2" mb="0" cb="2"/><line nr="46" mi="0" ci="6" mb="0" cb="0"/><line nr="48" mi="0" ci="3" mb="0" cb="0"/><line nr="51" mi="0" ci="2" mb="0" cb="0"/><line nr="54" mi="0" ci="4" mb="0" cb="2"/><line nr="55" mi="0" ci="2" mb="0" cb="0"/><line nr="56" mi="0" ci="7" mb="0" cb="0"/><line nr="58" mi="0" ci="2" mb="0" cb="0"/><line nr="61" mi="0" ci="4" mb="0" cb="2"/><line nr="62" mi="0" ci="2" mb="0" cb="2"/><line nr="63" mi="0" ci="2" mb="0" cb="0"/><line nr="64" mi="0" ci="13" mb="0" cb="0"/><line nr="65" mi="0" ci="6" mb="0" cb="0"/><line nr="67" mi="0" ci="3" mb="0" cb="0"/><line nr="70" mi="0" ci="2" mb="0" cb="0"/><line nr="72" mi="0" ci="1" mb="0" cb="0"/><line nr="83" mi="1" ci="0" mb="0" cb="0"/><line nr="84" mi="2" ci="0" mb="0" cb="0"/><line nr="85" mi="1" ci="0" mb="0" cb="0"/><line nr="94" mi="2" ci="0" mb="0" cb="0"/><line nr="95" mi="1" ci="0" mb="0" cb="0"/><line nr="104" mi="0" ci="5" mb="0" cb="4"/><line nr="105" mi="3" ci="0" mb="0" cb="0"/><line nr="107" mi="0" ci="2" mb="0" cb="0"/><line nr="109" mi="0" ci="1" mb="0" cb="0"/><line nr="117" mi="4" ci="0" mb="0" cb="0"/><line nr="118" mi="4" ci="0" mb="0" cb="0"/><line nr="119" mi="1" ci="0" mb="0" cb="0"/><line nr="131" mi="2" ci="0" mb="0" cb="0"/><line nr="132" mi="1" ci="0" mb="0" cb="0"/><line nr="144" mi="0" ci="2" mb="0" cb="2"/><line nr="145" mi="0" ci="5" mb="0" cb="0"/><line nr="147" mi="0" ci="2" mb="0" cb="0"/><line nr="150" mi="0" ci="7" mb="0" cb="0"/><line nr="151" mi="0" ci="2" mb="0" cb="0"/><line nr="152" mi="1" ci="0" mb="0" cb="0"/><line nr="153" mi="2" ci="0" mb="0" cb="0"/><line nr="154" mi="2" ci="0" mb="0" cb="0"/><line nr="155" mi="0" ci="1" mb="0" cb="0"/><line nr="156" mi="0" ci="1" mb="0" cb="0"/><line nr="170" mi="0" ci="6" mb="0" cb="2"/><line nr="172" mi="0" ci="6" mb="0" cb="0"/><line nr="173" mi="2" ci="0" mb="0" cb="0"/><line nr="174" mi="1" ci="0" mb="0" cb="0"/><line nr="175" mi="2" ci="0" mb="0" cb="0"/><line nr="176" mi="2" ci="0" mb="0" cb="0"/><line nr="177" mi="2" ci="0" mb="0" cb="0"/><line nr="179" mi="0" ci="2" mb="0" cb="0"/><line nr="181" mi="0" ci="1" mb="0" cb="0"/><line nr="195" mi="2" ci="0" mb="0" cb="0"/><line nr="196" mi="2" ci="0" mb="0" cb="0"/><line nr="197" mi="2" ci="0" mb="0" cb="0"/><line nr="198" mi="2" ci="0" mb="0" cb="0"/><line nr="199" mi="1" ci="0" mb="0" cb="0"/><line nr="206" mi="0" ci="2" mb="0" cb="0"/><line nr="210" mi="0" ci="2" mb="0" cb="0"/><line nr="211" mi="0" ci="1" mb="0" cb="0"/><line nr="214" mi="3" ci="0" mb="0" cb="0"/><line nr="218" mi="0" ci="3" mb="0" cb="0"/><line nr="219" mi="0" ci="1" mb="0" cb="0"/><line nr="222" mi="0" ci="3" mb="0" cb="0"/><line nr="226" mi="0" ci="3" mb="0" cb="0"/><line nr="227" mi="0" ci="1" mb="0" cb="0"/><line nr="230" mi="3" ci="0" mb="0" cb="0"/><line nr="234" mi="0" ci="3" mb="0" cb="0"/><line nr="235" mi="0" ci="1" mb="0" cb="0"/><line nr="238" mi="0" ci="3" mb="0" cb="0"/><line nr="242" mi="0" ci="3" mb="0" cb="0"/><line nr="243" mi="0" ci="1" mb="0" cb="0"/><line nr="246" mi="0" ci="3" mb="0" cb="0"/><line nr="250" mi="0" ci="3" mb="0" cb="0"/><line nr="251" mi="0" ci="1" mb="0" cb="0"/><line nr="254" mi="0" ci="3" mb="0" cb="0"/><line nr="258" mi="0" ci="3" mb="0" cb="0"/><line nr="259" mi="0" ci="1" mb="0" cb="0"/><counter type="INSTRUCTION" missed="51" covered="165"/><counter type="BRANCH" missed="0" covered="18"/><counter type="LINE" missed="26" covered="53"/><counter type="COMPLEXITY" missed="7" covered="26"/><counter type="METHOD" missed="7" covered="17"/><counter type="CLASS" missed="0" covered="1"/></sourcefile><counter type="INSTRUCTION" missed="97" covered="390"/><counter type="BRANCH" missed="0" covered="24"/><counter type="LINE" missed="27" covered="109"/><counter type="COMPLEXITY" missed="8" covered="47"/><counter type="METHOD" missed="8" covered="35"/><counter type="CLASS" missed="0" covered="2"/></package><package name="exceptions"><class name="exceptions/UtenteException" sourcefilename="UtenteException.java"><method name="&lt;init&gt;" desc="(Ljava/lang/String;)V" line="11"><counter type="INSTRUCTION" missed="0" covered="6"/><counter type="LINE" missed="0" covered="3"/><counter type="COMPLEXITY" missed="0" covered="1"/><counter type="METHOD" missed="0" covered="1"/></method><counter type="INSTRUCTION" missed="0" covered="6"/><counter type="LINE" missed="0" covered="3"/><counter type="COMPLEXITY" missed="0" covered="1"/><counter type="METHOD" missed="0" covered="1"/><counter type="CLASS" missed="0" covered="1"/></class><class name="exceptions/UtenteNotAuthorizedException" sourcefilename="UtenteNotAuthorizedException.java"><method name="&lt;init&gt;" desc="(Ljava/lang/String;)V" line="8"><counter type="INSTRUCTION" missed="0" covered="4"/><counter type="LINE" missed="0" covered="2"/><counter type="COMPLEXITY" missed="0" covered="1"/><counter type="METHOD" missed="0" covered="1"/></method><counter type="INSTRUCTION" missed="0" covered="4"/><counter type="LINE" missed="0" covered="2"/><counter type="COMPLEXITY" missed="0" covered="1"/><counter type="METHOD" missed="0" covered="1"/><counter type="CLASS" missed="0" covered="1"/></class><class name="exceptions/ScontrinoNotFoundException" sourcefilename="ScontrinoNotFoundException.java"><method name="&lt;init&gt;" desc="(Ljava/lang/String;)V" line="9"><counter type="INSTRUCTION" missed="0" covered="4"/><counter type="LINE" missed="0" covered="2"/><counter type="COMPLEXITY" missed="0" covered="1"/><counter type="METHOD" missed="0" covered="1"/></method><counter type="INSTRUCTION" missed="0" covered="4"/><counter type="LINE" missed="0" covered="2"/><counter type="COMPLEXITY" missed="0" covered="1"/><counter type="METHOD" missed="0" covered="1"/><counter type="CLASS" missed="0" covered="1"/></class><class name="exceptions/UtenteNotFoundException" sourcefilename="UtenteNotFoundException.java"><method name="&lt;init&gt;" desc="(Ljava/lang/String;)V" line="8"><counter type="INSTRUCTION" missed="0" covered="4"/><counter type="LINE" missed="0" covered="2"/><counter type="COMPLEXITY" missed="0" covered="1"/><counter type="METHOD" missed="0" covered="1"/></method><counter type="INSTRUCTION" missed="0" covered="4"/><counter type="LINE" missed="0" covered="2"/><counter type="COMPLEXITY" missed="0" covered="1"/><counter type="METHOD" missed="0" covered="1"/><counter type="CLASS" missed="0" covered="1"/></class><class name="exceptions/DatabaseException" sourcefilename="DatabaseException.java"><method name="&lt;init&gt;" desc="(Ljava/lang/String;)V" line="10"><counter type="INSTRUCTION" missed="0" covered="6"/><counter type="LINE" missed="0" covered="3"/><counter type="COMPLEXITY" missed="0" covered="1"/><counter type="METHOD" missed="0" covered="1"/></method><counter type="INSTRUCTION" missed="0" covered="6"/><counter type="LINE" missed="0" covered="3"/><counter type="COMPLEXITY" missed="0" covered="1"/><counter type="METHOD" missed="0" covered="1"/><counter type="CLASS" missed="0" covered="1"/></class><class name="exceptions/ScontrinoNonValidoException" sourcefilename="ScontrinoNonValidoException.java"><method name="&lt;init&gt;" desc="(Ljava/lang/String;)V" line="8"><counter type="INSTRUCTION" missed="0" covered="4"/><counter type="LINE" missed="0" covered="2"/><counter type="COMPLEXITY" missed="0" covered="1"/><counter type="METHOD" missed="0" covered="1"/></method><counter type="INSTRUCTION" missed="0" covered="4"/><counter type="LINE" missed="0" covered="2"/><counter type="COMPLEXITY" missed="0" covered="1"/><counter type="METHOD" missed="0" covered="1"/><counter type="CLASS" missed="0" covered="1"/></class><class name="exceptions/TicketNotFoundException" sourcefilename="TicketNotFoundException.java"><method name="&lt;init&gt;" desc="(Ljava/lang/String;)V" line="8"><counter type="INSTRUCTION" missed="0" covered="4"/><counter type="LINE" missed="0" covered="2"/><counter type="COMPLEXITY" missed="0" covered="1"/><counter type="METHOD" missed="0" covered="1"/></method><counter type="INSTRUCTION" missed="0" covered="4"/><counter type="LINE" missed="0" covered="2"/><counter type="COMPLEXITY" missed="0" covered="1"/><counter type="METHOD" missed="0" covered="1"/><counter type="CLASS" missed="0" covered="1"/></class><class name="exceptions/ProdottoNotFoundException" sourcefilename="ProdottoNotFoundException.java"><method name="&lt;init&gt;" desc="(Ljava/lang/String;)V" line="10"><counter type="INSTRUCTION" missed="0" covered="4"/><counter type="LINE" missed="0" covered="2"/><counter type="COMPLEXITY" missed="0" covered="1"/><counter type="METHOD" missed="0" covered="1"/></method><counter type="INSTRUCTION" missed="0" covered="4"/><counter type="LINE" missed="0" covered="2"/><counter type="COMPLEXITY" missed="0" covered="1"/><counter type="METHOD" missed="0" covered="1"/><counter type="CLASS" missed="0" covered="1"/></class><class name="exceptions/ElencaException" sourcefilename="ElencaException.java"><method name="&lt;init&gt;" desc="(Ljava/lang/String;)V" line="10"><counter type="INSTRUCTION" missed="0" covered="6"/><counter type="LINE" missed="0" covered="3"/><counter type="COMPLEXITY" missed="0" covered="1"/><counter type="METHOD" missed="0" covered="1"/></method><counter type="INSTRUCTION" missed="0" covered="6"/><counter type="LINE" missed="0" covered="3"/><counter type="COMPLEXITY" missed="0" covered="1"/><counter type="METHOD" missed="0" covered="1"/><counter type="CLASS" missed="0" covered="1"/></class><class name="exceptions/ScontrinoException" sourcefilename="ScontrinoException.java"><method name="&lt;init&gt;" desc="(Ljava/lang/String;)V" line="10"><counter type="INSTRUCTION" missed="0" covered="6"/><counter type="LINE" missed="0" covered="3"/><counter type="COMPLEXITY" missed="0" covered="1"/><counter type="METHOD" missed="0" covered="1"/></method><counter type="INSTRUCTION" missed="0" covered="6"/><counter type="LINE" missed="0" covered="3"/><counter type="COMPLEXITY" missed="0" covered="1"/><counter type="METHOD" missed="0" covered="1"/><counter type="CLASS" missed="0" covered="1"/></class><class name="exceptions/TicketException" sourcefilename="TicketException.java"><method name="&lt;init&gt;" desc="(Ljava/lang/String;)V" line="10"><counter type="INSTRUCTION" missed="0" covered="6"/><counter type="LINE" missed="0" covered="3"/><counter type="COMPLEXITY" missed="0" covered="1"/><counter type="METHOD" missed="0" covered="1"/></method><counter type="INSTRUCTION" missed="0" covered="6"/><counter type="LINE" missed="0" covered="3"/><counter type="COMPLEXITY" missed="0" covered="1"/><counter type="METHOD" missed="0" covered="1"/><counter type="CLASS" missed="0" covered="1"/></class><class name="exceptions/ProdottoException" sourcefilename="ProdottoException.java"><method name="&lt;init&gt;" desc="(Ljava/lang/String;)V" line="10"><counter type="INSTRUCTION" missed="0" covered="6"/><counter type="LINE" missed="0" covered="3"/><counter type="COMPLEXITY" missed="0" covered="1"/><counter type="METHOD" missed="0" covered="1"/></method><counter type="INSTRUCTION" missed="0" covered="6"/><counter type="LINE" missed="0" covered="3"/><counter type="COMPLEXITY" missed="0" covered="1"/><counter type="METHOD" missed="0" covered="1"/><counter type="CLASS" missed="0" covered="1"/></class><sourcefile name="TicketNotFoundException.java"><line nr="8" mi="0" ci="3" mb="0" cb="0"/><line nr="9" mi="0" ci="1" mb="0" cb="0"/><counter type="INSTRUCTION" missed="0" covered="4"/><counter type="LINE" missed="0" covered="2"/><counter type="COMPLEXITY" missed="0" covered="1"/><counter type="METHOD" missed="0" covered="1"/><counter type="CLASS" missed="0" covered="1"/></sourcefile><sourcefile name="ProdottoNotFoundException.java"><line nr="10" mi="0" ci="3" mb="0" cb="0"/><line nr="11" mi="0" ci="1" mb="0" cb="0"/><counter type="INSTRUCTION" missed="0" covered="4"/><counter type="LINE" missed="0" covered="2"/><counter type="COMPLEXITY" missed="0" covered="1"/><counter type="METHOD" missed="0" covered="1"/><counter type="CLASS" missed="0" covered="1"/></sourcefile><sourcefile name="ProdottoException.java"><line nr="10" mi="0" ci="3" mb="0" cb="0"/><line nr="11" mi="0" ci="2" mb="0" cb="0"/><line nr="12" mi="0" ci="1" mb="0" cb="0"/><counter type="INSTRUCTION" missed="0" covered="6"/><counter type="LINE" missed="0" covered="3"/><counter type="COMPLEXITY" missed="0" covered="1"/><counter type="METHOD" missed="0" covered="1"/><counter type="CLASS" missed="0" covered="1"/></sourcefile><sourcefile name="TicketException.java"><line nr="10" mi="0" ci="3" mb="0" cb="0"/><line nr="11" mi="0" ci="2" mb="0" cb="0"/><line nr="12" mi="0" ci="1" mb="0" cb="0"/><counter type="INSTRUCTION" missed="0" covered="6"/><counter type="LINE" missed="0" covered="3"/><counter type="COMPLEXITY" missed="0" covered="1"/><counter type="METHOD" missed="0" covered="1"/><counter type="CLASS" missed="0" covered="1"/></sourcefile><sourcefile name="UtenteException.java"><line nr="11" mi="0" ci="3" mb="0" cb="0"/><line nr="12" mi="0" ci="2" mb="0" cb="0"/><line nr="13" mi="0" ci="1" mb="0" cb="0"/><counter type="INSTRUCTION" missed="0" covered="6"/><counter type="LINE" missed="0" covered="3"/><counter type="COMPLEXITY" missed="0" covered="1"/><counter type="METHOD" missed="0" covered="1"/><counter type="CLASS" missed="0" covered="1"/></sourcefile><sourcefile name="ScontrinoNotFoundException.java"><line nr="9" mi="0" ci="3" mb="0" cb="0"/><line nr="10" mi="0" ci="1" mb="0" cb="0"/><counter type="INSTRUCTION" missed="0" covered="4"/><counter type="LINE" missed="0" covered="2"/><counter type="COMPLEXITY" missed="0" covered="1"/><counter type="METHOD" missed="0" covered="1"/><counter type="CLASS" missed="0" covered="1"/></sourcefile><sourcefile name="ScontrinoNonValidoException.java"><line nr="8" mi="0" ci="3" mb="0" cb="0"/><line nr="9" mi="0" ci="1" mb="0" cb="0"/><counter type="INSTRUCTION" missed="0" covered="4"/><counter type="LINE" missed="0" covered="2"/><counter type="COMPLEXITY" missed="0" covered="1"/><counter type="METHOD" missed="0" covered="1"/><counter type="CLASS" missed="0" covered="1"/></sourcefile><sourcefile name="DatabaseException.java"><line nr="10" mi="0" ci="3" mb="0" cb="0"/><line nr="11" mi="0" ci="2" mb="0" cb="0"/><line nr="12" mi="0" ci="1" mb="0" cb="0"/><counter type="INSTRUCTION" missed="0" covered="6"/><counter type="LINE" missed="0" covered="3"/><counter type="COMPLEXITY" missed="0" covered="1"/><counter type="METHOD" missed="0" covered="1"/><counter type="CLASS" missed="0" covered="1"/></sourcefile><sourcefile name="ScontrinoException.java"><line nr="10" mi="0" ci="3" mb="0" cb="0"/><line nr="11" mi="0" ci="2" mb="0" cb="0"/><line nr="12" mi="0" ci="1" mb="0" cb="0"/><counter type="INSTRUCTION" missed="0" covered="6"/><counter type="LINE" missed="0" covered="3"/><counter type="COMPLEXITY" missed="0" covered="1"/><counter type="METHOD" missed="0" covered="1"/><counter type="CLASS" missed="0" covered="1"/></sourcefile><sourcefile name="UtenteNotAuthorizedException.java"><line nr="8" mi="0" ci="3" mb="0" cb="0"/><line nr="9" mi="0" ci="1" mb="0" cb="0"/><counter type="INSTRUCTION" missed="0" covered="4"/><counter type="LINE" missed="0" covered="2"/><counter type="COMPLEXITY" missed="0" covered="1"/><counter type="METHOD" missed="0" covered="1"/><counter type="CLASS" missed="0" covered="1"/></sourcefile><sourcefile name="UtenteNotFoundException.java"><line nr="8" mi="0" ci="3" mb="0" cb="0"/><line nr="9" mi="0" ci="1" mb="0" cb="0"/><counter type="INSTRUCTION" missed="0" covered="4"/><counter type="LINE" missed="0" covered="2"/><counter type="COMPLEXITY" missed="0" covered="1"/><counter type="METHOD" missed="0" covered="1"/><counter type="CLASS" missed="0" covered="1"/></sourcefile><sourcefile name="ElencaException.java"><line nr="10" mi="0" ci="3" mb="0" cb="0"/><line nr="11" mi="0" ci="2" mb="0" cb="0"/><line nr="12" mi="0" ci="1" mb="0" cb="0"/><counter type="INSTRUCTION" missed="0" covered="6"/><counter type="LINE" missed="0" covered="3"/><counter type="COMPLEXITY" missed="0" covered="1"/><counter type="METHOD" missed="0" covered="1"/><counter type="CLASS" missed="0" covered="1"/></sourcefile><counter type="INSTRUCTION" missed="0" covered="60"/><counter type="LINE" missed="0" covered="30"/><counter type="COMPLEXITY" missed="0" covered="12"/><counter type="METHOD" missed="0" covered="12"/><counter type="CLASS" missed="0" covered="12"/></package><counter type="INSTRUCTION" missed="994" covered="2579"/><counter type="BRANCH" missed="1" covered="159"/><counter type="LINE" missed="311" covered="758"/><counter type="COMPLEXITY" missed="127" covered="283"/><counter type="METHOD" missed="126" covered="204"/><counter type="CLASS" missed="0" covered="30"/></report>