<?xml version="1.0" encoding="UTF-8" ?>
<testsuite tests="7" failures="0" name="start.UtenzaControllerTest" time="0.101" errors="0" skipped="0">
  <properties>
[...]
</properties>
  <testcase classname="start.UtenzaControllerTest" name="checkLoginCorrettoAssistenzaCliccatoAsssistenzaFalse" time="0.004"/>
  <testcase classname="start.UtenzaControllerTest" name="checkLoginSbaliatoCassaIsCassaFalse" time="0.002"/>
  <testcase classname="start.UtenzaControllerTest" name="checkLoginCorrettoCassaCassaFalse" time="0.003"/>
  <testcase classname="start.UtenzaControllerTest" name="checkLoginCorrettoAssistenzaIsAssistenzaFalse" time="0.002"/>
  <testcase classname="start.UtenzaControllerTest" name="checkLoginCorrettoCassa" time="0.046"/>
  <testcase classname="start.UtenzaControllerTest" name="checkLoginSbagliato" time="0.003"/>
  <testcase classname="start.UtenzaControllerTest" name="checkLoginCorrettoAssistenza" time="0.041"/>
</testsuite>